{"E:\\FINAL PROJECT\\front-end-tanker-squad\\src\\App.js": {"path":"E:\\FINAL PROJECT\\front-end-tanker-squad\\src\\App.js","statementMap":{"0":{"start":{"line":51,"column":8},"end":{"line":95,"column":9}},"1":{"start":{"line":84,"column":68},"end":{"line":84,"column":96}},"2":{"start":{"line":85,"column":68},"end":{"line":85,"column":96}},"3":{"start":{"line":86,"column":63},"end":{"line":86,"column":84}},"4":{"start":{"line":87,"column":64},"end":{"line":87,"column":87}},"5":{"start":{"line":88,"column":64},"end":{"line":88,"column":87}},"6":{"start":{"line":90,"column":43},"end":{"line":90,"column":69}},"7":{"start":{"line":92,"column":41},"end":{"line":92,"column":52}}},"fnMap":{"0":{"name":"(anonymous_0)","decl":{"start":{"line":50,"column":4},"end":{"line":50,"column":5}},"loc":{"start":{"line":50,"column":13},"end":{"line":96,"column":5}},"line":50},"1":{"name":"(anonymous_1)","decl":{"start":{"line":84,"column":57},"end":{"line":84,"column":58}},"loc":{"start":{"line":84,"column":68},"end":{"line":84,"column":96}},"line":84},"2":{"name":"(anonymous_2)","decl":{"start":{"line":85,"column":57},"end":{"line":85,"column":58}},"loc":{"start":{"line":85,"column":68},"end":{"line":85,"column":96}},"line":85},"3":{"name":"(anonymous_3)","decl":{"start":{"line":86,"column":52},"end":{"line":86,"column":53}},"loc":{"start":{"line":86,"column":63},"end":{"line":86,"column":84}},"line":86},"4":{"name":"(anonymous_4)","decl":{"start":{"line":87,"column":53},"end":{"line":87,"column":54}},"loc":{"start":{"line":87,"column":64},"end":{"line":87,"column":87}},"line":87},"5":{"name":"(anonymous_5)","decl":{"start":{"line":88,"column":53},"end":{"line":88,"column":54}},"loc":{"start":{"line":88,"column":64},"end":{"line":88,"column":87}},"line":88},"6":{"name":"(anonymous_6)","decl":{"start":{"line":90,"column":32},"end":{"line":90,"column":33}},"loc":{"start":{"line":90,"column":43},"end":{"line":90,"column":69}},"line":90},"7":{"name":"(anonymous_7)","decl":{"start":{"line":92,"column":35},"end":{"line":92,"column":36}},"loc":{"start":{"line":92,"column":41},"end":{"line":92,"column":52}},"line":92}},"branchMap":{},"s":{"0":0,"1":0,"2":0,"3":0,"4":0,"5":0,"6":0,"7":0},"f":{"0":0,"1":0,"2":0,"3":0,"4":0,"5":0,"6":0,"7":0},"b":{},"hash":"1f0a952d0482072b4c5dc9734e37e1726e1644f9"}
,"E:\\FINAL PROJECT\\front-end-tanker-squad\\src\\index.js": {"path":"E:\\FINAL PROJECT\\front-end-tanker-squad\\src\\index.js","statementMap":{"0":{"start":{"line":8,"column":35},"end":{"line":8,"column":51}},"1":{"start":{"line":9,"column":0},"end":{"line":15,"column":39}}},"fnMap":{},"branchMap":{},"s":{"0":0,"1":0},"f":{},"b":{},"hash":"e58a0351df8f1ca1c5f4ca2371a773b98dc8e5e4"}
,"E:\\FINAL PROJECT\\front-end-tanker-squad\\src\\actions\\class\\index.js": {"path":"E:\\FINAL PROJECT\\front-end-tanker-squad\\src\\actions\\class\\index.js","statementMap":{"0":{"start":{"line":1,"column":23},"end":{"line":6,"column":1}},"1":{"start":{"line":2,"column":4},"end":{"line":5,"column":6}},"2":{"start":{"line":8,"column":29},"end":{"line":13,"column":1}},"3":{"start":{"line":9,"column":4},"end":{"line":12,"column":5}},"4":{"start":{"line":16,"column":34},"end":{"line":21,"column":1}},"5":{"start":{"line":17,"column":4},"end":{"line":20,"column":5}}},"fnMap":{"0":{"name":"(anonymous_0)","decl":{"start":{"line":1,"column":23},"end":{"line":1,"column":24}},"loc":{"start":{"line":1,"column":31},"end":{"line":6,"column":1}},"line":1},"1":{"name":"(anonymous_1)","decl":{"start":{"line":8,"column":29},"end":{"line":8,"column":30}},"loc":{"start":{"line":8,"column":48},"end":{"line":13,"column":1}},"line":8},"2":{"name":"(anonymous_2)","decl":{"start":{"line":16,"column":34},"end":{"line":16,"column":35}},"loc":{"start":{"line":16,"column":58},"end":{"line":21,"column":1}},"line":16}},"branchMap":{},"s":{"0":5,"1":1,"2":5,"3":1,"4":5,"5":1},"f":{"0":1,"1":1,"2":1},"b":{},"_coverageSchema":"43e27e138ebf9cfc5966b082cf9a028302ed4184","hash":"0981688727edb04992b3e578bd4c525a29a89e32"}
,"E:\\FINAL PROJECT\\front-end-tanker-squad\\src\\actions\\image\\index.js": {"path":"E:\\FINAL PROJECT\\front-end-tanker-squad\\src\\actions\\image\\index.js","statementMap":{"0":{"start":{"line":1,"column":35},"end":{"line":6,"column":1}},"1":{"start":{"line":2,"column":4},"end":{"line":5,"column":5}},"2":{"start":{"line":8,"column":28},"end":{"line":13,"column":1}},"3":{"start":{"line":9,"column":4},"end":{"line":12,"column":5}}},"fnMap":{"0":{"name":"(anonymous_0)","decl":{"start":{"line":1,"column":35},"end":{"line":1,"column":36}},"loc":{"start":{"line":1,"column":60},"end":{"line":6,"column":1}},"line":1},"1":{"name":"(anonymous_1)","decl":{"start":{"line":8,"column":28},"end":{"line":8,"column":29}},"loc":{"start":{"line":8,"column":46},"end":{"line":13,"column":1}},"line":8}},"branchMap":{},"s":{"0":6,"1":1,"2":6,"3":1},"f":{"0":1,"1":1},"b":{},"_coverageSchema":"43e27e138ebf9cfc5966b082cf9a028302ed4184","hash":"bc4bf3fa39b63ef41293a04abdb2d192c1af1bfc"}
,"E:\\FINAL PROJECT\\front-end-tanker-squad\\src\\actions\\navbar\\index.js": {"path":"E:\\FINAL PROJECT\\front-end-tanker-squad\\src\\actions\\navbar\\index.js","statementMap":{"0":{"start":{"line":1,"column":27},"end":{"line":6,"column":1}},"1":{"start":{"line":2,"column":4},"end":{"line":5,"column":5}}},"fnMap":{"0":{"name":"(anonymous_0)","decl":{"start":{"line":1,"column":27},"end":{"line":1,"column":28}},"loc":{"start":{"line":1,"column":44},"end":{"line":6,"column":1}},"line":1}},"branchMap":{},"s":{"0":3,"1":1},"f":{"0":1},"b":{},"_coverageSchema":"43e27e138ebf9cfc5966b082cf9a028302ed4184","hash":"e5d2517ea207e81639f61b4f452386a485c76109"}
,"E:\\FINAL PROJECT\\front-end-tanker-squad\\src\\actions\\payment\\index.js": {"path":"E:\\FINAL PROJECT\\front-end-tanker-squad\\src\\actions\\payment\\index.js","statementMap":{"0":{"start":{"line":1,"column":35},"end":{"line":6,"column":1}},"1":{"start":{"line":2,"column":4},"end":{"line":5,"column":5}}},"fnMap":{"0":{"name":"(anonymous_0)","decl":{"start":{"line":1,"column":35},"end":{"line":1,"column":36}},"loc":{"start":{"line":1,"column":60},"end":{"line":6,"column":1}},"line":1}},"branchMap":{},"s":{"0":2,"1":1},"f":{"0":1},"b":{},"_coverageSchema":"43e27e138ebf9cfc5966b082cf9a028302ed4184","hash":"6276bc0e7b097825c48085befa32e870f64bc55a"}
,"E:\\FINAL PROJECT\\front-end-tanker-squad\\src\\actions\\saldo\\index.js": {"path":"E:\\FINAL PROJECT\\front-end-tanker-squad\\src\\actions\\saldo\\index.js","statementMap":{"0":{"start":{"line":1,"column":31},"end":{"line":6,"column":1}},"1":{"start":{"line":2,"column":4},"end":{"line":5,"column":5}}},"fnMap":{"0":{"name":"(anonymous_0)","decl":{"start":{"line":1,"column":31},"end":{"line":1,"column":32}},"loc":{"start":{"line":1,"column":46},"end":{"line":6,"column":1}},"line":1}},"branchMap":{},"s":{"0":2,"1":1},"f":{"0":1},"b":{},"_coverageSchema":"43e27e138ebf9cfc5966b082cf9a028302ed4184","hash":"a3fb0279039373050c0f8ef5f5f4ee9f2c84bdae"}
,"E:\\FINAL PROJECT\\front-end-tanker-squad\\src\\actions\\subject\\index.js": {"path":"E:\\FINAL PROJECT\\front-end-tanker-squad\\src\\actions\\subject\\index.js","statementMap":{"0":{"start":{"line":1,"column":35},"end":{"line":6,"column":1}},"1":{"start":{"line":2,"column":4},"end":{"line":5,"column":6}}},"fnMap":{"0":{"name":"(anonymous_0)","decl":{"start":{"line":1,"column":35},"end":{"line":1,"column":36}},"loc":{"start":{"line":1,"column":48},"end":{"line":6,"column":1}},"line":1}},"branchMap":{},"s":{"0":3,"1":1},"f":{"0":1},"b":{},"_coverageSchema":"43e27e138ebf9cfc5966b082cf9a028302ed4184","hash":"52692c33648fabd1e574e0e611f7927c73da00ce"}
,"E:\\FINAL PROJECT\\front-end-tanker-squad\\src\\actions\\token\\index.js": {"path":"E:\\FINAL PROJECT\\front-end-tanker-squad\\src\\actions\\token\\index.js","statementMap":{"0":{"start":{"line":1,"column":27},"end":{"line":6,"column":1}},"1":{"start":{"line":2,"column":4},"end":{"line":5,"column":6}}},"fnMap":{"0":{"name":"(anonymous_0)","decl":{"start":{"line":1,"column":27},"end":{"line":1,"column":28}},"loc":{"start":{"line":1,"column":38},"end":{"line":6,"column":1}},"line":1}},"branchMap":{},"s":{"0":4,"1":1},"f":{"0":1},"b":{},"_coverageSchema":"43e27e138ebf9cfc5966b082cf9a028302ed4184","hash":"13e4426d6a156c4f5e3dc240b3ea759bf61474e2"}
,"E:\\FINAL PROJECT\\front-end-tanker-squad\\src\\actions\\trainee\\index.js": {"path":"E:\\FINAL PROJECT\\front-end-tanker-squad\\src\\actions\\trainee\\index.js","statementMap":{"0":{"start":{"line":1,"column":36},"end":{"line":6,"column":1}},"1":{"start":{"line":2,"column":4},"end":{"line":5,"column":6}},"2":{"start":{"line":8,"column":30},"end":{"line":13,"column":1}},"3":{"start":{"line":9,"column":4},"end":{"line":12,"column":6}},"4":{"start":{"line":15,"column":32},"end":{"line":20,"column":1}},"5":{"start":{"line":16,"column":4},"end":{"line":19,"column":6}},"6":{"start":{"line":22,"column":32},"end":{"line":27,"column":1}},"7":{"start":{"line":23,"column":4},"end":{"line":26,"column":6}},"8":{"start":{"line":29,"column":30},"end":{"line":34,"column":1}},"9":{"start":{"line":30,"column":4},"end":{"line":33,"column":6}},"10":{"start":{"line":36,"column":35},"end":{"line":41,"column":1}},"11":{"start":{"line":37,"column":4},"end":{"line":40,"column":6}},"12":{"start":{"line":43,"column":32},"end":{"line":48,"column":1}},"13":{"start":{"line":44,"column":4},"end":{"line":47,"column":6}},"14":{"start":{"line":50,"column":31},"end":{"line":55,"column":1}},"15":{"start":{"line":51,"column":4},"end":{"line":54,"column":6}}},"fnMap":{"0":{"name":"(anonymous_0)","decl":{"start":{"line":1,"column":36},"end":{"line":1,"column":37}},"loc":{"start":{"line":1,"column":50},"end":{"line":6,"column":1}},"line":1},"1":{"name":"(anonymous_1)","decl":{"start":{"line":8,"column":30},"end":{"line":8,"column":31}},"loc":{"start":{"line":8,"column":39},"end":{"line":13,"column":1}},"line":8},"2":{"name":"(anonymous_2)","decl":{"start":{"line":15,"column":32},"end":{"line":15,"column":33}},"loc":{"start":{"line":15,"column":43},"end":{"line":20,"column":1}},"line":15},"3":{"name":"(anonymous_3)","decl":{"start":{"line":22,"column":32},"end":{"line":22,"column":33}},"loc":{"start":{"line":22,"column":43},"end":{"line":27,"column":1}},"line":22},"4":{"name":"(anonymous_4)","decl":{"start":{"line":29,"column":30},"end":{"line":29,"column":31}},"loc":{"start":{"line":29,"column":40},"end":{"line":34,"column":1}},"line":29},"5":{"name":"(anonymous_5)","decl":{"start":{"line":36,"column":35},"end":{"line":36,"column":36}},"loc":{"start":{"line":36,"column":48},"end":{"line":41,"column":1}},"line":36},"6":{"name":"(anonymous_6)","decl":{"start":{"line":43,"column":32},"end":{"line":43,"column":33}},"loc":{"start":{"line":43,"column":42},"end":{"line":48,"column":1}},"line":43},"7":{"name":"(anonymous_7)","decl":{"start":{"line":50,"column":31},"end":{"line":50,"column":32}},"loc":{"start":{"line":50,"column":40},"end":{"line":55,"column":1}},"line":50}},"branchMap":{},"s":{"0":4,"1":1,"2":4,"3":1,"4":4,"5":1,"6":4,"7":1,"8":4,"9":1,"10":4,"11":1,"12":4,"13":1,"14":4,"15":1},"f":{"0":1,"1":1,"2":1,"3":1,"4":1,"5":1,"6":1,"7":1},"b":{},"_coverageSchema":"43e27e138ebf9cfc5966b082cf9a028302ed4184","hash":"ea5a2ee77fb670e0f7ca4ca2cd8d6f98f8794393"}
,"E:\\FINAL PROJECT\\front-end-tanker-squad\\src\\actions\\trainer\\index.js": {"path":"E:\\FINAL PROJECT\\front-end-tanker-squad\\src\\actions\\trainer\\index.js","statementMap":{"0":{"start":{"line":1,"column":36},"end":{"line":6,"column":1}},"1":{"start":{"line":2,"column":4},"end":{"line":5,"column":6}},"2":{"start":{"line":8,"column":40},"end":{"line":13,"column":1}},"3":{"start":{"line":9,"column":4},"end":{"line":12,"column":6}},"4":{"start":{"line":15,"column":37},"end":{"line":20,"column":1}},"5":{"start":{"line":16,"column":4},"end":{"line":19,"column":6}},"6":{"start":{"line":22,"column":39},"end":{"line":27,"column":1}},"7":{"start":{"line":23,"column":4},"end":{"line":26,"column":6}},"8":{"start":{"line":29,"column":39},"end":{"line":34,"column":1}},"9":{"start":{"line":30,"column":4},"end":{"line":33,"column":6}},"10":{"start":{"line":36,"column":34},"end":{"line":41,"column":1}},"11":{"start":{"line":37,"column":4},"end":{"line":40,"column":6}},"12":{"start":{"line":43,"column":38},"end":{"line":48,"column":1}},"13":{"start":{"line":44,"column":4},"end":{"line":47,"column":6}},"14":{"start":{"line":50,"column":37},"end":{"line":55,"column":1}},"15":{"start":{"line":51,"column":4},"end":{"line":54,"column":6}}},"fnMap":{"0":{"name":"(anonymous_0)","decl":{"start":{"line":1,"column":36},"end":{"line":1,"column":37}},"loc":{"start":{"line":1,"column":50},"end":{"line":6,"column":1}},"line":1},"1":{"name":"(anonymous_1)","decl":{"start":{"line":8,"column":40},"end":{"line":8,"column":41}},"loc":{"start":{"line":8,"column":54},"end":{"line":13,"column":1}},"line":8},"2":{"name":"(anonymous_2)","decl":{"start":{"line":15,"column":37},"end":{"line":15,"column":38}},"loc":{"start":{"line":15,"column":46},"end":{"line":20,"column":1}},"line":15},"3":{"name":"(anonymous_3)","decl":{"start":{"line":22,"column":39},"end":{"line":22,"column":40}},"loc":{"start":{"line":22,"column":50},"end":{"line":27,"column":1}},"line":22},"4":{"name":"(anonymous_4)","decl":{"start":{"line":29,"column":39},"end":{"line":29,"column":40}},"loc":{"start":{"line":29,"column":50},"end":{"line":34,"column":1}},"line":29},"5":{"name":"(anonymous_5)","decl":{"start":{"line":36,"column":34},"end":{"line":36,"column":35}},"loc":{"start":{"line":36,"column":47},"end":{"line":41,"column":1}},"line":36},"6":{"name":"(anonymous_6)","decl":{"start":{"line":43,"column":38},"end":{"line":43,"column":39}},"loc":{"start":{"line":43,"column":51},"end":{"line":48,"column":1}},"line":43},"7":{"name":"(anonymous_7)","decl":{"start":{"line":50,"column":37},"end":{"line":50,"column":38}},"loc":{"start":{"line":50,"column":54},"end":{"line":55,"column":1}},"line":50}},"branchMap":{},"s":{"0":6,"1":1,"2":6,"3":1,"4":6,"5":1,"6":6,"7":1,"8":6,"9":1,"10":6,"11":1,"12":6,"13":1,"14":6,"15":1},"f":{"0":1,"1":1,"2":1,"3":1,"4":1,"5":1,"6":1,"7":1},"b":{},"_coverageSchema":"43e27e138ebf9cfc5966b082cf9a028302ed4184","hash":"adc35f8db6bea80731170639b5ab541d0d17e875"}
,"E:\\FINAL PROJECT\\front-end-tanker-squad\\src\\actions\\user\\index.js": {"path":"E:\\FINAL PROJECT\\front-end-tanker-squad\\src\\actions\\user\\index.js","statementMap":{"0":{"start":{"line":1,"column":24},"end":{"line":6,"column":1}},"1":{"start":{"line":2,"column":4},"end":{"line":5,"column":6}},"2":{"start":{"line":8,"column":33},"end":{"line":13,"column":1}},"3":{"start":{"line":9,"column":4},"end":{"line":12,"column":5}},"4":{"start":{"line":15,"column":22},"end":{"line":19,"column":1}},"5":{"start":{"line":16,"column":4},"end":{"line":18,"column":5}}},"fnMap":{"0":{"name":"(anonymous_0)","decl":{"start":{"line":1,"column":24},"end":{"line":1,"column":25}},"loc":{"start":{"line":1,"column":34},"end":{"line":6,"column":1}},"line":1},"1":{"name":"(anonymous_1)","decl":{"start":{"line":8,"column":33},"end":{"line":8,"column":34}},"loc":{"start":{"line":8,"column":54},"end":{"line":13,"column":1}},"line":8},"2":{"name":"(anonymous_2)","decl":{"start":{"line":15,"column":22},"end":{"line":15,"column":23}},"loc":{"start":{"line":15,"column":28},"end":{"line":19,"column":1}},"line":15}},"branchMap":{},"s":{"0":34,"1":1,"2":34,"3":1,"4":34,"5":1},"f":{"0":1,"1":1,"2":1},"b":{},"_coverageSchema":"43e27e138ebf9cfc5966b082cf9a028302ed4184","hash":"56ebe46b7e1afe83e84ef566a5ba7cb6dc9d607c"}
,"E:\\FINAL PROJECT\\front-end-tanker-squad\\src\\api\\class\\index.js": {"path":"E:\\FINAL PROJECT\\front-end-tanker-squad\\src\\api\\class\\index.js","statementMap":{"0":{"start":{"line":2,"column":2},"end":{"line":5,"column":4}},"1":{"start":{"line":9,"column":2},"end":{"line":12,"column":5}},"2":{"start":{"line":17,"column":2},"end":{"line":23,"column":5}}},"fnMap":{"0":{"name":"getListClassById","decl":{"start":{"line":1,"column":16},"end":{"line":1,"column":32}},"loc":{"start":{"line":1,"column":60},"end":{"line":6,"column":1}},"line":1},"1":{"name":"getListClassDetail","decl":{"start":{"line":8,"column":16},"end":{"line":8,"column":34}},"loc":{"start":{"line":8,"column":46},"end":{"line":13,"column":1}},"line":8},"2":{"name":"getListClassTrainee","decl":{"start":{"line":16,"column":16},"end":{"line":16,"column":35}},"loc":{"start":{"line":16,"column":54},"end":{"line":24,"column":1}},"line":16}},"branchMap":{},"s":{"0":0,"1":0,"2":0},"f":{"0":0,"1":0,"2":0},"b":{},"_coverageSchema":"43e27e138ebf9cfc5966b082cf9a028302ed4184","hash":"1742acc098ab51370df17a00694b7ece7d24b5f3"}
,"E:\\FINAL PROJECT\\front-end-tanker-squad\\src\\api\\imageProfile\\index.js": {"path":"E:\\FINAL PROJECT\\front-end-tanker-squad\\src\\api\\imageProfile\\index.js","statementMap":{"0":{"start":{"line":2,"column":4},"end":{"line":5,"column":6}}},"fnMap":{"0":{"name":"doUploadImageProfile","decl":{"start":{"line":1,"column":16},"end":{"line":1,"column":36}},"loc":{"start":{"line":1,"column":66},"end":{"line":6,"column":1}},"line":1}},"branchMap":{},"s":{"0":0},"f":{"0":0},"b":{},"_coverageSchema":"43e27e138ebf9cfc5966b082cf9a028302ed4184","hash":"04217ce654d38a521ce495f0ffca61a7f85e575c"}
,"E:\\FINAL PROJECT\\front-end-tanker-squad\\src\\api\\saldo\\index.js": {"path":"E:\\FINAL PROJECT\\front-end-tanker-squad\\src\\api\\saldo\\index.js","statementMap":{"0":{"start":{"line":2,"column":2},"end":{"line":8,"column":5}},"1":{"start":{"line":12,"column":2},"end":{"line":20,"column":5}}},"fnMap":{"0":{"name":"ViewSaldoTrainee","decl":{"start":{"line":1,"column":16},"end":{"line":1,"column":32}},"loc":{"start":{"line":1,"column":51},"end":{"line":9,"column":1}},"line":1},"1":{"name":"TopUpSaldo","decl":{"start":{"line":11,"column":16},"end":{"line":11,"column":26}},"loc":{"start":{"line":11,"column":73},"end":{"line":21,"column":1}},"line":11}},"branchMap":{},"s":{"0":0,"1":0},"f":{"0":0,"1":0},"b":{},"_coverageSchema":"43e27e138ebf9cfc5966b082cf9a028302ed4184","hash":"71fb0fa003638fe0093c6e5b93512200f54e8b28"}
,"E:\\FINAL PROJECT\\front-end-tanker-squad\\src\\api\\subject\\index.js": {"path":"E:\\FINAL PROJECT\\front-end-tanker-squad\\src\\api\\subject\\index.js","statementMap":{"0":{"start":{"line":2,"column":4},"end":{"line":5,"column":7}}},"fnMap":{"0":{"name":"getListSubject","decl":{"start":{"line":1,"column":16},"end":{"line":1,"column":30}},"loc":{"start":{"line":1,"column":38},"end":{"line":6,"column":1}},"line":1}},"branchMap":{},"s":{"0":0},"f":{"0":0},"b":{},"_coverageSchema":"43e27e138ebf9cfc5966b082cf9a028302ed4184","hash":"f6c57aa58cca1248dbe3a27c2a76ff381bf87055"}
,"E:\\FINAL PROJECT\\front-end-tanker-squad\\src\\api\\trainee\\index.js": {"path":"E:\\FINAL PROJECT\\front-end-tanker-squad\\src\\api\\trainee\\index.js","statementMap":{"0":{"start":{"line":2,"column":4},"end":{"line":9,"column":7}},"1":{"start":{"line":13,"column":4},"end":{"line":23,"column":6}},"2":{"start":{"line":27,"column":4},"end":{"line":35,"column":6}},"3":{"start":{"line":39,"column":4},"end":{"line":43,"column":7}},"4":{"start":{"line":47,"column":4},"end":{"line":50,"column":6}},"5":{"start":{"line":54,"column":4},"end":{"line":57,"column":6}},"6":{"start":{"line":61,"column":4},"end":{"line":64,"column":6}},"7":{"start":{"line":68,"column":4},"end":{"line":71,"column":6}},"8":{"start":{"line":75,"column":4},"end":{"line":78,"column":6}}},"fnMap":{"0":{"name":"validateTrainee","decl":{"start":{"line":1,"column":16},"end":{"line":1,"column":31}},"loc":{"start":{"line":1,"column":49},"end":{"line":10,"column":1}},"line":1},"1":{"name":"createTrainee","decl":{"start":{"line":12,"column":16},"end":{"line":12,"column":29}},"loc":{"start":{"line":12,"column":79},"end":{"line":24,"column":1}},"line":12},"2":{"name":"doSubmitTask","decl":{"start":{"line":26,"column":16},"end":{"line":26,"column":28}},"loc":{"start":{"line":26,"column":59},"end":{"line":36,"column":1}},"line":26},"3":{"name":"uploadPhoto","decl":{"start":{"line":38,"column":16},"end":{"line":38,"column":27}},"loc":{"start":{"line":38,"column":42},"end":{"line":44,"column":1}},"line":38},"4":{"name":"doGetListPdf","decl":{"start":{"line":46,"column":16},"end":{"line":46,"column":28}},"loc":{"start":{"line":46,"column":40},"end":{"line":51,"column":1}},"line":46},"5":{"name":"doGetListVideo","decl":{"start":{"line":53,"column":16},"end":{"line":53,"column":30}},"loc":{"start":{"line":53,"column":42},"end":{"line":58,"column":1}},"line":53},"6":{"name":"doGetListTask","decl":{"start":{"line":60,"column":16},"end":{"line":60,"column":29}},"loc":{"start":{"line":60,"column":41},"end":{"line":65,"column":1}},"line":60},"7":{"name":"doGetScoreTask","decl":{"start":{"line":67,"column":16},"end":{"line":67,"column":30}},"loc":{"start":{"line":67,"column":49},"end":{"line":72,"column":1}},"line":67},"8":{"name":"doReportScore","decl":{"start":{"line":74,"column":16},"end":{"line":74,"column":29}},"loc":{"start":{"line":74,"column":57},"end":{"line":79,"column":1}},"line":74}},"branchMap":{},"s":{"0":0,"1":0,"2":0,"3":0,"4":0,"5":0,"6":0,"7":0,"8":0},"f":{"0":0,"1":0,"2":0,"3":0,"4":0,"5":0,"6":0,"7":0,"8":0},"b":{},"_coverageSchema":"43e27e138ebf9cfc5966b082cf9a028302ed4184","hash":"24faefbdb32138b9c1ed59698ad5da0bd6eb44a2"}
,"E:\\FINAL PROJECT\\front-end-tanker-squad\\src\\api\\trainer\\index.js": {"path":"E:\\FINAL PROJECT\\front-end-tanker-squad\\src\\api\\trainer\\index.js","statementMap":{"0":{"start":{"line":2,"column":2},"end":{"line":9,"column":5}},"1":{"start":{"line":13,"column":2},"end":{"line":25,"column":5}},"2":{"start":{"line":29,"column":2},"end":{"line":35,"column":5}},"3":{"start":{"line":40,"column":2},"end":{"line":44,"column":5}},"4":{"start":{"line":48,"column":2},"end":{"line":54,"column":4}},"5":{"start":{"line":58,"column":2},"end":{"line":67,"column":4}},"6":{"start":{"line":71,"column":2},"end":{"line":77,"column":4}},"7":{"start":{"line":81,"column":2},"end":{"line":90,"column":4}},"8":{"start":{"line":94,"column":2},"end":{"line":105,"column":4}},"9":{"start":{"line":110,"column":2},"end":{"line":113,"column":4}},"10":{"start":{"line":117,"column":2},"end":{"line":120,"column":4}}},"fnMap":{"0":{"name":"validateTrainer","decl":{"start":{"line":1,"column":16},"end":{"line":1,"column":31}},"loc":{"start":{"line":1,"column":49},"end":{"line":10,"column":1}},"line":1},"1":{"name":"createClass","decl":{"start":{"line":12,"column":16},"end":{"line":12,"column":27}},"loc":{"start":{"line":12,"column":99},"end":{"line":26,"column":1}},"line":12},"2":{"name":"getClassTrainer","decl":{"start":{"line":28,"column":16},"end":{"line":28,"column":31}},"loc":{"start":{"line":28,"column":50},"end":{"line":36,"column":1}},"line":28},"3":{"name":"uploadFiles","decl":{"start":{"line":39,"column":16},"end":{"line":39,"column":27}},"loc":{"start":{"line":39,"column":42},"end":{"line":45,"column":1}},"line":39},"4":{"name":"doGetMateriFile","decl":{"start":{"line":47,"column":16},"end":{"line":47,"column":31}},"loc":{"start":{"line":47,"column":48},"end":{"line":55,"column":1}},"line":47},"5":{"name":"doPostSubjectMatter","decl":{"start":{"line":57,"column":16},"end":{"line":57,"column":35}},"loc":{"start":{"line":57,"column":76},"end":{"line":68,"column":1}},"line":57},"6":{"name":"doGetListTraineeByClass","decl":{"start":{"line":70,"column":16},"end":{"line":70,"column":39}},"loc":{"start":{"line":70,"column":56},"end":{"line":78,"column":1}},"line":70},"7":{"name":"doPostSubjectTask","decl":{"start":{"line":80,"column":16},"end":{"line":80,"column":33}},"loc":{"start":{"line":80,"column":80},"end":{"line":91,"column":1}},"line":80},"8":{"name":"doPostSubmitScore","decl":{"start":{"line":93,"column":16},"end":{"line":93,"column":33}},"loc":{"start":{"line":93,"column":79},"end":{"line":106,"column":1}},"line":93},"9":{"name":"doGetListTaskTrainer","decl":{"start":{"line":109,"column":16},"end":{"line":109,"column":36}},"loc":{"start":{"line":109,"column":64},"end":{"line":114,"column":1}},"line":109},"10":{"name":"GetListTraineeScore","decl":{"start":{"line":116,"column":16},"end":{"line":116,"column":35}},"loc":{"start":{"line":116,"column":43},"end":{"line":121,"column":1}},"line":116}},"branchMap":{},"s":{"0":0,"1":0,"2":0,"3":0,"4":0,"5":0,"6":0,"7":0,"8":0,"9":0,"10":0},"f":{"0":0,"1":0,"2":0,"3":0,"4":0,"5":0,"6":0,"7":0,"8":0,"9":0,"10":0},"b":{},"_coverageSchema":"43e27e138ebf9cfc5966b082cf9a028302ed4184","hash":"6363cfdec9e84febe958979ea059f7ee18a6e2a2"}
,"E:\\FINAL PROJECT\\front-end-tanker-squad\\src\\api\\transaction\\index.js": {"path":"E:\\FINAL PROJECT\\front-end-tanker-squad\\src\\api\\transaction\\index.js","statementMap":{"0":{"start":{"line":2,"column":2},"end":{"line":9,"column":5}}},"fnMap":{"0":{"name":"purchase","decl":{"start":{"line":1,"column":16},"end":{"line":1,"column":24}},"loc":{"start":{"line":1,"column":52},"end":{"line":10,"column":1}},"line":1}},"branchMap":{},"s":{"0":0},"f":{"0":0},"b":{},"hash":"61d94b121cfce5b7ea329e573173e64e8ad41d77"}
,"E:\\FINAL PROJECT\\front-end-tanker-squad\\src\\components\\PrivateRoute.js": {"path":"E:\\FINAL PROJECT\\front-end-tanker-squad\\src\\components\\PrivateRoute.js","statementMap":{"0":{"start":{"line":7,"column":8},"end":{"line":12,"column":9}},"1":{"start":{"line":9,"column":16},"end":{"line":10,"column":39}},"2":{"start":{"line":16,"column":24},"end":{"line":18,"column":1}},"3":{"start":{"line":17,"column":4},"end":{"line":17,"column":50}}},"fnMap":{"0":{"name":"(anonymous_0)","decl":{"start":{"line":6,"column":4},"end":{"line":6,"column":5}},"loc":{"start":{"line":6,"column":13},"end":{"line":13,"column":5}},"line":6},"1":{"name":"(anonymous_1)","decl":{"start":{"line":8,"column":50},"end":{"line":8,"column":51}},"loc":{"start":{"line":8,"column":61},"end":{"line":11,"column":13}},"line":8},"2":{"name":"(anonymous_2)","decl":{"start":{"line":16,"column":24},"end":{"line":16,"column":25}},"loc":{"start":{"line":16,"column":35},"end":{"line":18,"column":1}},"line":16}},"branchMap":{"0":{"loc":{"start":{"line":9,"column":23},"end":{"line":10,"column":39}},"type":"cond-expr","locations":[{"start":{"line":9,"column":50},"end":{"line":9,"column":85}},{"start":{"line":10,"column":20},"end":{"line":10,"column":39}}],"line":9}},"s":{"0":1,"1":0,"2":1,"3":0},"f":{"0":1,"1":0,"2":0},"b":{"0":[0,0]},"_coverageSchema":"43e27e138ebf9cfc5966b082cf9a028302ed4184","hash":"fb1955939a437bc4d9e728bced3e8f1ed79e728b"}
,"E:\\FINAL PROJECT\\front-end-tanker-squad\\src\\components\\AssignmentTrainer\\ListClassOfTrainer.js": {"path":"E:\\FINAL PROJECT\\front-end-tanker-squad\\src\\components\\AssignmentTrainer\\ListClassOfTrainer.js","statementMap":{"0":{"start":{"line":11,"column":12},"end":{"line":11,"column":36}},"1":{"start":{"line":13,"column":24},"end":{"line":21,"column":5}},"2":{"start":{"line":14,"column":8},"end":{"line":20,"column":9}},"3":{"start":{"line":15,"column":29},"end":{"line":15,"column":121}},"4":{"start":{"line":16,"column":25},"end":{"line":16,"column":46}},"5":{"start":{"line":17,"column":12},"end":{"line":17,"column":42}},"6":{"start":{"line":19,"column":12},"end":{"line":19,"column":30}},"7":{"start":{"line":23,"column":20},"end":{"line":33,"column":5}},"8":{"start":{"line":24,"column":8},"end":{"line":32,"column":9}},"9":{"start":{"line":25,"column":12},"end":{"line":25,"column":47}},"10":{"start":{"line":26,"column":12},"end":{"line":26,"column":53}},"11":{"start":{"line":27,"column":12},"end":{"line":29,"column":14}},"12":{"start":{"line":31,"column":12},"end":{"line":31,"column":30}},"13":{"start":{"line":36,"column":24},"end":{"line":66,"column":5}},"14":{"start":{"line":37,"column":8},"end":{"line":65,"column":9}},"15":{"start":{"line":38,"column":20},"end":{"line":38,"column":21}},"16":{"start":{"line":39,"column":12},"end":{"line":64,"column":14}},"17":{"start":{"line":40,"column":16},"end":{"line":40,"column":20}},"18":{"start":{"line":41,"column":29},"end":{"line":41,"column":31}},"19":{"start":{"line":42,"column":16},"end":{"line":46,"column":17}},"20":{"start":{"line":43,"column":20},"end":{"line":43,"column":46}},"21":{"start":{"line":44,"column":23},"end":{"line":46,"column":17}},"22":{"start":{"line":45,"column":20},"end":{"line":45,"column":53}},"23":{"start":{"line":47,"column":16},"end":{"line":63,"column":18}},"24":{"start":{"line":57,"column":47},"end":{"line":57,"column":80}},"25":{"start":{"line":70,"column":8},"end":{"line":103,"column":10}},"26":{"start":{"line":108,"column":24},"end":{"line":113,"column":1}},"27":{"start":{"line":109,"column":4},"end":{"line":112,"column":6}},"28":{"start":{"line":114,"column":27},"end":{"line":118,"column":1}}},"fnMap":{"0":{"name":"(anonymous_0)","decl":{"start":{"line":13,"column":24},"end":{"line":13,"column":25}},"loc":{"start":{"line":13,"column":36},"end":{"line":21,"column":5}},"line":13},"1":{"name":"(anonymous_1)","decl":{"start":{"line":23,"column":20},"end":{"line":23,"column":21}},"loc":{"start":{"line":23,"column":34},"end":{"line":33,"column":5}},"line":23},"2":{"name":"(anonymous_2)","decl":{"start":{"line":36,"column":24},"end":{"line":36,"column":25}},"loc":{"start":{"line":36,"column":30},"end":{"line":66,"column":5}},"line":36},"3":{"name":"(anonymous_3)","decl":{"start":{"line":39,"column":40},"end":{"line":39,"column":41}},"loc":{"start":{"line":39,"column":48},"end":{"line":64,"column":13}},"line":39},"4":{"name":"(anonymous_4)","decl":{"start":{"line":57,"column":41},"end":{"line":57,"column":42}},"loc":{"start":{"line":57,"column":47},"end":{"line":57,"column":80}},"line":57},"5":{"name":"(anonymous_5)","decl":{"start":{"line":69,"column":4},"end":{"line":69,"column":5}},"loc":{"start":{"line":69,"column":13},"end":{"line":104,"column":5}},"line":69},"6":{"name":"(anonymous_6)","decl":{"start":{"line":108,"column":24},"end":{"line":108,"column":25}},"loc":{"start":{"line":108,"column":33},"end":{"line":113,"column":1}},"line":108}},"branchMap":{"0":{"loc":{"start":{"line":37,"column":8},"end":{"line":65,"column":9}},"type":"if","locations":[{"start":{"line":37,"column":8},"end":{"line":65,"column":9}},{"start":{"line":37,"column":8},"end":{"line":65,"column":9}}],"line":37},"1":{"loc":{"start":{"line":42,"column":16},"end":{"line":46,"column":17}},"type":"if","locations":[{"start":{"line":42,"column":16},"end":{"line":46,"column":17}},{"start":{"line":42,"column":16},"end":{"line":46,"column":17}}],"line":42},"2":{"loc":{"start":{"line":44,"column":23},"end":{"line":46,"column":17}},"type":"if","locations":[{"start":{"line":44,"column":23},"end":{"line":46,"column":17}},{"start":{"line":44,"column":23},"end":{"line":46,"column":17}}],"line":44}},"s":{"0":1,"1":1,"2":1,"3":1,"4":0,"5":0,"6":1,"7":1,"8":0,"9":0,"10":0,"11":0,"12":0,"13":1,"14":1,"15":1,"16":1,"17":0,"18":0,"19":0,"20":0,"21":0,"22":0,"23":0,"24":0,"25":1,"26":1,"27":0,"28":1},"f":{"0":1,"1":0,"2":1,"3":0,"4":0,"5":1,"6":0},"b":{"0":[1,0],"1":[0,0],"2":[0,0]},"_coverageSchema":"43e27e138ebf9cfc5966b082cf9a028302ed4184","hash":"75753b467a1c5d2d579252f9de84ee561d227664"}
,"E:\\FINAL PROJECT\\front-end-tanker-squad\\src\\components\\AssignmentTrainer\\ListTraineeTask.js": {"path":"E:\\FINAL PROJECT\\front-end-tanker-squad\\src\\components\\AssignmentTrainer\\ListTraineeTask.js","statementMap":{"0":{"start":{"line":13,"column":12},"end":{"line":13,"column":241}},"1":{"start":{"line":16,"column":25},"end":{"line":24,"column":5}},"2":{"start":{"line":17,"column":8},"end":{"line":23,"column":9}},"3":{"start":{"line":18,"column":29},"end":{"line":18,"column":121}},"4":{"start":{"line":19,"column":25},"end":{"line":19,"column":46}},"5":{"start":{"line":20,"column":12},"end":{"line":20,"column":42}},"6":{"start":{"line":22,"column":12},"end":{"line":22,"column":30}},"7":{"start":{"line":26,"column":20},"end":{"line":35,"column":5}},"8":{"start":{"line":27,"column":8},"end":{"line":34,"column":9}},"9":{"start":{"line":28,"column":29},"end":{"line":28,"column":122}},"10":{"start":{"line":29,"column":12},"end":{"line":29,"column":49}},"11":{"start":{"line":30,"column":25},"end":{"line":30,"column":46}},"12":{"start":{"line":31,"column":12},"end":{"line":31,"column":232}},"13":{"start":{"line":33,"column":12},"end":{"line":33,"column":30}},"14":{"start":{"line":37,"column":20},"end":{"line":46,"column":5}},"15":{"start":{"line":38,"column":8},"end":{"line":45,"column":9}},"16":{"start":{"line":39,"column":12},"end":{"line":39,"column":49}},"17":{"start":{"line":40,"column":12},"end":{"line":42,"column":14}},"18":{"start":{"line":44,"column":12},"end":{"line":44,"column":30}},"19":{"start":{"line":49,"column":24},"end":{"line":80,"column":5}},"20":{"start":{"line":50,"column":8},"end":{"line":79,"column":9}},"21":{"start":{"line":51,"column":20},"end":{"line":51,"column":21}},"22":{"start":{"line":52,"column":12},"end":{"line":78,"column":14}},"23":{"start":{"line":53,"column":16},"end":{"line":53,"column":19}},"24":{"start":{"line":54,"column":16},"end":{"line":77,"column":18}},"25":{"start":{"line":62,"column":47},"end":{"line":62,"column":81}},"26":{"start":{"line":71,"column":47},"end":{"line":71,"column":81}},"27":{"start":{"line":82,"column":20},"end":{"line":94,"column":5}},"28":{"start":{"line":83,"column":8},"end":{"line":93,"column":9}},"29":{"start":{"line":84,"column":12},"end":{"line":84,"column":50}},"30":{"start":{"line":85,"column":12},"end":{"line":85,"column":54}},"31":{"start":{"line":86,"column":12},"end":{"line":86,"column":50}},"32":{"start":{"line":87,"column":12},"end":{"line":89,"column":15}},"33":{"start":{"line":90,"column":12},"end":{"line":90,"column":51}},"34":{"start":{"line":92,"column":12},"end":{"line":92,"column":30}},"35":{"start":{"line":97,"column":26},"end":{"line":137,"column":5}},"36":{"start":{"line":98,"column":8},"end":{"line":136,"column":9}},"37":{"start":{"line":99,"column":20},"end":{"line":99,"column":21}},"38":{"start":{"line":100,"column":25},"end":{"line":100,"column":29}},"39":{"start":{"line":101,"column":12},"end":{"line":133,"column":14}},"40":{"start":{"line":102,"column":16},"end":{"line":102,"column":19}},"41":{"start":{"line":103,"column":16},"end":{"line":107,"column":17}},"42":{"start":{"line":104,"column":20},"end":{"line":104,"column":34}},"43":{"start":{"line":104,"column":35},"end":{"line":104,"column":66}},"44":{"start":{"line":105,"column":23},"end":{"line":107,"column":17}},"45":{"start":{"line":106,"column":20},"end":{"line":106,"column":35}},"46":{"start":{"line":106,"column":36},"end":{"line":106,"column":71}},"47":{"start":{"line":108,"column":16},"end":{"line":132,"column":18}},"48":{"start":{"line":118,"column":51},"end":{"line":118,"column":102}},"49":{"start":{"line":135,"column":12},"end":{"line":135,"column":39}},"50":{"start":{"line":139,"column":8},"end":{"line":181,"column":10}},"51":{"start":{"line":187,"column":27},"end":{"line":191,"column":1}},"52":{"start":{"line":193,"column":24},"end":{"line":198,"column":1}},"53":{"start":{"line":194,"column":4},"end":{"line":197,"column":6}}},"fnMap":{"0":{"name":"(anonymous_0)","decl":{"start":{"line":16,"column":25},"end":{"line":16,"column":26}},"loc":{"start":{"line":16,"column":37},"end":{"line":24,"column":5}},"line":16},"1":{"name":"(anonymous_1)","decl":{"start":{"line":26,"column":20},"end":{"line":26,"column":21}},"loc":{"start":{"line":26,"column":34},"end":{"line":35,"column":5}},"line":26},"2":{"name":"(anonymous_2)","decl":{"start":{"line":37,"column":20},"end":{"line":37,"column":21}},"loc":{"start":{"line":37,"column":34},"end":{"line":46,"column":5}},"line":37},"3":{"name":"(anonymous_3)","decl":{"start":{"line":49,"column":24},"end":{"line":49,"column":25}},"loc":{"start":{"line":49,"column":30},"end":{"line":80,"column":5}},"line":49},"4":{"name":"(anonymous_4)","decl":{"start":{"line":52,"column":40},"end":{"line":52,"column":41}},"loc":{"start":{"line":52,"column":48},"end":{"line":78,"column":13}},"line":52},"5":{"name":"(anonymous_5)","decl":{"start":{"line":62,"column":41},"end":{"line":62,"column":42}},"loc":{"start":{"line":62,"column":47},"end":{"line":62,"column":81}},"line":62},"6":{"name":"(anonymous_6)","decl":{"start":{"line":71,"column":41},"end":{"line":71,"column":42}},"loc":{"start":{"line":71,"column":47},"end":{"line":71,"column":81}},"line":71},"7":{"name":"(anonymous_7)","decl":{"start":{"line":82,"column":20},"end":{"line":82,"column":21}},"loc":{"start":{"line":82,"column":40},"end":{"line":94,"column":5}},"line":82},"8":{"name":"(anonymous_8)","decl":{"start":{"line":97,"column":26},"end":{"line":97,"column":27}},"loc":{"start":{"line":97,"column":32},"end":{"line":137,"column":5}},"line":97},"9":{"name":"(anonymous_9)","decl":{"start":{"line":101,"column":39},"end":{"line":101,"column":40}},"loc":{"start":{"line":101,"column":47},"end":{"line":133,"column":13}},"line":101},"10":{"name":"(anonymous_10)","decl":{"start":{"line":118,"column":45},"end":{"line":118,"column":46}},"loc":{"start":{"line":118,"column":51},"end":{"line":118,"column":102}},"line":118},"11":{"name":"(anonymous_11)","decl":{"start":{"line":138,"column":4},"end":{"line":138,"column":5}},"loc":{"start":{"line":138,"column":13},"end":{"line":182,"column":5}},"line":138},"12":{"name":"(anonymous_12)","decl":{"start":{"line":193,"column":24},"end":{"line":193,"column":25}},"loc":{"start":{"line":193,"column":33},"end":{"line":198,"column":1}},"line":193}},"branchMap":{"0":{"loc":{"start":{"line":50,"column":8},"end":{"line":79,"column":9}},"type":"if","locations":[{"start":{"line":50,"column":8},"end":{"line":79,"column":9}},{"start":{"line":50,"column":8},"end":{"line":79,"column":9}}],"line":50},"1":{"loc":{"start":{"line":98,"column":8},"end":{"line":136,"column":9}},"type":"if","locations":[{"start":{"line":98,"column":8},"end":{"line":136,"column":9}},{"start":{"line":98,"column":8},"end":{"line":136,"column":9}}],"line":98},"2":{"loc":{"start":{"line":103,"column":16},"end":{"line":107,"column":17}},"type":"if","locations":[{"start":{"line":103,"column":16},"end":{"line":107,"column":17}},{"start":{"line":103,"column":16},"end":{"line":107,"column":17}}],"line":103},"3":{"loc":{"start":{"line":105,"column":23},"end":{"line":107,"column":17}},"type":"if","locations":[{"start":{"line":105,"column":23},"end":{"line":107,"column":17}},{"start":{"line":105,"column":23},"end":{"line":107,"column":17}}],"line":105},"4":{"loc":{"start":{"line":113,"column":25},"end":{"line":130,"column":33}},"type":"cond-expr","locations":[{"start":{"line":114,"column":28},"end":{"line":122,"column":33}},{"start":{"line":123,"column":30},"end":{"line":130,"column":33}}],"line":113},"5":{"loc":{"start":{"line":159,"column":37},"end":{"line":171,"column":45}},"type":"cond-expr","locations":[{"start":{"line":160,"column":40},"end":{"line":165,"column":45}},{"start":{"line":166,"column":42},"end":{"line":171,"column":45}}],"line":159},"6":{"loc":{"start":{"line":174,"column":37},"end":{"line":174,"column":110}},"type":"cond-expr","locations":[{"start":{"line":174,"column":57},"end":{"line":174,"column":81}},{"start":{"line":174,"column":84},"end":{"line":174,"column":110}}],"line":174}},"s":{"0":1,"1":1,"2":1,"3":1,"4":0,"5":0,"6":1,"7":1,"8":0,"9":0,"10":0,"11":0,"12":0,"13":0,"14":1,"15":0,"16":0,"17":0,"18":0,"19":1,"20":1,"21":1,"22":1,"23":0,"24":0,"25":0,"26":0,"27":1,"28":0,"29":0,"30":0,"31":0,"32":0,"33":0,"34":0,"35":1,"36":0,"37":0,"38":0,"39":0,"40":0,"41":0,"42":0,"43":0,"44":0,"45":0,"46":0,"47":0,"48":0,"49":0,"50":1,"51":1,"52":1,"53":0},"f":{"0":1,"1":0,"2":0,"3":1,"4":0,"5":0,"6":0,"7":0,"8":0,"9":0,"10":0,"11":1,"12":0},"b":{"0":[1,0],"1":[0,0],"2":[0,0],"3":[0,0],"4":[0,0],"5":[1,0],"6":[1,0]},"_coverageSchema":"43e27e138ebf9cfc5966b082cf9a028302ed4184","hash":"a03467a01c953b2fc3cc65cc9ba4d49900631075"}
,"E:\\FINAL PROJECT\\front-end-tanker-squad\\src\\components\\AssignmentTrainer\\ScoreTrainee.js": {"path":"E:\\FINAL PROJECT\\front-end-tanker-squad\\src\\components\\AssignmentTrainer\\ScoreTrainee.js","statementMap":{"0":{"start":{"line":8,"column":12},"end":{"line":8,"column":25}},"1":{"start":{"line":11,"column":24},"end":{"line":19,"column":5}},"2":{"start":{"line":12,"column":8},"end":{"line":18,"column":9}},"3":{"start":{"line":13,"column":29},"end":{"line":13,"column":111}},"4":{"start":{"line":14,"column":25},"end":{"line":14,"column":46}},"5":{"start":{"line":15,"column":12},"end":{"line":15,"column":42}},"6":{"start":{"line":17,"column":12},"end":{"line":17,"column":30}},"7":{"start":{"line":21,"column":24},"end":{"line":37,"column":5}},"8":{"start":{"line":22,"column":8},"end":{"line":36,"column":9}},"9":{"start":{"line":23,"column":20},"end":{"line":23,"column":21}},"10":{"start":{"line":24,"column":12},"end":{"line":35,"column":14}},"11":{"start":{"line":25,"column":16},"end":{"line":25,"column":19}},"12":{"start":{"line":26,"column":16},"end":{"line":34,"column":18}},"13":{"start":{"line":41,"column":8},"end":{"line":74,"column":10}},"14":{"start":{"line":79,"column":24},"end":{"line":84,"column":1}},"15":{"start":{"line":80,"column":4},"end":{"line":83,"column":6}},"16":{"start":{"line":86,"column":27},"end":{"line":87,"column":1}}},"fnMap":{"0":{"name":"(anonymous_0)","decl":{"start":{"line":11,"column":24},"end":{"line":11,"column":25}},"loc":{"start":{"line":11,"column":36},"end":{"line":19,"column":5}},"line":11},"1":{"name":"(anonymous_1)","decl":{"start":{"line":21,"column":24},"end":{"line":21,"column":25}},"loc":{"start":{"line":21,"column":30},"end":{"line":37,"column":5}},"line":21},"2":{"name":"(anonymous_2)","decl":{"start":{"line":24,"column":40},"end":{"line":24,"column":41}},"loc":{"start":{"line":24,"column":48},"end":{"line":35,"column":13}},"line":24},"3":{"name":"(anonymous_3)","decl":{"start":{"line":40,"column":4},"end":{"line":40,"column":5}},"loc":{"start":{"line":40,"column":13},"end":{"line":75,"column":5}},"line":40},"4":{"name":"(anonymous_4)","decl":{"start":{"line":79,"column":24},"end":{"line":79,"column":25}},"loc":{"start":{"line":79,"column":33},"end":{"line":84,"column":1}},"line":79}},"branchMap":{"0":{"loc":{"start":{"line":22,"column":8},"end":{"line":36,"column":9}},"type":"if","locations":[{"start":{"line":22,"column":8},"end":{"line":36,"column":9}},{"start":{"line":22,"column":8},"end":{"line":36,"column":9}}],"line":22}},"s":{"0":1,"1":1,"2":1,"3":1,"4":0,"5":0,"6":1,"7":1,"8":1,"9":1,"10":1,"11":0,"12":0,"13":1,"14":1,"15":0,"16":1},"f":{"0":1,"1":1,"2":0,"3":1,"4":0},"b":{"0":[1,0]},"_coverageSchema":"43e27e138ebf9cfc5966b082cf9a028302ed4184","hash":"10882e0e4314ffd589ed73d669addd9f4823010a"}
,"E:\\FINAL PROJECT\\front-end-tanker-squad\\src\\components\\Footers\\Footer.js": {"path":"E:\\FINAL PROJECT\\front-end-tanker-squad\\src\\components\\Footers\\Footer.js","statementMap":{"0":{"start":{"line":5,"column":2},"end":{"line":20,"column":4}}},"fnMap":{"0":{"name":"Footer","decl":{"start":{"line":4,"column":9},"end":{"line":4,"column":15}},"loc":{"start":{"line":4,"column":18},"end":{"line":21,"column":1}},"line":4}},"branchMap":{},"s":{"0":1},"f":{"0":1},"b":{},"_coverageSchema":"43e27e138ebf9cfc5966b082cf9a028302ed4184","hash":"bce94b68d8431bf92764b6c713ba81a7dc850536"}
,"E:\\FINAL PROJECT\\front-end-tanker-squad\\src\\components\\Headers\\LandingPageHeader.js": {"path":"E:\\FINAL PROJECT\\front-end-tanker-squad\\src\\components\\Headers\\LandingPageHeader.js","statementMap":{"0":{"start":{"line":5,"column":19},"end":{"line":5,"column":36}},"1":{"start":{"line":7,"column":2},"end":{"line":19,"column":5}},"2":{"start":{"line":8,"column":4},"end":{"line":18,"column":5}},"3":{"start":{"line":9,"column":27},"end":{"line":13,"column":7}},"4":{"start":{"line":10,"column":30},"end":{"line":10,"column":52}},"5":{"start":{"line":11,"column":8},"end":{"line":12,"column":55}},"6":{"start":{"line":14,"column":6},"end":{"line":14,"column":54}},"7":{"start":{"line":15,"column":6},"end":{"line":17,"column":8}},"8":{"start":{"line":16,"column":8},"end":{"line":16,"column":59}},"9":{"start":{"line":20,"column":2},"end":{"line":47,"column":4}}},"fnMap":{"0":{"name":"LandingPageHeader","decl":{"start":{"line":4,"column":9},"end":{"line":4,"column":26}},"loc":{"start":{"line":4,"column":29},"end":{"line":48,"column":1}},"line":4},"1":{"name":"(anonymous_1)","decl":{"start":{"line":7,"column":18},"end":{"line":7,"column":19}},"loc":{"start":{"line":7,"column":24},"end":{"line":19,"column":3}},"line":7},"2":{"name":"(anonymous_2)","decl":{"start":{"line":9,"column":27},"end":{"line":9,"column":28}},"loc":{"start":{"line":9,"column":33},"end":{"line":13,"column":7}},"line":9},"3":{"name":"cleanup","decl":{"start":{"line":15,"column":22},"end":{"line":15,"column":29}},"loc":{"start":{"line":15,"column":32},"end":{"line":17,"column":7}},"line":15}},"branchMap":{"0":{"loc":{"start":{"line":8,"column":4},"end":{"line":18,"column":5}},"type":"if","locations":[{"start":{"line":8,"column":4},"end":{"line":18,"column":5}},{"start":{"line":8,"column":4},"end":{"line":18,"column":5}}],"line":8}},"s":{"0":1,"1":1,"2":0,"3":0,"4":0,"5":0,"6":0,"7":0,"8":0,"9":1},"f":{"0":1,"1":0,"2":0,"3":0},"b":{"0":[0,0]},"_coverageSchema":"43e27e138ebf9cfc5966b082cf9a028302ed4184","hash":"bdb7228f54d541aef2d994abd04e9c1ed7f5b627"}
,"E:\\FINAL PROJECT\\front-end-tanker-squad\\src\\components\\Lessons\\TraineeLesson.js": {"path":"E:\\FINAL PROJECT\\front-end-tanker-squad\\src\\components\\Lessons\\TraineeLesson.js","statementMap":{"0":{"start":{"line":14,"column":12},"end":{"line":14,"column":175}},"1":{"start":{"line":17,"column":26},"end":{"line":19,"column":5}},"2":{"start":{"line":18,"column":8},"end":{"line":18,"column":140}},"3":{"start":{"line":21,"column":19},"end":{"line":23,"column":5}},"4":{"start":{"line":22,"column":8},"end":{"line":22,"column":146}},"5":{"start":{"line":25,"column":20},"end":{"line":27,"column":5}},"6":{"start":{"line":26,"column":8},"end":{"line":26,"column":142}},"7":{"start":{"line":29,"column":20},"end":{"line":31,"column":5}},"8":{"start":{"line":30,"column":8},"end":{"line":30,"column":140}},"9":{"start":{"line":33,"column":20},"end":{"line":35,"column":5}},"10":{"start":{"line":34,"column":8},"end":{"line":34,"column":142}},"11":{"start":{"line":37,"column":24},"end":{"line":39,"column":5}},"12":{"start":{"line":38,"column":8},"end":{"line":38,"column":117}},"13":{"start":{"line":41,"column":18},"end":{"line":50,"column":5}},"14":{"start":{"line":42,"column":8},"end":{"line":49,"column":9}},"15":{"start":{"line":43,"column":12},"end":{"line":45,"column":14}},"16":{"start":{"line":46,"column":12},"end":{"line":46,"column":44}},"17":{"start":{"line":48,"column":12},"end":{"line":48,"column":30}},"18":{"start":{"line":52,"column":17},"end":{"line":61,"column":5}},"19":{"start":{"line":53,"column":8},"end":{"line":60,"column":9}},"20":{"start":{"line":54,"column":12},"end":{"line":56,"column":14}},"21":{"start":{"line":57,"column":12},"end":{"line":57,"column":40}},"22":{"start":{"line":59,"column":12},"end":{"line":59,"column":30}},"23":{"start":{"line":63,"column":18},"end":{"line":73,"column":5}},"24":{"start":{"line":64,"column":8},"end":{"line":71,"column":9}},"25":{"start":{"line":65,"column":12},"end":{"line":67,"column":14}},"26":{"start":{"line":68,"column":12},"end":{"line":68,"column":46}},"27":{"start":{"line":70,"column":12},"end":{"line":70,"column":30}},"28":{"start":{"line":75,"column":24},"end":{"line":95,"column":5}},"29":{"start":{"line":76,"column":8},"end":{"line":94,"column":9}},"30":{"start":{"line":77,"column":12},"end":{"line":77,"column":32}},"31":{"start":{"line":78,"column":12},"end":{"line":78,"column":34}},"32":{"start":{"line":79,"column":12},"end":{"line":79,"column":33}},"33":{"start":{"line":80,"column":12},"end":{"line":91,"column":13}},"34":{"start":{"line":81,"column":16},"end":{"line":90,"column":17}},"35":{"start":{"line":83,"column":24},"end":{"line":86,"column":26}},"36":{"start":{"line":87,"column":24},"end":{"line":87,"column":30}},"37":{"start":{"line":89,"column":24},"end":{"line":89,"column":30}},"38":{"start":{"line":93,"column":12},"end":{"line":93,"column":30}},"39":{"start":{"line":97,"column":19},"end":{"line":110,"column":5}},"40":{"start":{"line":98,"column":8},"end":{"line":109,"column":9}},"41":{"start":{"line":99,"column":32},"end":{"line":99,"column":113}},"42":{"start":{"line":100,"column":28},"end":{"line":100,"column":52}},"43":{"start":{"line":101,"column":12},"end":{"line":106,"column":13}},"44":{"start":{"line":102,"column":16},"end":{"line":102,"column":47}},"45":{"start":{"line":103,"column":16},"end":{"line":103,"column":43}},"46":{"start":{"line":105,"column":16},"end":{"line":105,"column":36}},"47":{"start":{"line":108,"column":12},"end":{"line":108,"column":30}},"48":{"start":{"line":112,"column":21},"end":{"line":124,"column":5}},"49":{"start":{"line":113,"column":8},"end":{"line":123,"column":9}},"50":{"start":{"line":114,"column":34},"end":{"line":114,"column":117}},"51":{"start":{"line":115,"column":30},"end":{"line":115,"column":56}},"52":{"start":{"line":116,"column":12},"end":{"line":120,"column":13}},"53":{"start":{"line":117,"column":16},"end":{"line":117,"column":55}},"54":{"start":{"line":119,"column":16},"end":{"line":119,"column":44}},"55":{"start":{"line":122,"column":12},"end":{"line":122,"column":30}},"56":{"start":{"line":126,"column":20},"end":{"line":138,"column":5}},"57":{"start":{"line":127,"column":8},"end":{"line":137,"column":9}},"58":{"start":{"line":128,"column":34},"end":{"line":128,"column":116}},"59":{"start":{"line":129,"column":30},"end":{"line":129,"column":56}},"60":{"start":{"line":130,"column":12},"end":{"line":134,"column":13}},"61":{"start":{"line":131,"column":16},"end":{"line":131,"column":55}},"62":{"start":{"line":133,"column":16},"end":{"line":133,"column":44}},"63":{"start":{"line":136,"column":12},"end":{"line":136,"column":30}},"64":{"start":{"line":140,"column":26},"end":{"line":208,"column":5}},"65":{"start":{"line":141,"column":8},"end":{"line":207,"column":9}},"66":{"start":{"line":210,"column":19},"end":{"line":243,"column":5}},"67":{"start":{"line":211,"column":8},"end":{"line":242,"column":9}},"68":{"start":{"line":212,"column":12},"end":{"line":227,"column":14}},"69":{"start":{"line":213,"column":16},"end":{"line":226,"column":17}},"70":{"start":{"line":216,"column":46},"end":{"line":216,"column":81}},"71":{"start":{"line":228,"column":15},"end":{"line":242,"column":9}},"72":{"start":{"line":229,"column":12},"end":{"line":241,"column":13}},"73":{"start":{"line":245,"column":20},"end":{"line":278,"column":5}},"74":{"start":{"line":246,"column":8},"end":{"line":277,"column":9}},"75":{"start":{"line":247,"column":12},"end":{"line":262,"column":14}},"76":{"start":{"line":248,"column":16},"end":{"line":261,"column":17}},"77":{"start":{"line":251,"column":46},"end":{"line":251,"column":88}},"78":{"start":{"line":263,"column":15},"end":{"line":277,"column":9}},"79":{"start":{"line":264,"column":12},"end":{"line":276,"column":13}},"80":{"start":{"line":280,"column":20},"end":{"line":313,"column":5}},"81":{"start":{"line":281,"column":8},"end":{"line":312,"column":9}},"82":{"start":{"line":282,"column":12},"end":{"line":297,"column":14}},"83":{"start":{"line":283,"column":16},"end":{"line":296,"column":17}},"84":{"start":{"line":286,"column":46},"end":{"line":286,"column":69}},"85":{"start":{"line":299,"column":12},"end":{"line":311,"column":13}},"86":{"start":{"line":315,"column":20},"end":{"line":321,"column":5}},"87":{"start":{"line":316,"column":8},"end":{"line":320,"column":9}},"88":{"start":{"line":324,"column":24},"end":{"line":330,"column":5}},"89":{"start":{"line":325,"column":8},"end":{"line":329,"column":9}},"90":{"start":{"line":334,"column":26},"end":{"line":334,"column":48}},"91":{"start":{"line":335,"column":19},"end":{"line":335,"column":34}},"92":{"start":{"line":336,"column":20},"end":{"line":336,"column":36}},"93":{"start":{"line":337,"column":20},"end":{"line":337,"column":36}},"94":{"start":{"line":338,"column":20},"end":{"line":338,"column":36}},"95":{"start":{"line":339,"column":24},"end":{"line":339,"column":44}},"96":{"start":{"line":340,"column":8},"end":{"line":367,"column":9}},"97":{"start":{"line":373,"column":24},"end":{"line":378,"column":1}},"98":{"start":{"line":374,"column":4},"end":{"line":377,"column":5}},"99":{"start":{"line":380,"column":27},"end":{"line":384,"column":1}}},"fnMap":{"0":{"name":"(anonymous_0)","decl":{"start":{"line":17,"column":26},"end":{"line":17,"column":27}},"loc":{"start":{"line":17,"column":32},"end":{"line":19,"column":5}},"line":17},"1":{"name":"(anonymous_1)","decl":{"start":{"line":21,"column":19},"end":{"line":21,"column":20}},"loc":{"start":{"line":21,"column":25},"end":{"line":23,"column":5}},"line":21},"2":{"name":"(anonymous_2)","decl":{"start":{"line":25,"column":20},"end":{"line":25,"column":21}},"loc":{"start":{"line":25,"column":26},"end":{"line":27,"column":5}},"line":25},"3":{"name":"(anonymous_3)","decl":{"start":{"line":29,"column":20},"end":{"line":29,"column":21}},"loc":{"start":{"line":29,"column":26},"end":{"line":31,"column":5}},"line":29},"4":{"name":"(anonymous_4)","decl":{"start":{"line":33,"column":20},"end":{"line":33,"column":21}},"loc":{"start":{"line":33,"column":26},"end":{"line":35,"column":5}},"line":33},"5":{"name":"(anonymous_5)","decl":{"start":{"line":37,"column":24},"end":{"line":37,"column":25}},"loc":{"start":{"line":37,"column":30},"end":{"line":39,"column":5}},"line":37},"6":{"name":"(anonymous_6)","decl":{"start":{"line":41,"column":18},"end":{"line":41,"column":19}},"loc":{"start":{"line":41,"column":29},"end":{"line":50,"column":5}},"line":41},"7":{"name":"(anonymous_7)","decl":{"start":{"line":52,"column":17},"end":{"line":52,"column":18}},"loc":{"start":{"line":52,"column":26},"end":{"line":61,"column":5}},"line":52},"8":{"name":"(anonymous_8)","decl":{"start":{"line":63,"column":18},"end":{"line":63,"column":19}},"loc":{"start":{"line":63,"column":29},"end":{"line":73,"column":5}},"line":63},"9":{"name":"(anonymous_9)","decl":{"start":{"line":75,"column":24},"end":{"line":75,"column":25}},"loc":{"start":{"line":75,"column":30},"end":{"line":95,"column":5}},"line":75},"10":{"name":"(anonymous_10)","decl":{"start":{"line":97,"column":19},"end":{"line":97,"column":20}},"loc":{"start":{"line":97,"column":31},"end":{"line":110,"column":5}},"line":97},"11":{"name":"(anonymous_11)","decl":{"start":{"line":112,"column":21},"end":{"line":112,"column":22}},"loc":{"start":{"line":112,"column":33},"end":{"line":124,"column":5}},"line":112},"12":{"name":"(anonymous_12)","decl":{"start":{"line":126,"column":20},"end":{"line":126,"column":21}},"loc":{"start":{"line":126,"column":32},"end":{"line":138,"column":5}},"line":126},"13":{"name":"(anonymous_13)","decl":{"start":{"line":140,"column":26},"end":{"line":140,"column":27}},"loc":{"start":{"line":140,"column":32},"end":{"line":208,"column":5}},"line":140},"14":{"name":"(anonymous_14)","decl":{"start":{"line":210,"column":19},"end":{"line":210,"column":20}},"loc":{"start":{"line":210,"column":25},"end":{"line":243,"column":5}},"line":210},"15":{"name":"(anonymous_15)","decl":{"start":{"line":212,"column":38},"end":{"line":212,"column":39}},"loc":{"start":{"line":212,"column":45},"end":{"line":227,"column":13}},"line":212},"16":{"name":"(anonymous_16)","decl":{"start":{"line":216,"column":40},"end":{"line":216,"column":41}},"loc":{"start":{"line":216,"column":46},"end":{"line":216,"column":81}},"line":216},"17":{"name":"(anonymous_17)","decl":{"start":{"line":245,"column":20},"end":{"line":245,"column":21}},"loc":{"start":{"line":245,"column":26},"end":{"line":278,"column":5}},"line":245},"18":{"name":"(anonymous_18)","decl":{"start":{"line":247,"column":44},"end":{"line":247,"column":45}},"loc":{"start":{"line":247,"column":57},"end":{"line":262,"column":13}},"line":247},"19":{"name":"(anonymous_19)","decl":{"start":{"line":251,"column":40},"end":{"line":251,"column":41}},"loc":{"start":{"line":251,"column":46},"end":{"line":251,"column":88}},"line":251},"20":{"name":"(anonymous_20)","decl":{"start":{"line":280,"column":20},"end":{"line":280,"column":21}},"loc":{"start":{"line":280,"column":26},"end":{"line":313,"column":5}},"line":280},"21":{"name":"(anonymous_21)","decl":{"start":{"line":282,"column":44},"end":{"line":282,"column":45}},"loc":{"start":{"line":282,"column":53},"end":{"line":297,"column":13}},"line":282},"22":{"name":"(anonymous_22)","decl":{"start":{"line":286,"column":40},"end":{"line":286,"column":41}},"loc":{"start":{"line":286,"column":46},"end":{"line":286,"column":69}},"line":286},"23":{"name":"(anonymous_23)","decl":{"start":{"line":315,"column":20},"end":{"line":315,"column":21}},"loc":{"start":{"line":315,"column":26},"end":{"line":321,"column":5}},"line":315},"24":{"name":"(anonymous_24)","decl":{"start":{"line":324,"column":24},"end":{"line":324,"column":25}},"loc":{"start":{"line":324,"column":30},"end":{"line":330,"column":5}},"line":324},"25":{"name":"(anonymous_25)","decl":{"start":{"line":333,"column":4},"end":{"line":333,"column":5}},"loc":{"start":{"line":333,"column":13},"end":{"line":368,"column":5}},"line":333},"26":{"name":"(anonymous_26)","decl":{"start":{"line":373,"column":24},"end":{"line":373,"column":25}},"loc":{"start":{"line":373,"column":35},"end":{"line":378,"column":1}},"line":373}},"branchMap":{"0":{"loc":{"start":{"line":80,"column":12},"end":{"line":91,"column":13}},"type":"if","locations":[{"start":{"line":80,"column":12},"end":{"line":91,"column":13}},{"start":{"line":80,"column":12},"end":{"line":91,"column":13}}],"line":80},"1":{"loc":{"start":{"line":81,"column":16},"end":{"line":90,"column":17}},"type":"switch","locations":[{"start":{"line":82,"column":20},"end":{"line":87,"column":30}},{"start":{"line":88,"column":20},"end":{"line":89,"column":30}}],"line":81},"2":{"loc":{"start":{"line":101,"column":12},"end":{"line":106,"column":13}},"type":"if","locations":[{"start":{"line":101,"column":12},"end":{"line":106,"column":13}},{"start":{"line":101,"column":12},"end":{"line":106,"column":13}}],"line":101},"3":{"loc":{"start":{"line":116,"column":12},"end":{"line":120,"column":13}},"type":"if","locations":[{"start":{"line":116,"column":12},"end":{"line":120,"column":13}},{"start":{"line":116,"column":12},"end":{"line":120,"column":13}}],"line":116},"4":{"loc":{"start":{"line":130,"column":12},"end":{"line":134,"column":13}},"type":"if","locations":[{"start":{"line":130,"column":12},"end":{"line":134,"column":13}},{"start":{"line":130,"column":12},"end":{"line":134,"column":13}}],"line":130},"5":{"loc":{"start":{"line":211,"column":8},"end":{"line":242,"column":9}},"type":"if","locations":[{"start":{"line":211,"column":8},"end":{"line":242,"column":9}},{"start":{"line":211,"column":8},"end":{"line":242,"column":9}}],"line":211},"6":{"loc":{"start":{"line":228,"column":15},"end":{"line":242,"column":9}},"type":"if","locations":[{"start":{"line":228,"column":15},"end":{"line":242,"column":9}},{"start":{"line":228,"column":15},"end":{"line":242,"column":9}}],"line":228},"7":{"loc":{"start":{"line":246,"column":8},"end":{"line":277,"column":9}},"type":"if","locations":[{"start":{"line":246,"column":8},"end":{"line":277,"column":9}},{"start":{"line":246,"column":8},"end":{"line":277,"column":9}}],"line":246},"8":{"loc":{"start":{"line":263,"column":15},"end":{"line":277,"column":9}},"type":"if","locations":[{"start":{"line":263,"column":15},"end":{"line":277,"column":9}},{"start":{"line":263,"column":15},"end":{"line":277,"column":9}}],"line":263},"9":{"loc":{"start":{"line":281,"column":8},"end":{"line":312,"column":9}},"type":"if","locations":[{"start":{"line":281,"column":8},"end":{"line":312,"column":9}},{"start":{"line":281,"column":8},"end":{"line":312,"column":9}}],"line":281},"10":{"loc":{"start":{"line":357,"column":33},"end":{"line":357,"column":78}},"type":"cond-expr","locations":[{"start":{"line":357,"column":47},"end":{"line":357,"column":73}},{"start":{"line":357,"column":76},"end":{"line":357,"column":78}}],"line":357},"11":{"loc":{"start":{"line":358,"column":33},"end":{"line":358,"column":64}},"type":"cond-expr","locations":[{"start":{"line":358,"column":40},"end":{"line":358,"column":59}},{"start":{"line":358,"column":62},"end":{"line":358,"column":64}}],"line":358},"12":{"loc":{"start":{"line":359,"column":33},"end":{"line":359,"column":66}},"type":"cond-expr","locations":[{"start":{"line":359,"column":41},"end":{"line":359,"column":61}},{"start":{"line":359,"column":64},"end":{"line":359,"column":66}}],"line":359},"13":{"loc":{"start":{"line":360,"column":33},"end":{"line":360,"column":66}},"type":"cond-expr","locations":[{"start":{"line":360,"column":41},"end":{"line":360,"column":61}},{"start":{"line":360,"column":64},"end":{"line":360,"column":66}}],"line":360},"14":{"loc":{"start":{"line":361,"column":33},"end":{"line":361,"column":66}},"type":"cond-expr","locations":[{"start":{"line":361,"column":41},"end":{"line":361,"column":61}},{"start":{"line":361,"column":64},"end":{"line":361,"column":66}}],"line":361}},"s":{"0":1,"1":1,"2":0,"3":1,"4":0,"5":1,"6":0,"7":1,"8":0,"9":1,"10":0,"11":1,"12":0,"13":1,"14":0,"15":0,"16":0,"17":0,"18":1,"19":0,"20":0,"21":0,"22":0,"23":1,"24":0,"25":0,"26":0,"27":0,"28":1,"29":1,"30":1,"31":1,"32":1,"33":1,"34":0,"35":0,"36":0,"37":0,"38":0,"39":1,"40":1,"41":1,"42":0,"43":0,"44":0,"45":0,"46":0,"47":1,"48":1,"49":1,"50":1,"51":0,"52":0,"53":0,"54":0,"55":1,"56":1,"57":1,"58":1,"59":0,"60":0,"61":0,"62":0,"63":1,"64":1,"65":1,"66":1,"67":0,"68":0,"69":0,"70":0,"71":0,"72":0,"73":1,"74":0,"75":0,"76":0,"77":0,"78":0,"79":0,"80":1,"81":0,"82":0,"83":0,"84":0,"85":0,"86":1,"87":0,"88":1,"89":0,"90":1,"91":1,"92":1,"93":1,"94":1,"95":1,"96":1,"97":1,"98":0,"99":1},"f":{"0":0,"1":0,"2":0,"3":0,"4":0,"5":0,"6":0,"7":0,"8":0,"9":1,"10":1,"11":1,"12":1,"13":1,"14":0,"15":0,"16":0,"17":0,"18":0,"19":0,"20":0,"21":0,"22":0,"23":0,"24":0,"25":1,"26":0},"b":{"0":[0,1],"1":[0,0],"2":[0,0],"3":[0,0],"4":[0,0],"5":[0,0],"6":[0,0],"7":[0,0],"8":[0,0],"9":[0,0],"10":[1,0],"11":[0,1],"12":[0,1],"13":[0,1],"14":[0,1]},"_coverageSchema":"43e27e138ebf9cfc5966b082cf9a028302ed4184","hash":"4abf6f9ca2693d898d0af4cd5fae2370de7e305f"}
,"E:\\FINAL PROJECT\\front-end-tanker-squad\\src\\components\\Lessons\\file.js": {"path":"E:\\FINAL PROJECT\\front-end-tanker-squad\\src\\components\\Lessons\\file.js","statementMap":{"0":{"start":{"line":9,"column":8},"end":{"line":41,"column":9}},"1":{"start":{"line":47,"column":24},"end":{"line":51,"column":1}},"2":{"start":{"line":48,"column":4},"end":{"line":50,"column":5}}},"fnMap":{"0":{"name":"(anonymous_0)","decl":{"start":{"line":8,"column":4},"end":{"line":8,"column":5}},"loc":{"start":{"line":8,"column":13},"end":{"line":42,"column":5}},"line":8},"1":{"name":"(anonymous_1)","decl":{"start":{"line":47,"column":24},"end":{"line":47,"column":25}},"loc":{"start":{"line":47,"column":35},"end":{"line":51,"column":1}},"line":47}},"branchMap":{},"s":{"0":0,"1":1,"2":0},"f":{"0":0,"1":0},"b":{},"_coverageSchema":"43e27e138ebf9cfc5966b082cf9a028302ed4184","hash":"e334484fc56d913e489c86f2d19389ca7f25e750"}
,"E:\\FINAL PROJECT\\front-end-tanker-squad\\src\\components\\Lessons\\tugasTrainee.js": {"path":"E:\\FINAL PROJECT\\front-end-tanker-squad\\src\\components\\Lessons\\tugasTrainee.js","statementMap":{"0":{"start":{"line":12,"column":12},"end":{"line":12,"column":102}},"1":{"start":{"line":14,"column":25},"end":{"line":23,"column":5}},"2":{"start":{"line":15,"column":8},"end":{"line":22,"column":9}},"3":{"start":{"line":16,"column":12},"end":{"line":19,"column":14}},"4":{"start":{"line":21,"column":12},"end":{"line":21,"column":30}},"5":{"start":{"line":25,"column":25},"end":{"line":31,"column":5}},"6":{"start":{"line":26,"column":8},"end":{"line":30,"column":9}},"7":{"start":{"line":27,"column":12},"end":{"line":27,"column":56}},"8":{"start":{"line":29,"column":12},"end":{"line":29,"column":30}},"9":{"start":{"line":33,"column":31},"end":{"line":39,"column":5}},"10":{"start":{"line":34,"column":8},"end":{"line":38,"column":9}},"11":{"start":{"line":35,"column":12},"end":{"line":35,"column":62}},"12":{"start":{"line":37,"column":12},"end":{"line":37,"column":30}},"13":{"start":{"line":41,"column":23},"end":{"line":47,"column":5}},"14":{"start":{"line":42,"column":8},"end":{"line":46,"column":9}},"15":{"start":{"line":43,"column":12},"end":{"line":43,"column":49}},"16":{"start":{"line":45,"column":12},"end":{"line":45,"column":30}},"17":{"start":{"line":49,"column":24},"end":{"line":55,"column":5}},"18":{"start":{"line":50,"column":8},"end":{"line":54,"column":9}},"19":{"start":{"line":51,"column":12},"end":{"line":51,"column":50}},"20":{"start":{"line":53,"column":12},"end":{"line":53,"column":30}},"21":{"start":{"line":57,"column":29},"end":{"line":63,"column":5}},"22":{"start":{"line":58,"column":8},"end":{"line":62,"column":9}},"23":{"start":{"line":59,"column":12},"end":{"line":59,"column":44}},"24":{"start":{"line":61,"column":12},"end":{"line":61,"column":30}},"25":{"start":{"line":65,"column":24},"end":{"line":97,"column":5}},"26":{"start":{"line":66,"column":8},"end":{"line":96,"column":9}},"27":{"start":{"line":67,"column":12},"end":{"line":93,"column":19}},"28":{"start":{"line":74,"column":20},"end":{"line":74,"column":59}},"29":{"start":{"line":75,"column":20},"end":{"line":92,"column":21}},"30":{"start":{"line":76,"column":42},"end":{"line":76,"column":62}},"31":{"start":{"line":77,"column":24},"end":{"line":77,"column":79}},"32":{"start":{"line":78,"column":41},"end":{"line":78,"column":102}},"33":{"start":{"line":79,"column":37},"end":{"line":79,"column":58}},"34":{"start":{"line":80,"column":24},"end":{"line":80,"column":67}},"35":{"start":{"line":81,"column":46},"end":{"line":81,"column":197}},"36":{"start":{"line":82,"column":24},"end":{"line":89,"column":25}},"37":{"start":{"line":83,"column":28},"end":{"line":83,"column":60}},"38":{"start":{"line":84,"column":28},"end":{"line":84,"column":59}},"39":{"start":{"line":85,"column":28},"end":{"line":85,"column":64}},"40":{"start":{"line":87,"column":28},"end":{"line":87,"column":58}},"41":{"start":{"line":88,"column":28},"end":{"line":88,"column":56}},"42":{"start":{"line":91,"column":24},"end":{"line":91,"column":66}},"43":{"start":{"line":95,"column":12},"end":{"line":95,"column":30}},"44":{"start":{"line":99,"column":17},"end":{"line":163,"column":5}},"45":{"start":{"line":100,"column":8},"end":{"line":162,"column":9}},"46":{"start":{"line":101,"column":12},"end":{"line":116,"column":13}},"47":{"start":{"line":117,"column":15},"end":{"line":162,"column":9}},"48":{"start":{"line":118,"column":12},"end":{"line":138,"column":13}},"49":{"start":{"line":139,"column":15},"end":{"line":162,"column":9}},"50":{"start":{"line":140,"column":12},"end":{"line":161,"column":13}},"51":{"start":{"line":167,"column":20},"end":{"line":167,"column":36}},"52":{"start":{"line":168,"column":8},"end":{"line":199,"column":9}},"53":{"start":{"line":205,"column":24},"end":{"line":212,"column":1}},"54":{"start":{"line":206,"column":4},"end":{"line":211,"column":5}}},"fnMap":{"0":{"name":"(anonymous_0)","decl":{"start":{"line":14,"column":25},"end":{"line":14,"column":26}},"loc":{"start":{"line":14,"column":42},"end":{"line":23,"column":5}},"line":14},"1":{"name":"(anonymous_1)","decl":{"start":{"line":25,"column":25},"end":{"line":25,"column":26}},"loc":{"start":{"line":25,"column":36},"end":{"line":31,"column":5}},"line":25},"2":{"name":"(anonymous_2)","decl":{"start":{"line":33,"column":31},"end":{"line":33,"column":32}},"loc":{"start":{"line":33,"column":42},"end":{"line":39,"column":5}},"line":33},"3":{"name":"(anonymous_3)","decl":{"start":{"line":41,"column":23},"end":{"line":41,"column":24}},"loc":{"start":{"line":41,"column":29},"end":{"line":47,"column":5}},"line":41},"4":{"name":"(anonymous_4)","decl":{"start":{"line":49,"column":24},"end":{"line":49,"column":25}},"loc":{"start":{"line":49,"column":36},"end":{"line":55,"column":5}},"line":49},"5":{"name":"(anonymous_5)","decl":{"start":{"line":57,"column":29},"end":{"line":57,"column":30}},"loc":{"start":{"line":57,"column":35},"end":{"line":63,"column":5}},"line":57},"6":{"name":"(anonymous_6)","decl":{"start":{"line":65,"column":24},"end":{"line":65,"column":25}},"loc":{"start":{"line":65,"column":36},"end":{"line":97,"column":5}},"line":65},"7":{"name":"(anonymous_7)","decl":{"start":{"line":73,"column":22},"end":{"line":73,"column":23}},"loc":{"start":{"line":73,"column":44},"end":{"line":93,"column":17}},"line":73},"8":{"name":"(anonymous_8)","decl":{"start":{"line":99,"column":17},"end":{"line":99,"column":18}},"loc":{"start":{"line":99,"column":23},"end":{"line":163,"column":5}},"line":99},"9":{"name":"(anonymous_9)","decl":{"start":{"line":166,"column":4},"end":{"line":166,"column":5}},"loc":{"start":{"line":166,"column":13},"end":{"line":200,"column":5}},"line":166},"10":{"name":"(anonymous_10)","decl":{"start":{"line":205,"column":24},"end":{"line":205,"column":25}},"loc":{"start":{"line":205,"column":35},"end":{"line":212,"column":1}},"line":205}},"branchMap":{"0":{"loc":{"start":{"line":75,"column":20},"end":{"line":92,"column":21}},"type":"if","locations":[{"start":{"line":75,"column":20},"end":{"line":92,"column":21}},{"start":{"line":75,"column":20},"end":{"line":92,"column":21}}],"line":75},"1":{"loc":{"start":{"line":82,"column":24},"end":{"line":89,"column":25}},"type":"if","locations":[{"start":{"line":82,"column":24},"end":{"line":89,"column":25}},{"start":{"line":82,"column":24},"end":{"line":89,"column":25}}],"line":82},"2":{"loc":{"start":{"line":100,"column":8},"end":{"line":162,"column":9}},"type":"if","locations":[{"start":{"line":100,"column":8},"end":{"line":162,"column":9}},{"start":{"line":100,"column":8},"end":{"line":162,"column":9}}],"line":100},"3":{"loc":{"start":{"line":117,"column":15},"end":{"line":162,"column":9}},"type":"if","locations":[{"start":{"line":117,"column":15},"end":{"line":162,"column":9}},{"start":{"line":117,"column":15},"end":{"line":162,"column":9}}],"line":117},"4":{"loc":{"start":{"line":139,"column":15},"end":{"line":162,"column":9}},"type":"if","locations":[{"start":{"line":139,"column":15},"end":{"line":162,"column":9}},{"start":{"line":139,"column":15},"end":{"line":162,"column":9}}],"line":139},"5":{"loc":{"start":{"line":185,"column":25},"end":{"line":185,"column":55}},"type":"cond-expr","locations":[{"start":{"line":185,"column":33},"end":{"line":185,"column":50}},{"start":{"line":185,"column":53},"end":{"line":185,"column":55}}],"line":185}},"s":{"0":0,"1":0,"2":0,"3":0,"4":0,"5":0,"6":0,"7":0,"8":0,"9":0,"10":0,"11":0,"12":0,"13":0,"14":0,"15":0,"16":0,"17":0,"18":0,"19":0,"20":0,"21":0,"22":0,"23":0,"24":0,"25":0,"26":0,"27":0,"28":0,"29":0,"30":0,"31":0,"32":0,"33":0,"34":0,"35":0,"36":0,"37":0,"38":0,"39":0,"40":0,"41":0,"42":0,"43":0,"44":0,"45":0,"46":0,"47":0,"48":0,"49":0,"50":0,"51":0,"52":0,"53":1,"54":0},"f":{"0":0,"1":0,"2":0,"3":0,"4":0,"5":0,"6":0,"7":0,"8":0,"9":0,"10":0},"b":{"0":[0,0],"1":[0,0],"2":[0,0],"3":[0,0],"4":[0,0],"5":[0,0]},"_coverageSchema":"43e27e138ebf9cfc5966b082cf9a028302ed4184","hash":"e25f3ea2ed24207c9a9ff4ee9839abecb5b6cd1d"}
,"E:\\FINAL PROJECT\\front-end-tanker-squad\\src\\components\\Lessons\\videoTrainee.js": {"path":"E:\\FINAL PROJECT\\front-end-tanker-squad\\src\\components\\Lessons\\videoTrainee.js","statementMap":{"0":{"start":{"line":11,"column":8},"end":{"line":45,"column":10}},"1":{"start":{"line":50,"column":24},"end":{"line":54,"column":1}},"2":{"start":{"line":51,"column":4},"end":{"line":53,"column":5}}},"fnMap":{"0":{"name":"(anonymous_0)","decl":{"start":{"line":10,"column":4},"end":{"line":10,"column":5}},"loc":{"start":{"line":10,"column":13},"end":{"line":46,"column":5}},"line":10},"1":{"name":"(anonymous_1)","decl":{"start":{"line":22,"column":46},"end":{"line":22,"column":47}},"loc":{"start":{"line":22,"column":52},"end":{"line":22,"column":55}},"line":22},"2":{"name":"(anonymous_2)","decl":{"start":{"line":50,"column":24},"end":{"line":50,"column":25}},"loc":{"start":{"line":50,"column":35},"end":{"line":54,"column":1}},"line":50}},"branchMap":{},"s":{"0":0,"1":1,"2":0},"f":{"0":0,"1":0,"2":0},"b":{},"_coverageSchema":"43e27e138ebf9cfc5966b082cf9a028302ed4184","hash":"ce10267438a820ce4a3fa7cc760741e5222fb3c2"}
,"E:\\FINAL PROJECT\\front-end-tanker-squad\\src\\components\\MainTrainee\\ListScoreTrainee.js": {"path":"E:\\FINAL PROJECT\\front-end-tanker-squad\\src\\components\\MainTrainee\\ListScoreTrainee.js","statementMap":{"0":{"start":{"line":8,"column":12},"end":{"line":8,"column":25}},"1":{"start":{"line":11,"column":24},"end":{"line":20,"column":5}},"2":{"start":{"line":12,"column":8},"end":{"line":19,"column":9}},"3":{"start":{"line":13,"column":20},"end":{"line":13,"column":58}},"4":{"start":{"line":14,"column":29},"end":{"line":14,"column":83}},"5":{"start":{"line":15,"column":25},"end":{"line":15,"column":46}},"6":{"start":{"line":16,"column":12},"end":{"line":16,"column":42}},"7":{"start":{"line":18,"column":12},"end":{"line":18,"column":30}},"8":{"start":{"line":22,"column":24},"end":{"line":37,"column":5}},"9":{"start":{"line":23,"column":8},"end":{"line":36,"column":9}},"10":{"start":{"line":24,"column":20},"end":{"line":24,"column":21}},"11":{"start":{"line":25,"column":12},"end":{"line":35,"column":14}},"12":{"start":{"line":26,"column":16},"end":{"line":26,"column":19}},"13":{"start":{"line":27,"column":16},"end":{"line":34,"column":18}},"14":{"start":{"line":39,"column":17},"end":{"line":50,"column":5}},"15":{"start":{"line":40,"column":8},"end":{"line":49,"column":9}},"16":{"start":{"line":41,"column":29},"end":{"line":41,"column":151}},"17":{"start":{"line":42,"column":25},"end":{"line":42,"column":46}},"18":{"start":{"line":43,"column":20},"end":{"line":45,"column":13}},"19":{"start":{"line":46,"column":12},"end":{"line":46,"column":27}},"20":{"start":{"line":48,"column":12},"end":{"line":48,"column":30}},"21":{"start":{"line":54,"column":8},"end":{"line":87,"column":10}},"22":{"start":{"line":92,"column":24},"end":{"line":99,"column":1}},"23":{"start":{"line":93,"column":4},"end":{"line":98,"column":6}}},"fnMap":{"0":{"name":"(anonymous_0)","decl":{"start":{"line":11,"column":24},"end":{"line":11,"column":25}},"loc":{"start":{"line":11,"column":36},"end":{"line":20,"column":5}},"line":11},"1":{"name":"(anonymous_1)","decl":{"start":{"line":22,"column":24},"end":{"line":22,"column":25}},"loc":{"start":{"line":22,"column":30},"end":{"line":37,"column":5}},"line":22},"2":{"name":"(anonymous_2)","decl":{"start":{"line":25,"column":40},"end":{"line":25,"column":41}},"loc":{"start":{"line":25,"column":48},"end":{"line":35,"column":13}},"line":25},"3":{"name":"(anonymous_3)","decl":{"start":{"line":39,"column":17},"end":{"line":39,"column":18}},"loc":{"start":{"line":39,"column":29},"end":{"line":50,"column":5}},"line":39},"4":{"name":"(anonymous_4)","decl":{"start":{"line":53,"column":4},"end":{"line":53,"column":5}},"loc":{"start":{"line":53,"column":13},"end":{"line":88,"column":5}},"line":53},"5":{"name":"(anonymous_5)","decl":{"start":{"line":92,"column":24},"end":{"line":92,"column":25}},"loc":{"start":{"line":92,"column":33},"end":{"line":99,"column":1}},"line":92}},"branchMap":{"0":{"loc":{"start":{"line":23,"column":8},"end":{"line":36,"column":9}},"type":"if","locations":[{"start":{"line":23,"column":8},"end":{"line":36,"column":9}},{"start":{"line":23,"column":8},"end":{"line":36,"column":9}}],"line":23}},"s":{"0":1,"1":1,"2":1,"3":1,"4":0,"5":0,"6":0,"7":1,"8":1,"9":1,"10":1,"11":1,"12":0,"13":0,"14":1,"15":0,"16":0,"17":0,"18":0,"19":0,"20":0,"21":1,"22":2,"23":0},"f":{"0":1,"1":1,"2":0,"3":0,"4":1,"5":0},"b":{"0":[1,0]},"_coverageSchema":"43e27e138ebf9cfc5966b082cf9a028302ed4184","hash":"09e8f3a174c22005b85418b840eb143c261d2c3e"}
,"E:\\FINAL PROJECT\\front-end-tanker-squad\\src\\components\\MainTrainee\\detailClass.js": {"path":"E:\\FINAL PROJECT\\front-end-tanker-squad\\src\\components\\MainTrainee\\detailClass.js","statementMap":{"0":{"start":{"line":8,"column":17},"end":{"line":8,"column":38}},"1":{"start":{"line":11,"column":10},"end":{"line":11,"column":33}},"2":{"start":{"line":14,"column":4},"end":{"line":20,"column":5}},"3":{"start":{"line":15,"column":6},"end":{"line":17,"column":9}},"4":{"start":{"line":19,"column":6},"end":{"line":19,"column":24}},"5":{"start":{"line":23,"column":22},"end":{"line":33,"column":3}},"6":{"start":{"line":24,"column":4},"end":{"line":32,"column":5}},"7":{"start":{"line":25,"column":23},"end":{"line":25,"column":107}},"8":{"start":{"line":26,"column":6},"end":{"line":26,"column":46}},"9":{"start":{"line":27,"column":19},"end":{"line":27,"column":40}},"10":{"start":{"line":28,"column":6},"end":{"line":28,"column":36}},"11":{"start":{"line":29,"column":6},"end":{"line":29,"column":53}},"12":{"start":{"line":31,"column":6},"end":{"line":31,"column":24}},"13":{"start":{"line":35,"column":14},"end":{"line":43,"column":3}},"14":{"start":{"line":36,"column":4},"end":{"line":42,"column":5}},"15":{"start":{"line":37,"column":6},"end":{"line":39,"column":8}},"16":{"start":{"line":41,"column":6},"end":{"line":41,"column":24}},"17":{"start":{"line":47,"column":4},"end":{"line":107,"column":6}},"18":{"start":{"line":111,"column":27},"end":{"line":113,"column":1}},"19":{"start":{"line":115,"column":24},"end":{"line":121,"column":1}},"20":{"start":{"line":116,"column":2},"end":{"line":120,"column":4}}},"fnMap":{"0":{"name":"(anonymous_0)","decl":{"start":{"line":13,"column":2},"end":{"line":13,"column":3}},"loc":{"start":{"line":13,"column":32},"end":{"line":21,"column":3}},"line":13},"1":{"name":"(anonymous_1)","decl":{"start":{"line":23,"column":22},"end":{"line":23,"column":23}},"loc":{"start":{"line":23,"column":34},"end":{"line":33,"column":3}},"line":23},"2":{"name":"(anonymous_2)","decl":{"start":{"line":35,"column":14},"end":{"line":35,"column":15}},"loc":{"start":{"line":35,"column":20},"end":{"line":43,"column":3}},"line":35},"3":{"name":"(anonymous_3)","decl":{"start":{"line":46,"column":2},"end":{"line":46,"column":3}},"loc":{"start":{"line":46,"column":11},"end":{"line":108,"column":3}},"line":46},"4":{"name":"(anonymous_4)","decl":{"start":{"line":115,"column":24},"end":{"line":115,"column":25}},"loc":{"start":{"line":115,"column":33},"end":{"line":121,"column":1}},"line":115}},"branchMap":{},"s":{"0":1,"1":1,"2":0,"3":0,"4":0,"5":1,"6":0,"7":0,"8":0,"9":0,"10":0,"11":0,"12":0,"13":1,"14":0,"15":0,"16":0,"17":1,"18":1,"19":1,"20":0},"f":{"0":0,"1":0,"2":0,"3":1,"4":0},"b":{},"_coverageSchema":"43e27e138ebf9cfc5966b082cf9a028302ed4184","hash":"6cdd8553439e0a958c502f6f985f729e66b903af"}
[...]
d":{"line":56,"column":1}},"29":{"start":{"line":52,"column":4},"end":{"line":54,"column":5}},"30":{"start":{"line":53,"column":8},"end":{"line":53,"column":30}},"31":{"start":{"line":55,"column":4},"end":{"line":55,"column":21}}},"fnMap":{"0":{"name":"(anonymous_0)","decl":{"start":{"line":1,"column":35},"end":{"line":1,"column":36}},"loc":{"start":{"line":1,"column":68},"end":{"line":6,"column":1}},"line":1},"1":{"name":"(anonymous_1)","decl":{"start":{"line":9,"column":38},"end":{"line":9,"column":39}},"loc":{"start":{"line":9,"column":66},"end":{"line":14,"column":1}},"line":9},"2":{"name":"(anonymous_2)","decl":{"start":{"line":16,"column":40},"end":{"line":16,"column":41}},"loc":{"start":{"line":16,"column":70},"end":{"line":21,"column":1}},"line":16},"3":{"name":"(anonymous_3)","decl":{"start":{"line":23,"column":40},"end":{"line":23,"column":41}},"loc":{"start":{"line":23,"column":71},"end":{"line":28,"column":1}},"line":23},"4":{"name":"(anonymous_4)","decl":{"start":{"line":30,"column":28},"end":{"line":30,"column":29}},"loc":{"start":{"line":30,"column":54},"end":{"line":35,"column":1}},"line":30},"5":{"name":"(anonymous_5)","decl":{"start":{"line":37,"column":36},"end":{"line":37,"column":37}},"loc":{"start":{"line":37,"column":68},"end":{"line":42,"column":1}},"line":37},"6":{"name":"(anonymous_6)","decl":{"start":{"line":44,"column":33},"end":{"line":44,"column":34}},"loc":{"start":{"line":44,"column":62},"end":{"line":49,"column":1}},"line":44},"7":{"name":"(anonymous_7)","decl":{"start":{"line":51,"column":32},"end":{"line":51,"column":33}},"loc":{"start":{"line":51,"column":60},"end":{"line":56,"column":1}},"line":51}},"branchMap":{"0":{"loc":{"start":{"line":1,"column":36},"end":{"line":1,"column":55}},"type":"default-arg","locations":[{"start":{"line":1,"column":51},"end":{"line":1,"column":55}}],"line":1},"1":{"loc":{"start":{"line":2,"column":4},"end":{"line":4,"column":5}},"type":"if","locations":[{"start":{"line":2,"column":4},"end":{"line":4,"column":5}},{"start":{"line":2,"column":4},"end":{"line":4,"column":5}}],"line":2},"2":{"loc":{"start":{"line":9,"column":39},"end":{"line":9,"column":53}},"type":"default-arg","locations":[{"start":{"line":9,"column":52},"end":{"line":9,"column":53}}],"line":9},"3":{"loc":{"start":{"line":10,"column":4},"end":{"line":12,"column":5}},"type":"if","locations":[{"start":{"line":10,"column":4},"end":{"line":12,"column":5}},{"start":{"line":10,"column":4},"end":{"line":12,"column":5}}],"line":10},"4":{"loc":{"start":{"line":16,"column":41},"end":{"line":16,"column":57}},"type":"default-arg","locations":[{"start":{"line":16,"column":56},"end":{"line":16,"column":57}}],"line":16},"5":{"loc":{"start":{"line":17,"column":4},"end":{"line":19,"column":5}},"type":"if","locations":[{"start":{"line":17,"column":4},"end":{"line":19,"column":5}},{"start":{"line":17,"column":4},"end":{"line":19,"column":5}}],"line":17},"6":{"loc":{"start":{"line":23,"column":41},"end":{"line":23,"column":58}},"type":"default-arg","locations":[{"start":{"line":23,"column":56},"end":{"line":23,"column":58}}],"line":23},"7":{"loc":{"start":{"line":24,"column":4},"end":{"line":26,"column":5}},"type":"if","locations":[{"start":{"line":24,"column":4},"end":{"line":26,"column":5}},{"start":{"line":24,"column":4},"end":{"line":26,"column":5}}],"line":24},"8":{"loc":{"start":{"line":30,"column":29},"end":{"line":30,"column":41}},"type":"default-arg","locations":[{"start":{"line":30,"column":40},"end":{"line":30,"column":41}}],"line":30},"9":{"loc":{"start":{"line":31,"column":4},"end":{"line":33,"column":5}},"type":"if","locations":[{"start":{"line":31,"column":4},"end":{"line":33,"column":5}},{"start":{"line":31,"column":4},"end":{"line":33,"column":5}}],"line":31},"10":{"loc":{"start":{"line":37,"column":37},"end":{"line":37,"column":55}},"type":"default-arg","locations":[{"start":{"line":37,"column":53},"end":{"line":37,"column":55}}],"line":37},"11":{"loc":{"start":{"line":38,"column":4},"end":{"line":40,"column":5}},"type":"if","locations":[{"start":{"line":38,"column":4},"end":{"line":40,"column":5}},{"start":{"line":38,"column":4},"end":{"line":40,"column":5}}],"line":38},"12":{"loc":{"start":{"line":44,"column":34},"end":{"line":44,"column":49}},"type":"default-arg","locations":[{"start":{"line":44,"column":47},"end":{"line":44,"column":49}}],"line":44},"13":{"loc":{"start":{"line":45,"column":4},"end":{"line":47,"column":5}},"type":"if","locations":[{"start":{"line":45,"column":4},"end":{"line":47,"column":5}},{"start":{"line":45,"column":4},"end":{"line":47,"column":5}}],"line":45},"14":{"loc":{"start":{"line":51,"column":33},"end":{"line":51,"column":47}},"type":"default-arg","locations":[{"start":{"line":51,"column":45},"end":{"line":51,"column":47}}],"line":51},"15":{"loc":{"start":{"line":52,"column":4},"end":{"line":54,"column":5}},"type":"if","locations":[{"start":{"line":52,"column":4},"end":{"line":54,"column":5}},{"start":{"line":52,"column":4},"end":{"line":54,"column":5}}],"line":52}},"s":{"0":1,"1":2,"2":1,"3":1,"4":1,"5":2,"6":1,"7":1,"8":1,"9":2,"10":1,"11":1,"12":1,"13":2,"14":1,"15":1,"16":1,"17":2,"18":1,"19":1,"20":1,"21":2,"22":1,"23":1,"24":1,"25":2,"26":1,"27":1,"28":1,"29":2,"30":1,"31":1},"f":{"0":2,"1":2,"2":2,"3":2,"4":2,"5":2,"6":2,"7":2},"b":{"0":[0],"1":[1,1],"2":[0],"3":[1,1],"4":[0],"5":[1,1],"6":[0],"7":[1,1],"8":[0],"9":[1,1],"10":[0],"11":[1,1],"12":[0],"13":[1,1],"14":[0],"15":[1,1]},"_coverageSchema":"43e27e138ebf9cfc5966b082cf9a028302ed4184","hash":"b6ff8ca8d71245271056e27c84db72d82c673ef3"}
,"E:\\FINAL PROJECT\\front-end-tanker-squad\\src\\reducers\\trainer\\index.js": {"path":"E:\\FINAL PROJECT\\front-end-tanker-squad\\src\\reducers\\trainer\\index.js","statementMap":{"0":{"start":{"line":1,"column":35},"end":{"line":6,"column":1}},"1":{"start":{"line":2,"column":4},"end":{"line":4,"column":5}},"2":{"start":{"line":3,"column":8},"end":{"line":3,"column":30}},"3":{"start":{"line":5,"column":4},"end":{"line":5,"column":24}},"4":{"start":{"line":8,"column":39},"end":{"line":13,"column":1}},"5":{"start":{"line":9,"column":4},"end":{"line":11,"column":5}},"6":{"start":{"line":10,"column":8},"end":{"line":10,"column":30}},"7":{"start":{"line":12,"column":4},"end":{"line":12,"column":24}},"8":{"start":{"line":16,"column":38},"end":{"line":21,"column":1}},"9":{"start":{"line":17,"column":4},"end":{"line":19,"column":5}},"10":{"start":{"line":18,"column":8},"end":{"line":18,"column":30}},"11":{"start":{"line":20,"column":4},"end":{"line":20,"column":22}},"12":{"start":{"line":23,"column":40},"end":{"line":28,"column":1}},"13":{"start":{"line":24,"column":4},"end":{"line":26,"column":5}},"14":{"start":{"line":25,"column":8},"end":{"line":25,"column":30}},"15":{"start":{"line":27,"column":4},"end":{"line":27,"column":24}},"16":{"start":{"line":30,"column":40},"end":{"line":35,"column":1}},"17":{"start":{"line":31,"column":4},"end":{"line":33,"column":5}},"18":{"start":{"line":32,"column":8},"end":{"line":32,"column":30}},"19":{"start":{"line":34,"column":4},"end":{"line":34,"column":24}},"20":{"start":{"line":37,"column":37},"end":{"line":42,"column":1}},"21":{"start":{"line":38,"column":4},"end":{"line":40,"column":5}},"22":{"start":{"line":39,"column":8},"end":{"line":39,"column":30}},"23":{"start":{"line":41,"column":4},"end":{"line":41,"column":24}},"24":{"start":{"line":44,"column":34},"end":{"line":49,"column":1}},"25":{"start":{"line":45,"column":4},"end":{"line":47,"column":5}},"26":{"start":{"line":46,"column":8},"end":{"line":46,"column":30}},"27":{"start":{"line":48,"column":4},"end":{"line":48,"column":24}},"28":{"start":{"line":51,"column":34},"end":{"line":56,"column":1}},"29":{"start":{"line":52,"column":4},"end":{"line":54,"column":5}},"30":{"start":{"line":53,"column":8},"end":{"line":53,"column":30}},"31":{"start":{"line":55,"column":4},"end":{"line":55,"column":23}}},"fnMap":{"0":{"name":"(anonymous_0)","decl":{"start":{"line":1,"column":35},"end":{"line":1,"column":36}},"loc":{"start":{"line":1,"column":65},"end":{"line":6,"column":1}},"line":1},"1":{"name":"(anonymous_1)","decl":{"start":{"line":8,"column":39},"end":{"line":8,"column":40}},"loc":{"start":{"line":8,"column":70},"end":{"line":13,"column":1}},"line":8},"2":{"name":"(anonymous_2)","decl":{"start":{"line":16,"column":38},"end":{"line":16,"column":39}},"loc":{"start":{"line":16,"column":66},"end":{"line":21,"column":1}},"line":16},"3":{"name":"(anonymous_3)","decl":{"start":{"line":23,"column":40},"end":{"line":23,"column":41}},"loc":{"start":{"line":23,"column":70},"end":{"line":28,"column":1}},"line":23},"4":{"name":"(anonymous_4)","decl":{"start":{"line":30,"column":40},"end":{"line":30,"column":41}},"loc":{"start":{"line":30,"column":71},"end":{"line":35,"column":1}},"line":30},"5":{"name":"(anonymous_5)","decl":{"start":{"line":37,"column":37},"end":{"line":37,"column":38}},"loc":{"start":{"line":37,"column":67},"end":{"line":42,"column":1}},"line":37},"6":{"name":"(anonymous_6)","decl":{"start":{"line":44,"column":34},"end":{"line":44,"column":35}},"loc":{"start":{"line":44,"column":65},"end":{"line":49,"column":1}},"line":44},"7":{"name":"(anonymous_7)","decl":{"start":{"line":51,"column":34},"end":{"line":51,"column":35}},"loc":{"start":{"line":51,"column":64},"end":{"line":56,"column":1}},"line":51}},"branchMap":{"0":{"loc":{"start":{"line":1,"column":36},"end":{"line":1,"column":52}},"type":"default-arg","locations":[{"start":{"line":1,"column":51},"end":{"line":1,"column":52}}],"line":1},"1":{"loc":{"start":{"line":2,"column":4},"end":{"line":4,"column":5}},"type":"if","locations":[{"start":{"line":2,"column":4},"end":{"line":4,"column":5}},{"start":{"line":2,"column":4},"end":{"line":4,"column":5}}],"line":2},"2":{"loc":{"start":{"line":8,"column":40},"end":{"line":8,"column":57}},"type":"default-arg","locations":[{"start":{"line":8,"column":55},"end":{"line":8,"column":57}}],"line":8},"3":{"loc":{"start":{"line":9,"column":4},"end":{"line":11,"column":5}},"type":"if","locations":[{"start":{"line":9,"column":4},"end":{"line":11,"column":5}},{"start":{"line":9,"column":4},"end":{"line":11,"column":5}}],"line":9},"4":{"loc":{"start":{"line":16,"column":39},"end":{"line":16,"column":53}},"type":"default-arg","locations":[{"start":{"line":16,"column":52},"end":{"line":16,"column":53}}],"line":16},"5":{"loc":{"start":{"line":17,"column":4},"end":{"line":19,"column":5}},"type":"if","locations":[{"start":{"line":17,"column":4},"end":{"line":19,"column":5}},{"start":{"line":17,"column":4},"end":{"line":19,"column":5}}],"line":17},"6":{"loc":{"start":{"line":23,"column":41},"end":{"line":23,"column":57}},"type":"default-arg","locations":[{"start":{"line":23,"column":56},"end":{"line":23,"column":57}}],"line":23},"7":{"loc":{"start":{"line":24,"column":4},"end":{"line":26,"column":5}},"type":"if","locations":[{"start":{"line":24,"column":4},"end":{"line":26,"column":5}},{"start":{"line":24,"column":4},"end":{"line":26,"column":5}}],"line":24},"8":{"loc":{"start":{"line":30,"column":41},"end":{"line":30,"column":58}},"type":"default-arg","locations":[{"start":{"line":30,"column":56},"end":{"line":30,"column":58}}],"line":30},"9":{"loc":{"start":{"line":31,"column":4},"end":{"line":33,"column":5}},"type":"if","locations":[{"start":{"line":31,"column":4},"end":{"line":33,"column":5}},{"start":{"line":31,"column":4},"end":{"line":33,"column":5}}],"line":31},"10":{"loc":{"start":{"line":37,"column":38},"end":{"line":37,"column":54}},"type":"default-arg","locations":[{"start":{"line":37,"column":53},"end":{"line":37,"column":54}}],"line":37},"11":{"loc":{"start":{"line":38,"column":4},"end":{"line":40,"column":5}},"type":"if","locations":[{"start":{"line":38,"column":4},"end":{"line":40,"column":5}},{"start":{"line":38,"column":4},"end":{"line":40,"column":5}}],"line":38},"12":{"loc":{"start":{"line":44,"column":35},"end":{"line":44,"column":52}},"type":"default-arg","locations":[{"start":{"line":44,"column":50},"end":{"line":44,"column":52}}],"line":44},"13":{"loc":{"start":{"line":45,"column":4},"end":{"line":47,"column":5}},"type":"if","locations":[{"start":{"line":45,"column":4},"end":{"line":47,"column":5}},{"start":{"line":45,"column":4},"end":{"line":47,"column":5}}],"line":45},"14":{"loc":{"start":{"line":51,"column":35},"end":{"line":51,"column":51}},"type":"default-arg","locations":[{"start":{"line":51,"column":49},"end":{"line":51,"column":51}}],"line":51},"15":{"loc":{"start":{"line":52,"column":4},"end":{"line":54,"column":5}},"type":"if","locations":[{"start":{"line":52,"column":4},"end":{"line":54,"column":5}},{"start":{"line":52,"column":4},"end":{"line":54,"column":5}}],"line":52}},"s":{"0":1,"1":2,"2":1,"3":1,"4":1,"5":2,"6":1,"7":1,"8":1,"9":2,"10":1,"11":1,"12":1,"13":2,"14":1,"15":1,"16":1,"17":2,"18":1,"19":1,"20":1,"21":2,"22":1,"23":1,"24":1,"25":2,"26":1,"27":1,"28":1,"29":2,"30":1,"31":1},"f":{"0":2,"1":2,"2":2,"3":2,"4":2,"5":2,"6":2,"7":2},"b":{"0":[0],"1":[1,1],"2":[0],"3":[1,1],"4":[0],"5":[1,1],"6":[0],"7":[1,1],"8":[0],"9":[1,1],"10":[0],"11":[1,1],"12":[0],"13":[1,1],"14":[0],"15":[1,1]},"_coverageSchema":"43e27e138ebf9cfc5966b082cf9a028302ed4184","hash":"ce5819f7a0d8cec061cc2fb0bc342d36a76223ec"}
,"E:\\FINAL PROJECT\\front-end-tanker-squad\\src\\reducers\\user\\index.js": {"path":"E:\\FINAL PROJECT\\front-end-tanker-squad\\src\\reducers\\user\\index.js","statementMap":{"0":{"start":{"line":1,"column":33},"end":{"line":6,"column":1}},"1":{"start":{"line":2,"column":4},"end":{"line":4,"column":5}},"2":{"start":{"line":3,"column":8},"end":{"line":3,"column":30}},"3":{"start":{"line":5,"column":4},"end":{"line":5,"column":22}},"4":{"start":{"line":8,"column":36},"end":{"line":13,"column":1}},"5":{"start":{"line":9,"column":4},"end":{"line":11,"column":5}},"6":{"start":{"line":10,"column":8},"end":{"line":10,"column":30}},"7":{"start":{"line":12,"column":4},"end":{"line":12,"column":18}}},"fnMap":{"0":{"name":"(anonymous_0)","decl":{"start":{"line":1,"column":33},"end":{"line":1,"column":34}},"loc":{"start":{"line":1,"column":62},"end":{"line":6,"column":1}},"line":1},"1":{"name":"(anonymous_1)","decl":{"start":{"line":8,"column":36},"end":{"line":8,"column":37}},"loc":{"start":{"line":8,"column":64},"end":{"line":13,"column":1}},"line":8}},"branchMap":{"0":{"loc":{"start":{"line":1,"column":34},"end":{"line":1,"column":49}},"type":"default-arg","locations":[{"start":{"line":1,"column":47},"end":{"line":1,"column":49}}],"line":1},"1":{"loc":{"start":{"line":2,"column":4},"end":{"line":4,"column":5}},"type":"if","locations":[{"start":{"line":2,"column":4},"end":{"line":4,"column":5}},{"start":{"line":2,"column":4},"end":{"line":4,"column":5}}],"line":2},"2":{"loc":{"start":{"line":8,"column":37},"end":{"line":8,"column":51}},"type":"default-arg","locations":[{"start":{"line":8,"column":46},"end":{"line":8,"column":51}}],"line":8},"3":{"loc":{"start":{"line":9,"column":4},"end":{"line":11,"column":5}},"type":"if","locations":[{"start":{"line":9,"column":4},"end":{"line":11,"column":5}},{"start":{"line":9,"column":4},"end":{"line":11,"column":5}}],"line":9}},"s":{"0":1,"1":2,"2":1,"3":1,"4":1,"5":2,"6":1,"7":1},"f":{"0":2,"1":2},"b":{"0":[0],"1":[1,1],"2":[0],"3":[1,1]},"_coverageSchema":"43e27e138ebf9cfc5966b082cf9a028302ed4184","hash":"562d4444b85ea3ddb993a3e57eb84fcd31a77b5a"}
,"E:\\FINAL PROJECT\\front-end-tanker-squad\\src\\reducers\\user\\class\\index.js": {"path":"E:\\FINAL PROJECT\\front-end-tanker-squad\\src\\reducers\\user\\class\\index.js","statementMap":{"0":{"start":{"line":1,"column":23},"end":{"line":6,"column":1}},"1":{"start":{"line":2,"column":4},"end":{"line":4,"column":5}},"2":{"start":{"line":3,"column":8},"end":{"line":3,"column":30}},"3":{"start":{"line":5,"column":4},"end":{"line":5,"column":19}},"4":{"start":{"line":8,"column":29},"end":{"line":13,"column":1}},"5":{"start":{"line":9,"column":4},"end":{"line":11,"column":5}},"6":{"start":{"line":10,"column":8},"end":{"line":10,"column":30}},"7":{"start":{"line":12,"column":4},"end":{"line":12,"column":25}},"8":{"start":{"line":16,"column":34},"end":{"line":20,"column":1}},"9":{"start":{"line":17,"column":4},"end":{"line":19,"column":5}},"10":{"start":{"line":18,"column":8},"end":{"line":18,"column":30}}},"fnMap":{"0":{"name":"(anonymous_0)","decl":{"start":{"line":1,"column":23},"end":{"line":1,"column":24}},"loc":{"start":{"line":1,"column":49},"end":{"line":6,"column":1}},"line":1},"1":{"name":"(anonymous_1)","decl":{"start":{"line":8,"column":29},"end":{"line":8,"column":30}},"loc":{"start":{"line":8,"column":61},"end":{"line":13,"column":1}},"line":8},"2":{"name":"(anonymous_2)","decl":{"start":{"line":16,"column":34},"end":{"line":16,"column":35}},"loc":{"start":{"line":16,"column":71},"end":{"line":20,"column":1}},"line":16}},"branchMap":{"0":{"loc":{"start":{"line":1,"column":24},"end":{"line":1,"column":36}},"type":"default-arg","locations":[{"start":{"line":1,"column":34},"end":{"line":1,"column":36}}],"line":1},"1":{"loc":{"start":{"line":2,"column":4},"end":{"line":4,"column":5}},"type":"if","locations":[{"start":{"line":2,"column":4},"end":{"line":4,"column":5}},{"start":{"line":2,"column":4},"end":{"line":4,"column":5}}],"line":2},"2":{"loc":{"start":{"line":8,"column":30},"end":{"line":8,"column":48}},"type":"default-arg","locations":[{"start":{"line":8,"column":46},"end":{"line":8,"column":48}}],"line":8},"3":{"loc":{"start":{"line":9,"column":4},"end":{"line":11,"column":5}},"type":"if","locations":[{"start":{"line":9,"column":4},"end":{"line":11,"column":5}},{"start":{"line":9,"column":4},"end":{"line":11,"column":5}}],"line":9},"4":{"loc":{"start":{"line":16,"column":35},"end":{"line":16,"column":58}},"type":"default-arg","locations":[{"start":{"line":16,"column":56},"end":{"line":16,"column":58}}],"line":16},"5":{"loc":{"start":{"line":17,"column":4},"end":{"line":19,"column":5}},"type":"if","locations":[{"start":{"line":17,"column":4},"end":{"line":19,"column":5}},{"start":{"line":17,"column":4},"end":{"line":19,"column":5}}],"line":17}},"s":{"0":1,"1":2,"2":1,"3":1,"4":1,"5":2,"6":1,"7":1,"8":1,"9":2,"10":1},"f":{"0":2,"1":2,"2":2},"b":{"0":[0],"1":[1,1],"2":[0],"3":[1,1],"4":[0],"5":[1,1]},"_coverageSchema":"43e27e138ebf9cfc5966b082cf9a028302ed4184","hash":"f7f301e25e37ea3c8d6c34f29b77b8a94d211b5f"}
,"E:\\FINAL PROJECT\\front-end-tanker-squad\\src\\store\\configureStore.js": {"path":"E:\\FINAL PROJECT\\front-end-tanker-squad\\src\\store\\configureStore.js","statementMap":{"0":{"start":{"line":33,"column":18},"end":{"line":35,"column":2}},"1":{"start":{"line":37,"column":15},"end":{"line":43,"column":1}},"2":{"start":{"line":45,"column":19},"end":{"line":74,"column":2}},"3":{"start":{"line":76,"column":20},"end":{"line":81,"column":1}},"4":{"start":{"line":77,"column":4},"end":{"line":79,"column":5}},"5":{"start":{"line":78,"column":8},"end":{"line":78,"column":26}},"6":{"start":{"line":80,"column":4},"end":{"line":80,"column":37}},"7":{"start":{"line":83,"column":25},"end":{"line":83,"column":60}},"8":{"start":{"line":86,"column":19},"end":{"line":86,"column":48}},"9":{"start":{"line":87,"column":23},"end":{"line":87,"column":45}},"10":{"start":{"line":88,"column":4},"end":{"line":90,"column":5}}},"fnMap":{"0":{"name":"(anonymous_0)","decl":{"start":{"line":76,"column":20},"end":{"line":76,"column":21}},"loc":{"start":{"line":76,"column":39},"end":{"line":81,"column":1}},"line":76},"1":{"name":"(anonymous_1)","decl":{"start":{"line":85,"column":15},"end":{"line":85,"column":16}},"loc":{"start":{"line":85,"column":21},"end":{"line":91,"column":1}},"line":85}},"branchMap":{"0":{"loc":{"start":{"line":77,"column":4},"end":{"line":79,"column":5}},"type":"if","locations":[{"start":{"line":77,"column":4},"end":{"line":79,"column":5}},{"start":{"line":77,"column":4},"end":{"line":79,"column":5}}],"line":77}},"s":{"0":0,"1":0,"2":0,"3":0,"4":0,"5":0,"6":0,"7":0,"8":0,"9":0,"10":0},"f":{"0":0,"1":0},"b":{"0":[0,0]},"hash":"7e83cbadc62f7375e2997938416f263030661018"}
}
