TN:
SF:E:\FINAL PROJECT\front-end-tanker-squad\src\App.js
FN:50,(anonymous_0)
FN:84,(anonymous_1)
FN:85,(anonymous_2)
FN:86,(anonymous_3)
FN:87,(anonymous_4)
FN:88,(anonymous_5)
FN:90,(anonymous_6)
FN:92,(anonymous_7)
FNF:8
FNH:0
FNDA:0,(anonymous_0)
FNDA:0,(anonymous_1)
FNDA:0,(anonymous_2)
FNDA:0,(anonymous_3)
FNDA:0,(anonymous_4)
FNDA:0,(anonymous_5)
FNDA:0,(anonymous_6)
FNDA:0,(anonymous_7)
DA:51,0
DA:84,0
DA:85,0
DA:86,0
DA:87,0
DA:88,0
DA:90,0
DA:92,0
LF:8
LH:0
BRF:0
BRH:0
end_of_record
TN:
SF:E:\FINAL PROJECT\front-end-tanker-squad\src\index.js
FNF:0
FNH:0
DA:8,0
DA:9,0
LF:2
LH:0
BRF:0
BRH:0
end_of_record
TN:
SF:E:\FINAL PROJECT\front-end-tanker-squad\src\actions\class\index.js
FN:1,(anonymous_0)
FN:8,(anonymous_1)
FN:16,(anonymous_2)
FNF:3
FNH:3
FNDA:1,(anonymous_0)
FNDA:1,(anonymous_1)
FNDA:1,(anonymous_2)
DA:1,5
DA:2,1
DA:8,5
DA:9,1
DA:16,5
DA:17,1
LF:6
LH:6
BRF:0
BRH:0
end_of_record
TN:
SF:E:\FINAL PROJECT\front-end-tanker-squad\src\actions\image\index.js
FN:1,(anonymous_0)
FN:8,(anonymous_1)
FNF:2
FNH:2
FNDA:1,(anonymous_0)
FNDA:1,(anonymous_1)
DA:1,6
DA:2,1
DA:8,6
DA:9,1
LF:4
LH:4
BRF:0
BRH:0
end_of_record
TN:
SF:E:\FINAL PROJECT\front-end-tanker-squad\src\actions\navbar\index.js
FN:1,(anonymous_0)
FNF:1
FNH:1
FNDA:1,(anonymous_0)
DA:1,3
DA:2,1
LF:2
LH:2
BRF:0
BRH:0
end_of_record
TN:
SF:E:\FINAL PROJECT\front-end-tanker-squad\src\actions\payment\index.js
FN:1,(anonymous_0)
FNF:1
FNH:1
FNDA:1,(anonymous_0)
DA:1,2
DA:2,1
LF:2
LH:2
BRF:0
BRH:0
end_of_record
TN:
SF:E:\FINAL PROJECT\front-end-tanker-squad\src\actions\saldo\index.js
FN:1,(anonymous_0)
FNF:1
FNH:1
FNDA:1,(anonymous_0)
DA:1,2
DA:2,1
LF:2
LH:2
BRF:0
BRH:0
end_of_record
TN:
SF:E:\FINAL PROJECT\front-end-tanker-squad\src\actions\subject\index.js
FN:1,(anonymous_0)
FNF:1
FNH:1
FNDA:1,(anonymous_0)
DA:1,3
DA:2,1
LF:2
LH:2
BRF:0
BRH:0
end_of_record
TN:
SF:E:\FINAL PROJECT\front-end-tanker-squad\src\actions\token\index.js
FN:1,(anonymous_0)
FNF:1
FNH:1
FNDA:1,(anonymous_0)
DA:1,4
DA:2,1
LF:2
LH:2
BRF:0
BRH:0
end_of_record
TN:
SF:E:\FINAL PROJECT\front-end-tanker-squad\src\actions\trainee\index.js
FN:1,(anonymous_0)
FN:8,(anonymous_1)
FN:15,(anonymous_2)
FN:22,(anonymous_3)
FN:29,(anonymous_4)
FN:36,(anonymous_5)
FN:43,(anonymous_6)
FN:50,(anonymous_7)
FNF:8
FNH:8
FNDA:1,(anonymous_0)
FNDA:1,(anonymous_1)
FNDA:1,(anonymous_2)
FNDA:1,(anonymous_3)
FNDA:1,(anonymous_4)
FNDA:1,(anonymous_5)
FNDA:1,(anonymous_6)
FNDA:1,(anonymous_7)
DA:1,4
DA:2,1
DA:8,4
DA:9,1
DA:15,4
DA:16,1
DA:22,4
DA:23,1
DA:29,4
DA:30,1
DA:36,4
DA:37,1
DA:43,4
DA:44,1
DA:50,4
DA:51,1
LF:16
LH:16
BRF:0
BRH:0
end_of_record
TN:
SF:E:\FINAL PROJECT\front-end-tanker-squad\src\actions\trainer\index.js
FN:1,(anonymous_0)
FN:8,(anonymous_1)
FN:15,(anonymous_2)
FN:22,(anonymous_3)
FN:29,(anonymous_4)
FN:36,(anonymous_5)
FN:43,(anonymous_6)
FN:50,(anonymous_7)
FNF:8
FNH:8
FNDA:1,(anonymous_0)
FNDA:1,(anonymous_1)
FNDA:1,(anonymous_2)
FNDA:1,(anonymous_3)
FNDA:1,(anonymous_4)
FNDA:1,(anonymous_5)
FNDA:1,(anonymous_6)
FNDA:1,(anonymous_7)
DA:1,6
DA:2,1
DA:8,6
DA:9,1
DA:15,6
DA:16,1
DA:22,6
DA:23,1
DA:29,6
DA:30,1
DA:36,6
DA:37,1
DA:43,6
DA:44,1
DA:50,6
DA:51,1
LF:16
LH:16
BRF:0
BRH:0
end_of_record
TN:
SF:E:\FINAL PROJECT\front-end-tanker-squad\src\actions\user\index.js
FN:1,(anonymous_0)
FN:8,(anonymous_1)
FN:15,(anonymous_2)
FNF:3
FNH:3
FNDA:1,(anonymous_0)
FNDA:1,(anonymous_1)
FNDA:1,(anonymous_2)
DA:1,34
DA:2,1
DA:8,34
DA:9,1
DA:15,34
DA:16,1
LF:6
LH:6
BRF:0
BRH:0
end_of_record
TN:
SF:E:\FINAL PROJECT\front-end-tanker-squad\src\api\class\index.js
FN:1,getListClassById
FN:8,getListClassDetail
FN:16,getListClassTrainee
FNF:3
FNH:0
FNDA:0,getListClassById
FNDA:0,getListClassDetail
FNDA:0,getListClassTrainee
DA:2,0
DA:9,0
DA:17,0
LF:3
LH:0
BRF:0
BRH:0
end_of_record
TN:
SF:E:\FINAL PROJECT\front-end-tanker-squad\src\api\imageProfile\index.js
FN:1,doUploadImageProfile
FNF:1
FNH:0
FNDA:0,doUploadImageProfile
DA:2,0
LF:1
LH:0
BRF:0
BRH:0
end_of_record
TN:
SF:E:\FINAL PROJECT\front-end-tanker-squad\src\api\saldo\index.js
FN:1,ViewSaldoTrainee
FN:11,TopUpSaldo
FNF:2
FNH:0
FNDA:0,ViewSaldoTrainee
FNDA:0,TopUpSaldo
DA:2,0
DA:12,0
LF:2
LH:0
BRF:0
BRH:0
end_of_record
TN:
SF:E:\FINAL PROJECT\front-end-tanker-squad\src\api\subject\index.js
FN:1,getListSubject
FNF:1
FNH:0
FNDA:0,getListSubject
DA:2,0
LF:1
LH:0
BRF:0
BRH:0
end_of_record
TN:
SF:E:\FINAL PROJECT\front-end-tanker-squad\src\api\trainee\index.js
FN:1,validateTrainee
FN:12,createTrainee
FN:26,doSubmitTask
FN:38,uploadPhoto
FN:46,doGetListPdf
FN:53,doGetListVideo
FN:60,doGetListTask
FN:67,doGetScoreTask
FN:74,doReportScore
FNF:9
FNH:0
FNDA:0,validateTrainee
FNDA:0,createTrainee
FNDA:0,doSubmitTask
FNDA:0,uploadPhoto
FNDA:0,doGetListPdf
FNDA:0,doGetListVideo
FNDA:0,doGetListTask
FNDA:0,doGetScoreTask
FNDA:0,doReportScore
DA:2,0
DA:13,0
DA:27,0
DA:39,0
DA:47,0
DA:54,0
DA:61,0
DA:68,0
DA:75,0
LF:9
LH:0
BRF:0
BRH:0
end_of_record
TN:
SF:E:\FINAL PROJECT\front-end-tanker-squad\src\api\trainer\index.js
FN:1,validateTrainer
FN:12,createClass
FN:28,getClassTrainer
FN:39,uploadFiles
FN:47,doGetMateriFile
FN:57,doPostSubjectMatter
FN:70,doGetListTraineeByClass
FN:80,doPostSubjectTask
FN:93,doPostSubmitScore
FN:109,doGetListTaskTrainer
FN:116,GetListTraineeScore
FNF:11
FNH:0
FNDA:0,validateTrainer
FNDA:0,createClass
FNDA:0,getClassTrainer
FNDA:0,uploadFiles
FNDA:0,doGetMateriFile
FNDA:0,doPostSubjectMatter
FNDA:0,doGetListTraineeByClass
FNDA:0,doPostSubjectTask
FNDA:0,doPostSubmitScore
FNDA:0,doGetListTaskTrainer
FNDA:0,GetListTraineeScore
DA:2,0
DA:13,0
DA:29,0
DA:40,0
DA:48,0
DA:58,0
DA:71,0
DA:81,0
DA:94,0
DA:110,0
DA:117,0
LF:11
LH:0
BRF:0
BRH:0
end_of_record
TN:
SF:E:\FINAL PROJECT\front-end-tanker-squad\src\api\transaction\index.js
FN:1,purchase
FNF:1
FNH:0
FNDA:0,purchase
DA:2,0
LF:1
LH:0
BRF:0
BRH:0
end_of_record
TN:
SF:E:\FINAL PROJECT\front-end-tanker-squad\src\components\PrivateRoute.js
FN:6,(anonymous_0)
FN:8,(anonymous_1)
FN:16,(anonymous_2)
FNF:3
FNH:1
FNDA:1,(anonymous_0)
FNDA:0,(anonymous_1)
FNDA:0,(anonymous_2)
DA:7,1
DA:9,0
DA:16,1
DA:17,0
LF:4
LH:2
BRDA:9,0,0,0
BRDA:9,0,1,0
BRF:2
BRH:0
end_of_record
TN:
SF:E:\FINAL PROJECT\front-end-tanker-squad\src\components\AssignmentTrainer\ListClassOfTrainer.js
FN:13,(anonymous_0)
FN:23,(anonymous_1)
FN:36,(anonymous_2)
FN:39,(anonymous_3)
FN:57,(anonymous_4)
FN:69,(anonymous_5)
FN:108,(anonymous_6)
FNF:7
FNH:3
FNDA:1,(anonymous_0)
FNDA:0,(anonymous_1)
FNDA:1,(anonymous_2)
FNDA:0,(anonymous_3)
FNDA:0,(anonymous_4)
FNDA:1,(anonymous_5)
FNDA:0,(anonymous_6)
DA:11,1
DA:13,1
DA:14,1
DA:15,1
DA:16,0
DA:17,0
DA:19,1
DA:23,1
DA:24,0
DA:25,0
DA:26,0
DA:27,0
DA:31,0
DA:36,1
DA:37,1
DA:38,1
DA:39,1
DA:40,0
DA:41,0
DA:42,0
DA:43,0
DA:44,0
DA:45,0
DA:47,0
DA:57,0
DA:70,1
DA:108,1
DA:109,0
DA:114,1
LF:29
LH:13
BRDA:37,0,0,1
BRDA:37,0,1,0
BRDA:42,1,0,0
BRDA:42,1,1,0
BRDA:44,2,0,0
BRDA:44,2,1,0
BRF:6
BRH:1
end_of_record
TN:
SF:E:\FINAL PROJECT\front-end-tanker-squad\src\components\AssignmentTrainer\ListTraineeTask.js
FN:16,(anonymous_0)
FN:26,(anonymous_1)
FN:37,(anonymous_2)
FN:49,(anonymous_3)
FN:52,(anonymous_4)
FN:62,(anonymous_5)
FN:71,(anonymous_6)
FN:82,(anonymous_7)
FN:97,(anonymous_8)
FN:101,(anonymous_9)
FN:118,(anonymous_10)
FN:138,(anonymous_11)
FN:193,(anonymous_12)
FNF:13
FNH:3
FNDA:1,(anonymous_0)
FNDA:0,(anonymous_1)
FNDA:0,(anonymous_2)
FNDA:1,(anonymous_3)
FNDA:0,(anonymous_4)
FNDA:0,(anonymous_5)
FNDA:0,(anonymous_6)
FNDA:0,(anonymous_7)
FNDA:0,(anonymous_8)
FNDA:0,(anonymous_9)
FNDA:0,(anonymous_10)
FNDA:1,(anonymous_11)
FNDA:0,(anonymous_12)
DA:13,1
DA:16,1
DA:17,1
DA:18,1
DA:19,0
DA:20,0
DA:22,1
DA:26,1
DA:27,0
DA:28,0
DA:29,0
DA:30,0
DA:31,0
DA:33,0
DA:37,1
DA:38,0
DA:39,0
DA:40,0
DA:44,0
DA:49,1
DA:50,1
DA:51,1
DA:52,1
DA:53,0
DA:54,0
DA:62,0
DA:71,0
DA:82,1
DA:83,0
DA:84,0
DA:85,0
DA:86,0
DA:87,0
DA:90,0
DA:92,0
DA:97,1
DA:98,0
DA:99,0
DA:100,0
DA:101,0
DA:102,0
DA:103,0
DA:104,0
DA:105,0
DA:106,0
DA:108,0
DA:118,0
DA:135,0
DA:139,1
DA:187,1
DA:193,1
DA:194,0
LF:52
LH:16
BRDA:50,0,0,1
BRDA:50,0,1,0
BRDA:98,1,0,0
BRDA:98,1,1,0
BRDA:103,2,0,0
BRDA:103,2,1,0
BRDA:105,3,0,0
BRDA:105,3,1,0
BRDA:113,4,0,0
BRDA:113,4,1,0
BRDA:159,5,0,1
BRDA:159,5,1,0
BRDA:174,6,0,1
BRDA:174,6,1,0
BRF:14
BRH:3
end_of_record
TN:
SF:E:\FINAL PROJECT\front-end-tanker-squad\src\components\AssignmentTrainer\ScoreTrainee.js
FN:11,(anonymous_0)
FN:21,(anonymous_1)
FN:24,(anonymous_2)
FN:40,(anonymous_3)
FN:79,(anonymous_4)
FNF:5
FNH:3
FNDA:1,(anonymous_0)
FNDA:1,(anonymous_1)
FNDA:0,(anonymous_2)
FNDA:1,(anonymous_3)
FNDA:0,(anonymous_4)
DA:8,1
DA:11,1
DA:12,1
DA:13,1
DA:14,0
DA:15,0
DA:17,1
DA:21,1
DA:22,1
DA:23,1
DA:24,1
DA:25,0
DA:26,0
DA:41,1
DA:79,1
DA:80,0
DA:86,1
LF:17
LH:12
BRDA:22,0,0,1
BRDA:22,0,1,0
BRF:2
BRH:1
end_of_record
TN:
SF:E:\FINAL PROJECT\front-end-tanker-squad\src\components\Footers\Footer.js
FN:4,Footer
FNF:1
FNH:1
FNDA:1,Footer
DA:5,1
LF:1
LH:1
BRF:0
BRH:0
end_of_record
TN:
SF:E:\FINAL PROJECT\front-end-tanker-squad\src\components\Headers\LandingPageHeader.js
FN:4,LandingPageHeader
FN:7,(anonymous_1)
FN:9,(anonymous_2)
FN:15,cleanup
FNF:4
FNH:1
FNDA:1,LandingPageHeader
FNDA:0,(anonymous_1)
FNDA:0,(anonymous_2)
FNDA:0,cleanup
DA:5,1
DA:7,1
DA:8,0
DA:9,0
DA:10,0
DA:11,0
DA:14,0
DA:15,0
DA:16,0
DA:20,1
LF:10
LH:3
BRDA:8,0,0,0
BRDA:8,0,1,0
BRF:2
BRH:0
end_of_record
TN:
SF:E:\FINAL PROJECT\front-end-tanker-squad\src\components\Lessons\TraineeLesson.js
FN:17,(anonymous_0)
FN:21,(anonymous_1)
FN:25,(anonymous_2)
FN:29,(anonymous_3)
FN:33,(anonymous_4)
FN:37,(anonymous_5)
FN:41,(anonymous_6)
FN:52,(anonymous_7)
FN:63,(anonymous_8)
FN:75,(anonymous_9)
FN:97,(anonymous_10)
FN:112,(anonymous_11)
FN:126,(anonymous_12)
FN:140,(anonymous_13)
FN:210,(anonymous_14)
FN:212,(anonymous_15)
FN:216,(anonymous_16)
FN:245,(anonymous_17)
FN:247,(anonymous_18)
FN:251,(anonymous_19)
FN:280,(anonymous_20)
FN:282,(anonymous_21)
FN:286,(anonymous_22)
FN:315,(anonymous_23)
FN:324,(anonymous_24)
FN:333,(anonymous_25)
FN:373,(anonymous_26)
FNF:27
FNH:6
FNDA:0,(anonymous_0)
FNDA:0,(anonymous_1)
FNDA:0,(anonymous_2)
FNDA:0,(anonymous_3)
FNDA:0,(anonymous_4)
FNDA:0,(anonymous_5)
FNDA:0,(anonymous_6)
FNDA:0,(anonymous_7)
FNDA:0,(anonymous_8)
FNDA:1,(anonymous_9)
FNDA:1,(anonymous_10)
FNDA:1,(anonymous_11)
FNDA:1,(anonymous_12)
FNDA:1,(anonymous_13)
FNDA:0,(anonymous_14)
FNDA:0,(anonymous_15)
FNDA:0,(anonymous_16)
FNDA:0,(anonymous_17)
FNDA:0,(anonymous_18)
FNDA:0,(anonymous_19)
FNDA:0,(anonymous_20)
FNDA:0,(anonymous_21)
FNDA:0,(anonymous_22)
FNDA:0,(anonymous_23)
FNDA:0,(anonymous_24)
FNDA:1,(anonymous_25)
FNDA:0,(anonymous_26)
DA:14,1
DA:17,1
DA:18,0
DA:21,1
DA:22,0
DA:25,1
DA:26,0
DA:29,1
DA:30,0
DA:33,1
DA:34,0
DA:37,1
DA:38,0
DA:41,1
DA:42,0
DA:43,0
DA:46,0
DA:48,0
DA:52,1
DA:53,0
DA:54,0
DA:57,0
DA:59,0
DA:63,1
DA:64,0
DA:65,0
DA:68,0
DA:70,0
DA:75,1
DA:76,1
DA:77,1
DA:78,1
DA:79,1
DA:80,1
DA:81,0
DA:83,0
DA:87,0
DA:89,0
DA:93,0
DA:97,1
DA:98,1
DA:99,1
DA:100,0
DA:101,0
DA:102,0
DA:103,0
DA:105,0
DA:108,1
DA:112,1
DA:113,1
DA:114,1
DA:115,0
DA:116,0
DA:117,0
DA:119,0
DA:122,1
DA:126,1
DA:127,1
DA:128,1
DA:129,0
DA:130,0
DA:131,0
DA:133,0
DA:136,1
DA:140,1
DA:141,1
DA:210,1
DA:211,0
DA:212,0
DA:213,0
DA:216,0
DA:228,0
DA:229,0
DA:245,1
DA:246,0
DA:247,0
DA:248,0
DA:251,0
DA:263,0
DA:264,0
DA:280,1
DA:281,0
DA:282,0
DA:283,0
DA:286,0
DA:299,0
DA:315,1
DA:316,0
DA:324,1
DA:325,0
DA:334,1
DA:335,1
DA:336,1
DA:337,1
DA:338,1
DA:339,1
DA:340,1
DA:373,1
DA:374,0
DA:380,1
LF:100
LH:44
BRDA:80,0,0,0
BRDA:80,0,1,1
BRDA:81,1,0,0
BRDA:81,1,1,0
BRDA:101,2,0,0
BRDA:101,2,1,0
BRDA:116,3,0,0
BRDA:116,3,1,0
BRDA:130,4,0,0
BRDA:130,4,1,0
BRDA:211,5,0,0
BRDA:211,5,1,0
BRDA:228,6,0,0
BRDA:228,6,1,0
BRDA:246,7,0,0
BRDA:246,7,1,0
BRDA:263,8,0,0
BRDA:263,8,1,0
BRDA:281,9,0,0
BRDA:281,9,1,0
BRDA:357,10,0,1
BRDA:357,10,1,0
BRDA:358,11,0,0
BRDA:358,11,1,1
BRDA:359,12,0,0
BRDA:359,12,1,1
BRDA:360,13,0,0
BRDA:360,13,1,1
BRDA:361,14,0,0
BRDA:361,14,1,1
BRF:30
BRH:6
end_of_record
TN:
SF:E:\FINAL PROJECT\front-end-tanker-squad\src\components\Lessons\file.js
FN:8,(anonymous_0)
FN:47,(anonymous_1)
FNF:2
FNH:0
FNDA:0,(anonymous_0)
FNDA:0,(anonymous_1)
DA:9,0
DA:47,1
DA:48,0
LF:3
LH:1
BRF:0
BRH:0
end_of_record
TN:
SF:E:\FINAL PROJECT\front-end-tanker-squad\src\components\Lessons\tugasTrainee.js
FN:14,(anonymous_0)
FN:25,(anonymous_1)
FN:33,(anonymous_2)
FN:41,(anonymous_3)
FN:49,(anonymous_4)
FN:57,(anonymous_5)
FN:65,(anonymous_6)
FN:73,(anonymous_7)
FN:99,(anonymous_8)
FN:166,(anonymous_9)
FN:205,(anonymous_10)
FNF:11
FNH:0
FNDA:0,(anonymous_0)
FNDA:0,(anonymous_1)
FNDA:0,(anonymous_2)
FNDA:0,(anonymous_3)
FNDA:0,(anonymous_4)
FNDA:0,(anonymous_5)
FNDA:0,(anonymous_6)
FNDA:0,(anonymous_7)
FNDA:0,(anonymous_8)
FNDA:0,(anonymous_9)
FNDA:0,(anonymous_10)
DA:12,0
DA:14,0
DA:15,0
DA:16,0
DA:21,0
DA:25,0
DA:26,0
DA:27,0
DA:29,0
DA:33,0
DA:34,0
DA:35,0
DA:37,0
DA:41,0
DA:42,0
DA:43,0
DA:45,0
DA:49,0
DA:50,0
DA:51,0
DA:53,0
DA:57,0
DA:58,0
DA:59,0
DA:61,0
DA:65,0
DA:66,0
DA:67,0
DA:74,0
DA:75,0
DA:76,0
DA:77,0
DA:78,0
DA:79,0
DA:80,0
DA:81,0
DA:82,0
DA:83,0
DA:84,0
DA:85,0
DA:87,0
DA:88,0
DA:91,0
DA:95,0
DA:99,0
DA:100,0
DA:101,0
DA:117,0
DA:118,0
DA:139,0
DA:140,0
DA:167,0
DA:168,0
DA:205,1
DA:206,0
LF:55
LH:1
BRDA:75,0,0,0
BRDA:75,0,1,0
BRDA:82,1,0,0
BRDA:82,1,1,0
BRDA:100,2,0,0
BRDA:100,2,1,0
BRDA:117,3,0,0
BRDA:117,3,1,0
BRDA:139,4,0,0
BRDA:139,4,1,0
BRDA:185,5,0,0
BRDA:185,5,1,0
BRF:12
BRH:0
end_of_record
TN:
SF:E:\FINAL PROJECT\front-end-tanker-squad\src\components\Lessons\videoTrainee.js
FN:10,(anonymous_0)
FN:22,(anonymous_1)
FN:50,(anonymous_2)
FNF:3
FNH:0
FNDA:0,(anonymous_0)
FNDA:0,(anonymous_1)
FNDA:0,(anonymous_2)
DA:11,0
DA:50,1
DA:51,0
LF:3
LH:1
BRF:0
BRH:0
end_of_record
TN:
SF:E:\FINAL PROJECT\front-end-tanker-squad\src\components\MainTrainee\ListScoreTrainee.js
FN:11,(anonymous_0)
FN:22,(anonymous_1)
FN:25,(anonymous_2)
FN:39,(anonymous_3)
FN:53,(anonymous_4)
FN:92,(anonymous_5)
FNF:6
FNH:3
FNDA:1,(anonymous_0)
FNDA:1,(anonymous_1)
FNDA:0,(anonymous_2)
FNDA:0,(anonymous_3)
FNDA:1,(anonymous_4)
FNDA:0,(anonymous_5)
DA:8,1
DA:11,1
DA:12,1
DA:13,1
DA:14,0
DA:15,0
DA:16,0
DA:18,1
DA:22,1
DA:23,1
DA:24,1
DA:25,1
DA:26,0
DA:27,0
DA:39,1
DA:40,0
DA:41,0
DA:42,0
DA:43,0
DA:46,0
DA:48,0
DA:54,1
DA:92,2
DA:93,0
LF:24
LH:12
BRDA:23,0,0,1
BRDA:23,0,1,0
BRF:2
BRH:1
end_of_record
TN:
SF:E:\FINAL PROJECT\front-end-tanker-squad\src\components\MainTrainee\detailClass.js
FN:13,(anonymous_0)
FN:23,(anonymous_1)
FN:35,(anonymous_2)
FN:46,(anonymous_3)
FN:115,(anonymous_4)
FNF:5
FNH:1
FNDA:0,(anonymous_0)
FNDA:0,(anonymous_1)
FNDA:0,(anonymous_2)
FNDA:1,(anonymous_3)
FNDA:0,(anonymous_4)
DA:8,1
DA:11,1
DA:14,0
DA:15,0
DA:19,0
DA:23,1
DA:24,0
DA:25,0
DA:26,0
DA:27,0
DA:28,0
DA:29,0
DA:31,0
DA:35,1
DA:36,0
DA:37,0
DA:41,0
DA:47,1
DA:111,1
DA:115,1
DA:116,0
LF:21
LH:7
BRF:0
BRH:0
end_of_record
TN:
SF:E:\FINAL PROJECT\front-end-tanker-squad\src\components\MainTrainee\listClassTrainee.js
FN:13,(anonymous_0)
FN:24,(anonymous_1)
FN:36,(anonymous_2)
FN:39,(anonymous_3)
FN:58,(anonymous_4)
FN:71,(anonymous_5)
FN:128,(anonymous_6)
FNF:7
FNH:3
FNDA:1,(anonymous_0)
FNDA:0,(anonymous_1)
FNDA:1,(anonymous_2)
FNDA:0,(anonymous_3)
FNDA:0,(anonymous_4)
FNDA:2,(anonymous_5)
FNDA:0,(anonymous_6)
DA:9,1
DA:13,1
DA:14,1
DA:15,1
DA:16,0
DA:17,0
DA:19,1
DA:20,1
DA:24,1
DA:25,0
DA:26,0
DA:27,0
DA:31,0
DA:36,1
DA:37,1
DA:38,1
DA:39,1
DA:40,0
DA:41,0
DA:42,0
DA:43,0
DA:44,0
DA:46,0
DA:48,0
DA:58,0
DA:72,2
DA:73,1
DA:89,1
DA:128,1
DA:129,0
DA:135,1
LF:31
LH:16
BRDA:37,0,0,1
BRDA:37,0,1,0
BRDA:43,1,0,0
BRDA:43,1,1,0
BRDA:72,2,0,1
BRDA:72,2,1,1
BRF:6
BRH:3
end_of_record
TN:
SF:E:\FINAL PROJECT\front-end-tanker-squad\src\components\MainTrainee\mainPageTrainee.js
FN:31,(anonymous_0)
FN:44,(anonymous_1)
FN:48,(anonymous_2)
FN:57,(anonymous_3)
FN:59,(anonymous_4)
FN:88,(anonymous_5)
FN:98,(anonymous_6)
FN:160,(anonymous_7)
FNF:8
FNH:2
FNDA:0,(anonymous_0)
FNDA:0,(anonymous_1)
FNDA:2,(anonymous_2)
FNDA:0,(anonymous_3)
FNDA:0,(anonymous_4)
FNDA:0,(anonymous_5)
FNDA:2,(anonymous_6)
FNDA:0,(anonymous_7)
DA:16,2
DA:29,2
DA:31,2
DA:32,0
DA:33,0
DA:36,0
DA:37,0
DA:38,0
DA:40,0
DA:45,0
DA:48,2
DA:49,2
DA:50,2
DA:51,0
DA:52,0
DA:54,2
DA:57,2
DA:58,0
DA:59,0
DA:60,0
DA:61,0
DA:62,0
DA:63,0
DA:64,0
DA:65,0
DA:66,0
DA:89,0
DA:99,2
DA:100,0
DA:160,2
DA:161,0
DA:167,2
LF:32
LH:11
BRDA:58,0,0,0
BRDA:58,0,1,0
BRF:2
BRH:0
end_of_record
TN:
SF:E:\FINAL PROJECT\front-end-tanker-squad\src\components\MainTrainer\ListTraineeByTrainer.js
FN:10,(anonymous_0)
FN:20,(anonymous_1)
FN:23,(anonymous_2)
FN:38,(anonymous_3)
FN:75,(anonymous_4)
FNF:5
FNH:3
FNDA:1,(anonymous_0)
FNDA:1,(anonymous_1)
FNDA:0,(anonymous_2)
FNDA:1,(anonymous_3)
FNDA:0,(anonymous_4)
DA:7,1
DA:10,1
DA:11,1
DA:12,1
DA:13,0
DA:14,0
DA:16,1
DA:20,1
DA:21,1
DA:22,1
DA:23,1
DA:24,0
DA:25,0
DA:39,1
DA:75,3
DA:76,0
LF:16
LH:11
BRDA:21,0,0,1
BRDA:21,0,1,0
BRF:2
BRH:1
end_of_record
TN:
SF:E:\FINAL PROJECT\front-end-tanker-squad\src\components\MainTrainer\VideoCall.js
FN:14,(anonymous_0)
FN:17,(anonymous_1)
FNF:2
FNH:1
FNDA:1,(anonymous_0)
FNDA:0,(anonymous_1)
DA:8,2
DA:14,2
DA:15,1
DA:16,1
DA:18,0
DA:19,0
DA:20,0
DA:25,1
LF:8
LH:5
BRF:0
BRH:0
end_of_record
TN:
SF:E:\FINAL PROJECT\front-end-tanker-squad\src\components\MainTrainer\VideoCall2.js
FN:14,(anonymous_0)
FN:17,(anonymous_1)
FNF:2
FNH:1
FNDA:1,(anonymous_0)
FNDA:0,(anonymous_1)
DA:8,2
DA:14,2
DA:15,1
DA:16,1
DA:18,0
DA:19,0
DA:20,0
DA:25,1
LF:8
LH:5
BRF:0
BRH:0
end_of_record
TN:
SF:E:\FINAL PROJECT\front-end-tanker-squad\src\components\MainTrainer\assignment.js
FN:12,(anonymous_0)
FN:16,(anonymous_1)
FN:47,(anonymous_2)
FNF:3
FNH:2
FNDA:1,(anonymous_0)
FNDA:2,(anonymous_1)
FNDA:0,(anonymous_2)
DA:11,1
DA:12,1
DA:13,1
DA:17,2
DA:18,1
DA:24,1
DA:47,1
DA:48,0
LF:8
LH:7
BRDA:17,0,0,1
BRDA:17,0,1,1
BRF:2
BRH:2
end_of_record
TN:
SF:E:\FINAL PROJECT\front-end-tanker-squad\src\components\MainTrainer\checkout.js
FN:16,(anonymous_0)
FN:24,(anonymous_1)
FN:32,(anonymous_2)
FN:40,(anonymous_3)
FN:48,(anonymous_4)
FN:56,(anonymous_5)
FN:65,(anonymous_6)
FN:87,(anonymous_7)
FN:103,(anonymous_8)
FN:190,(anonymous_9)
FNF:10
FNH:1
FNDA:0,(anonymous_0)
FNDA:0,(anonymous_1)
FNDA:0,(anonymous_2)
FNDA:0,(anonymous_3)
FNDA:0,(anonymous_4)
FNDA:0,(anonymous_5)
FNDA:0,(anonymous_6)
FNDA:0,(anonymous_7)
FNDA:1,(anonymous_8)
FNDA:0,(anonymous_9)
DA:14,1
DA:16,1
DA:17,0
DA:18,0
DA:20,0
DA:24,1
DA:25,0
DA:26,0
DA:28,0
DA:32,1
DA:33,0
DA:34,0
DA:36,0
DA:40,1
DA:41,0
DA:42,0
DA:44,0
DA:48,1
DA:49,0
DA:50,0
DA:52,0
DA:56,1
DA:57,0
DA:58,0
DA:59,0
DA:66,0
DA:67,0
DA:68,0
DA:69,0
DA:70,0
DA:71,0
DA:72,0
DA:76,0
DA:80,0
DA:83,0
DA:87,1
DA:104,1
DA:190,1
DA:191,0
LF:39
LH:10
BRDA:58,0,0,0
BRDA:58,0,1,0
BRDA:67,1,0,0
BRDA:67,1,1,0
BRDA:106,2,0,1
BRDA:106,2,1,0
BRF:6
BRH:1
end_of_record
TN:
SF:E:\FINAL PROJECT\front-end-tanker-squad\src\components\MainTrainer\formPenilaian.js
FN:21,(anonymous_0)
FN:34,(anonymous_1)
FN:45,(anonymous_2)
FN:71,(anonymous_3)
FN:107,(anonymous_4)
FNF:5
FNH:1
FNDA:0,(anonymous_0)
FNDA:0,(anonymous_1)
FNDA:0,(anonymous_2)
FNDA:1,(anonymous_3)
FNDA:0,(anonymous_4)
DA:18,1
DA:21,1
DA:22,0
DA:23,0
DA:24,0
DA:26,0
DA:27,0
DA:30,0
DA:34,1
DA:35,0
DA:36,0
DA:37,0
DA:39,0
DA:45,1
DA:72,1
DA:107,2
DA:108,0
LF:17
LH:6
BRDA:23,0,0,0
BRDA:23,0,1,0
BRF:2
BRH:0
end_of_record
TN:
SF:E:\FINAL PROJECT\front-end-tanker-squad\src\components\MainTrainer\instruction.js
FNF:0
FNH:0
LF:0
LH:0
BRF:0
BRH:0
end_of_record
TN:
SF:E:\FINAL PROJECT\front-end-tanker-squad\src\components\MainTrainer\listClass.js
FN:12,(anonymous_0)
FN:22,(anonymous_1)
FN:32,(anonymous_2)
FN:44,(anonymous_3)
FN:47,(anonymous_4)
FN:67,(anonymous_5)
FN:79,(anonymous_6)
FN:115,(anonymous_7)
FNF:8
FNH:3
FNDA:0,(anonymous_0)
FNDA:1,(anonymous_1)
FNDA:0,(anonymous_2)
FNDA:1,(anonymous_3)
FNDA:0,(anonymous_4)
FNDA:0,(anonymous_5)
FNDA:1,(anonymous_6)
FNDA:0,(anonymous_7)
DA:6,1
DA:10,1
DA:13,0
DA:14,0
DA:18,0
DA:22,1
DA:23,1
DA:24,1
DA:25,0
DA:26,0
DA:28,1
DA:32,1
DA:33,0
DA:34,0
DA:35,0
DA:39,0
DA:44,1
DA:45,1
DA:46,1
DA:47,1
DA:48,0
DA:49,0
DA:50,0
DA:51,0
DA:52,0
DA:54,0
DA:55,0
DA:67,0
DA:80,1
DA:115,1
DA:116,0
DA:121,1
LF:32
LH:14
BRDA:45,0,0,1
BRDA:45,0,1,0
BRDA:49,1,0,0
BRDA:49,1,1,0
BRDA:51,2,0,0
BRDA:51,2,1,0
BRF:6
BRH:1
end_of_record
TN:
SF:E:\FINAL PROJECT\front-end-tanker-squad\src\components\MainTrainer\mainPageTrainer.js
FN:55,(anonymous_0)
FN:132,(anonymous_1)
FNF:2
FNH:1
FNDA:1,(anonymous_0)
FNDA:0,(anonymous_1)
DA:11,1
DA:23,1
DA:56,1
DA:57,0
DA:132,1
DA:133,0
DA:138,1
LF:7
LH:5
BRF:0
BRH:0
end_of_record
TN:
SF:E:\FINAL PROJECT\front-end-tanker-squad\src\components\MainTrainer\pdfTrainer.js
FN:9,(anonymous_0)
FN:48,(anonymous_1)
FNF:2
FNH:0
FNDA:0,(anonymous_0)
FNDA:0,(anonymous_1)
DA:10,0
DA:48,1
DA:49,0
LF:3
LH:1
BRF:0
BRH:0
end_of_record
TN:
SF:E:\FINAL PROJECT\front-end-tanker-squad\src\components\MainTrainer\trainerLesson.js
FN:20,(anonymous_0)
FN:30,(anonymous_1)
FN:44,(anonymous_2)
FN:58,(anonymous_3)
FN:72,(anonymous_4)
FN:91,(anonymous_5)
FN:110,(anonymous_6)
FN:125,(anonymous_7)
FN:133,(anonymous_8)
FN:141,(anonymous_9)
FN:149,(anonymous_10)
FN:168,(anonymous_11)
FN:175,(anonymous_12)
FN:183,(anonymous_13)
FN:191,(anonymous_14)
FN:211,(anonymous_15)
FN:219,(anonymous_16)
FN:227,(anonymous_17)
FN:235,(anonymous_18)
FN:254,(anonymous_19)
FN:262,(anonymous_20)
FN:270,(anonymous_21)
FN:278,(anonymous_22)
FN:286,(anonymous_23)
FN:294,(anonymous_24)
FN:302,(anonymous_25)
FN:310,(anonymous_26)
FN:318,(anonymous_27)
FN:329,(anonymous_28)
FN:340,(anonymous_29)
FN:351,(anonymous_30)
FN:362,(anonymous_31)
FN:370,(anonymous_32)
FN:381,(anonymous_33)
FN:448,(anonymous_34)
FN:514,(anonymous_35)
FN:580,(anonymous_36)
FN:646,(anonymous_37)
FN:648,(anonymous_38)
FN:652,(anonymous_39)
FN:667,(anonymous_40)
FN:669,(anonymous_41)
FN:673,(anonymous_42)
FN:688,(anonymous_43)
FN:690,(anonymous_44)
FN:694,(anonymous_45)
FN:709,(anonymous_46)
FN:755,(anonymous_47)
FNF:48
FNH:6
FNDA:2,(anonymous_0)
FNDA:2,(anonymous_1)
FNDA:2,(anonymous_2)
FNDA:2,(anonymous_3)
FNDA:0,(anonymous_4)
FNDA:0,(anonymous_5)
FNDA:0,(anonymous_6)
FNDA:0,(anonymous_7)
FNDA:0,(anonymous_8)
FNDA:0,(anonymous_9)
FNDA:0,(anonymous_10)
FNDA:0,(anonymous_11)
FNDA:0,(anonymous_12)
FNDA:0,(anonymous_13)
FNDA:0,(anonymous_14)
FNDA:0,(anonymous_15)
FNDA:0,(anonymous_16)
FNDA:0,(anonymous_17)
FNDA:0,(anonymous_18)
FNDA:0,(anonymous_19)
FNDA:0,(anonymous_20)
FNDA:0,(anonymous_21)
FNDA:0,(anonymous_22)
FNDA:0,(anonymous_23)
FNDA:0,(anonymous_24)
FNDA:0,(anonymous_25)
FNDA:0,(anonymous_26)
FNDA:0,(anonymous_27)
FNDA:0,(anonymous_28)
FNDA:0,(anonymous_29)
FNDA:0,(anonymous_30)
FNDA:0,(anonymous_31)
FNDA:2,(anonymous_32)
FNDA:0,(anonymous_33)
FNDA:0,(anonymous_34)
FNDA:0,(anonymous_35)
FNDA:0,(anonymous_36)
FNDA:0,(anonymous_37)
FNDA:0,(anonymous_38)
FNDA:0,(anonymous_39)
FNDA:0,(anonymous_40)
FNDA:0,(anonymous_41)
FNDA:0,(anonymous_42)
FNDA:0,(anonymous_43)
FNDA:0,(anonymous_44)
FNDA:0,(anonymous_45)
FNDA:2,(anonymous_46)
FNDA:0,(anonymous_47)
DA:17,2
DA:20,2
DA:21,2
DA:22,2
DA:23,2
DA:24,2
DA:26,0
DA:30,2
DA:31,2
DA:32,2
DA:33,0
DA:34,0
DA:35,0
DA:37,0
DA:40,2
DA:44,2
DA:45,2
DA:46,2
DA:47,0
DA:48,0
DA:49,0
DA:51,0
DA:54,2
DA:58,2
DA:59,2
DA:60,2
DA:61,0
DA:62,0
DA:63,0
DA:65,0
DA:68,2
DA:72,2
DA:73,0
DA:74,0
DA:75,0
DA:80,0
DA:81,0
DA:87,0
DA:91,2
DA:92,0
DA:93,0
DA:94,0
DA:99,0
DA:100,0
DA:106,0
DA:110,2
DA:111,0
DA:112,0
DA:113,0
DA:118,0
DA:121,0
DA:125,2
DA:126,0
DA:127,0
DA:129,0
DA:133,2
DA:134,0
DA:135,0
DA:137,0
DA:141,2
DA:142,0
DA:143,0
DA:145,0
DA:149,2
DA:150,0
DA:151,0
DA:152,0
DA:153,0
DA:154,0
DA:155,0
DA:156,0
DA:157,0
DA:158,0
DA:159,0
DA:160,0
DA:162,0
DA:165,0
DA:168,2
DA:169,0
DA:170,0
DA:172,0
DA:175,2
DA:176,0
DA:177,0
DA:179,0
DA:183,2
DA:184,0
DA:185,0
DA:187,0
DA:191,2
DA:192,0
DA:193,0
DA:194,0
DA:195,0
DA:196,0
DA:197,0
DA:198,0
DA:199,0
DA:200,0
DA:201,0
DA:202,0
DA:204,0
DA:207,0
DA:211,2
DA:212,0
DA:213,0
DA:215,0
DA:219,2
DA:220,0
DA:221,0
DA:223,0
DA:227,2
DA:228,0
DA:229,0
DA:231,0
DA:235,2
DA:236,0
DA:237,0
DA:238,0
DA:239,0
DA:240,0
DA:241,0
DA:242,0
DA:243,0
DA:244,0
DA:245,0
DA:246,0
DA:248,0
DA:251,0
DA:254,2
DA:255,0
DA:256,0
DA:258,0
DA:262,2
DA:263,0
DA:264,0
DA:266,0
DA:270,2
DA:271,0
DA:272,0
DA:274,0
DA:278,2
DA:279,0
DA:280,0
DA:282,0
DA:286,2
DA:287,0
DA:288,0
DA:290,0
DA:294,2
DA:295,0
DA:296,0
DA:298,0
DA:302,2
DA:303,0
DA:304,0
DA:306,0
DA:310,2
DA:311,0
DA:312,0
DA:314,0
DA:318,2
DA:319,0
DA:320,0
DA:322,0
DA:329,2
DA:330,0
DA:331,0
DA:334,0
DA:336,0
DA:340,2
DA:341,0
DA:342,0
DA:345,0
DA:347,0
DA:351,2
DA:352,0
DA:353,0
DA:356,0
DA:358,0
DA:362,2
DA:363,0
DA:370,2
DA:371,2
DA:381,2
DA:382,0
DA:448,2
DA:449,0
DA:450,0
DA:466,0
DA:467,0
DA:488,0
DA:489,0
DA:514,2
DA:515,0
DA:516,0
DA:532,0
DA:533,0
DA:554,0
DA:555,0
DA:580,2
DA:581,0
DA:582,0
DA:598,0
DA:599,0
DA:620,0
DA:621,0
DA:646,2
DA:647,0
DA:648,0
DA:649,0
DA:652,0
DA:667,2
DA:668,0
DA:669,0
DA:670,0
DA:673,0
DA:688,2
DA:689,0
DA:690,0
DA:691,0
DA:694,0
DA:710,2
DA:711,2
DA:712,2
DA:713,2
DA:714,2
DA:715,2
DA:716,2
DA:717,2
DA:718,2
DA:719,2
DA:720,2
DA:755,2
DA:756,0
DA:763,2
LF:236
LH:68
BRDA:34,0,0,0
BRDA:34,0,1,0
BRDA:48,1,0,0
BRDA:48,1,1,0
BRDA:62,2,0,0
BRDA:62,2,1,0
BRDA:74,3,0,0
BRDA:74,3,1,0
BRDA:93,4,0,0
BRDA:93,4,1,0
BRDA:112,5,0,0
BRDA:112,5,1,0
BRDA:157,6,0,0
BRDA:157,6,1,0
BRDA:199,7,0,0
BRDA:199,7,1,0
BRDA:243,8,0,0
BRDA:243,8,1,0
BRDA:449,9,0,0
BRDA:449,9,1,0
BRDA:466,10,0,0
BRDA:466,10,1,0
BRDA:488,11,0,0
BRDA:488,11,1,0
BRDA:515,12,0,0
BRDA:515,12,1,0
BRDA:532,13,0,0
BRDA:532,13,1,0
BRDA:554,14,0,0
BRDA:554,14,1,0
BRDA:581,15,0,0
BRDA:581,15,1,0
BRDA:598,16,0,0
BRDA:598,16,1,0
BRDA:620,17,0,0
BRDA:620,17,1,0
BRDA:647,18,0,0
BRDA:647,18,1,0
BRDA:668,19,0,0
BRDA:668,19,1,0
BRDA:689,20,0,0
BRDA:689,20,1,0
BRDA:737,21,0,2
BRDA:737,21,1,0
BRDA:738,22,0,0
BRDA:738,22,1,2
BRDA:739,23,0,0
BRDA:739,23,1,2
BRDA:740,24,0,0
BRDA:740,24,1,2
BRDA:741,25,0,0
BRDA:741,25,1,2
BRDA:742,26,0,0
BRDA:742,26,1,2
BRDA:744,27,0,0
BRDA:744,27,1,2
BRDA:745,28,0,0
BRDA:745,28,1,2
BRDA:746,29,0,0
BRDA:746,29,1,2
BRF:60
BRH:9
end_of_record
TN:
SF:E:\FINAL PROJECT\front-end-tanker-squad\src\components\MainTrainer\tugasTrainer.js
FN:9,(anonymous_0)
FN:45,(anonymous_1)
FNF:2
FNH:0
FNDA:0,(anonymous_0)
FNDA:0,(anonymous_1)
DA:10,0
DA:45,0
DA:46,0
LF:3
LH:0
BRF:0
BRH:0
end_of_record
TN:
SF:E:\FINAL PROJECT\front-end-tanker-squad\src\components\MainTrainer\videoTrainer.js
FN:10,(anonymous_0)
FN:22,(anonymous_1)
FN:50,(anonymous_2)
FNF:3
FNH:1
FNDA:1,(anonymous_0)
FNDA:0,(anonymous_1)
FNDA:0,(anonymous_2)
DA:11,1
DA:50,1
DA:51,0
LF:3
LH:2
BRF:0
BRH:0
end_of_record
TN:
SF:E:\FINAL PROJECT\front-end-tanker-squad\src\components\MainTrainer\subjectSelection\Subject.js
FN:9,(anonymous_0)
FN:17,(anonymous_1)
FN:27,(anonymous_2)
FN:29,(anonymous_3)
FN:45,(anonymous_4)
FN:53,(anonymous_5)
FN:72,(anonymous_6)
FNF:7
FNH:4
FNDA:1,(anonymous_0)
FNDA:1,(anonymous_1)
FNDA:1,(anonymous_2)
FNDA:0,(anonymous_3)
FNDA:0,(anonymous_4)
FNDA:1,(anonymous_5)
FNDA:0,(anonymous_6)
DA:7,1
DA:10,1
DA:11,1
DA:13,0
DA:17,1
DA:18,1
DA:19,1
DA:20,0
DA:21,0
DA:23,1
DA:27,1
DA:28,1
DA:29,1
DA:30,0
DA:37,0
DA:45,1
DA:46,0
DA:47,0
DA:49,0
DA:54,1
DA:68,2
DA:72,2
DA:73,0
LF:23
LH:14
BRDA:28,0,0,1
BRDA:28,0,1,0
BRF:2
BRH:1
end_of_record
TN:
SF:E:\FINAL PROJECT\front-end-tanker-squad\src\components\Navbars\ExamplesNavbar.js
FN:10,(anonymous_0)
FN:20,(anonymous_1)
FN:44,(anonymous_2)
FNF:3
FNH:1
FNDA:0,(anonymous_0)
FNDA:1,(anonymous_1)
FNDA:0,(anonymous_2)
DA:8,1
DA:10,1
DA:11,0
DA:12,0
DA:14,0
DA:21,1
DA:22,1
DA:23,0
DA:25,0
DA:44,0
DA:72,1
LF:11
LH:5
BRDA:22,0,0,0
BRDA:22,0,1,1
BRDA:23,1,0,0
BRDA:32,2,0,0
BRDA:32,2,1,0
BRDA:79,3,0,0
BRDA:79,3,1,1
BRF:7
BRH:2
end_of_record
TN:
SF:E:\FINAL PROJECT\front-end-tanker-squad\src\components\Navbars\MainNavbarTrainee.js
FN:17,(anonymous_0)
FN:24,(anonymous_1)
FN:35,(anonymous_2)
FN:43,(anonymous_3)
FN:108,(anonymous_4)
FN:133,(anonymous_5)
FN:179,(anonymous_6)
FNF:7
FNH:0
FNDA:0,(anonymous_0)
FNDA:0,(anonymous_1)
FNDA:0,(anonymous_2)
FNDA:0,(anonymous_3)
FNDA:0,(anonymous_4)
FNDA:0,(anonymous_5)
FNDA:0,(anonymous_6)
DA:9,14
DA:12,0
DA:17,0
DA:18,0
DA:19,0
DA:20,0
DA:25,0
DA:26,0
DA:27,0
DA:31,0
DA:35,0
DA:36,0
DA:37,0
DA:39,0
DA:43,0
DA:44,0
DA:45,0
DA:46,0
DA:47,0
DA:49,0
DA:50,0
DA:52,0
DA:53,0
DA:55,0
DA:59,0
DA:61,0
DA:65,0
DA:67,0
DA:72,0
DA:74,0
DA:79,0
DA:81,0
DA:86,0
DA:88,0
DA:93,0
DA:95,0
DA:100,0
DA:102,0
DA:110,0
DA:111,0
DA:113,0
DA:115,0
DA:133,0
DA:179,14
DA:180,0
DA:186,14
LF:46
LH:3
BRDA:25,0,0,0
BRDA:25,0,1,0
BRDA:52,1,0,0
BRDA:52,1,1,0
BRDA:53,2,0,0
BRDA:53,2,1,0
BRDA:53,2,2,0
BRDA:53,2,3,0
BRDA:53,2,4,0
BRDA:53,2,5,0
BRDA:53,2,6,0
BRDA:53,2,7,0
BRDA:110,3,0,0
BRDA:110,3,1,0
BRF:14
BRH:0
end_of_record
TN:
SF:E:\FINAL PROJECT\front-end-tanker-squad\src\components\Navbars\MainNavbarTrainer.js
FN:16,(anonymous_0)
FN:23,(anonymous_1)
FN:34,(anonymous_2)
FN:42,(anonymous_3)
FN:121,(anonymous_4)
FN:152,(anonymous_5)
FN:187,(anonymous_6)
FNF:7
FNH:0
FNDA:0,(anonymous_0)
FNDA:0,(anonymous_1)
FNDA:0,(anonymous_2)
FNDA:0,(anonymous_3)
FNDA:0,(anonymous_4)
FNDA:0,(anonymous_5)
FNDA:0,(anonymous_6)
DA:14,0
DA:16,0
DA:17,0
DA:18,0
DA:19,0
DA:24,0
DA:25,0
DA:26,0
DA:30,0
DA:34,0
DA:35,0
DA:36,0
DA:38,0
DA:42,0
DA:43,0
DA:44,0
DA:45,0
DA:47,0
DA:51,0
DA:53,0
DA:57,0
DA:59,0
DA:63,0
DA:65,0
DA:70,0
DA:72,0
DA:77,0
DA:79,0
DA:84,0
DA:86,0
DA:91,0
DA:93,0
DA:98,0
DA:100,0
DA:105,0
DA:107,0
DA:112,0
DA:117,0
DA:123,0
DA:124,0
DA:126,0
DA:128,0
DA:152,0
DA:187,15
DA:188,0
DA:193,15
LF:46
LH:2
BRDA:24,0,0,0
BRDA:24,0,1,0
BRDA:44,1,0,0
BRDA:44,1,1,0
BRDA:45,2,0,0
BRDA:45,2,1,0
BRDA:45,2,2,0
BRDA:45,2,3,0
BRDA:45,2,4,0
BRDA:45,2,5,0
BRDA:45,2,6,0
BRDA:45,2,7,0
BRDA:45,2,8,0
BRDA:45,2,9,0
BRDA:45,2,10,0
BRDA:123,3,0,0
BRDA:123,3,1,0
BRF:17
BRH:0
end_of_record
TN:
SF:E:\FINAL PROJECT\front-end-tanker-squad\src\components\about\aboutTrainee.js
FN:7,(anonymous_0)
FNF:1
FNH:1
FNDA:1,(anonymous_0)
DA:8,1
LF:1
LH:1
BRF:0
BRH:0
end_of_record
TN:
SF:E:\FINAL PROJECT\front-end-tanker-squad\src\components\about\aboutTrainer.js
FN:7,(anonymous_0)
FNF:1
FNH:1
FNDA:1,(anonymous_0)
DA:8,1
LF:1
LH:1
BRF:0
BRH:0
end_of_record
TN:
SF:E:\FINAL PROJECT\front-end-tanker-squad\src\components\chat\ChatTrainee.js
FN:10,(anonymous_0)
FN:22,(anonymous_1)
FN:28,(anonymous_2)
FN:36,(anonymous_3)
FN:40,(anonymous_4)
FN:44,(anonymous_5)
FN:47,(anonymous_6)
FN:51,(anonymous_7)
FN:56,(anonymous_8)
FN:57,(anonymous_9)
FN:71,(anonymous_10)
FN:112,(anonymous_11)
FNF:12
FNH:5
FNDA:1,(anonymous_0)
FNDA:1,(anonymous_1)
FNDA:0,(anonymous_2)
FNDA:0,(anonymous_3)
FNDA:0,(anonymous_4)
FNDA:0,(anonymous_5)
FNDA:1,(anonymous_6)
FNDA:0,(anonymous_7)
FNDA:1,(anonymous_8)
FNDA:0,(anonymous_9)
FNDA:1,(anonymous_10)
FNDA:0,(anonymous_11)
DA:11,1
DA:12,1
DA:22,1
DA:23,1
DA:24,0
DA:25,0
DA:28,1
DA:29,0
DA:30,0
DA:31,0
DA:32,0
DA:33,0
DA:34,0
DA:36,1
DA:37,0
DA:40,1
DA:41,0
DA:44,1
DA:45,0
DA:47,1
DA:48,1
DA:51,1
DA:52,0
DA:53,0
DA:56,1
DA:57,1
DA:58,0
DA:72,1
DA:73,1
DA:112,1
DA:113,0
LF:31
LH:16
BRDA:80,0,0,0
BRDA:80,0,1,1
BRDA:81,1,0,1
BRDA:81,1,1,0
BRDA:95,2,0,0
BRDA:95,2,1,1
BRF:6
BRH:3
end_of_record
TN:
SF:E:\FINAL PROJECT\front-end-tanker-squad\src\components\chat\ChatTrainer.js
FN:10,(anonymous_0)
FN:22,(anonymous_1)
FN:28,(anonymous_2)
FN:36,(anonymous_3)
FN:40,(anonymous_4)
FN:44,(anonymous_5)
FN:47,(anonymous_6)
FN:51,(anonymous_7)
FN:56,(anonymous_8)
FN:57,(anonymous_9)
FN:71,(anonymous_10)
FN:112,(anonymous_11)
FNF:12
FNH:5
FNDA:1,(anonymous_0)
FNDA:1,(anonymous_1)
FNDA:0,(anonymous_2)
FNDA:0,(anonymous_3)
FNDA:0,(anonymous_4)
FNDA:0,(anonymous_5)
FNDA:1,(anonymous_6)
FNDA:0,(anonymous_7)
FNDA:1,(anonymous_8)
FNDA:0,(anonymous_9)
FNDA:1,(anonymous_10)
FNDA:0,(anonymous_11)
DA:11,1
DA:12,1
DA:22,1
DA:23,1
DA:24,0
DA:25,0
DA:28,1
DA:29,0
DA:30,0
DA:31,0
DA:32,0
DA:33,0
DA:34,0
DA:36,1
DA:37,0
DA:40,1
DA:41,0
DA:44,1
DA:45,0
DA:47,1
DA:48,1
DA:51,1
DA:52,0
DA:53,0
DA:56,1
DA:57,1
DA:58,0
DA:72,1
DA:73,1
DA:112,1
DA:113,0
LF:31
LH:16
BRDA:80,0,0,0
BRDA:80,0,1,1
BRDA:81,1,0,1
BRDA:81,1,1,0
BRDA:95,2,0,0
BRDA:95,2,1,1
BRF:6
BRH:3
end_of_record
TN:
SF:E:\FINAL PROJECT\front-end-tanker-squad\src\components\error\404.js
FN:6,(anonymous_0)
FNF:1
FNH:0
FNDA:0,(anonymous_0)
DA:7,0
LF:1
LH:0
BRF:0
BRH:0
end_of_record
TN:
SF:E:\FINAL PROJECT\front-end-tanker-squad\src\components\error\505.js
FN:6,(anonymous_0)
FNF:1
FNH:0
FNDA:0,(anonymous_0)
DA:7,0
LF:1
LH:0
BRF:0
BRH:0
end_of_record
TN:
SF:E:\FINAL PROJECT\front-end-tanker-squad\src\components\landingPage\LandingPage.js
FN:25,(anonymous_0)
FN:36,(anonymous_1)
FNF:2
FNH:1
FNDA:0,(anonymous_0)
FNDA:1,(anonymous_1)
DA:21,1
DA:25,1
DA:26,0
DA:27,0
DA:31,0
DA:37,1
DA:268,1
LF:7
LH:4
BRF:0
BRH:0
end_of_record
TN:
SF:E:\FINAL PROJECT\front-end-tanker-squad\src\components\landingPage\SectionCarousel.js
FN:31,SectionCarousel
FN:34,(anonymous_1)
FN:37,(anonymous_2)
FN:40,(anonymous_3)
FN:45,(anonymous_4)
FN:50,(anonymous_5)
FN:71,(anonymous_6)
FN:90,(anonymous_7)
FN:103,(anonymous_8)
FNF:9
FNH:2
FNDA:1,SectionCarousel
FNDA:0,(anonymous_1)
FNDA:0,(anonymous_2)
FNDA:0,(anonymous_3)
FNDA:0,(anonymous_4)
FNDA:0,(anonymous_5)
FNDA:3,(anonymous_6)
FNDA:0,(anonymous_7)
FNDA:0,(anonymous_8)
DA:13,2
DA:32,1
DA:33,1
DA:34,1
DA:35,0
DA:37,1
DA:38,0
DA:40,1
DA:41,0
DA:42,0
DA:43,0
DA:45,1
DA:46,0
DA:47,0
DA:48,0
DA:50,1
DA:51,0
DA:52,0
DA:54,1
DA:72,3
DA:91,0
DA:92,0
DA:104,0
DA:105,0
LF:24
LH:10
BRDA:41,0,0,0
BRDA:41,0,1,0
BRDA:42,1,0,0
BRDA:42,1,1,0
BRDA:46,2,0,0
BRDA:46,2,1,0
BRDA:47,3,0,0
BRDA:47,3,1,0
BRDA:51,4,0,0
BRDA:51,4,1,0
BRF:10
BRH:0
end_of_record
TN:
SF:E:\FINAL PROJECT\front-end-tanker-squad\src\components\listClass\ViewClass.js
FN:22,(anonymous_0)
FN:33,(anonymous_1)
FN:44,(anonymous_2)
FN:54,(anonymous_3)
FN:62,(anonymous_4)
FN:70,(anonymous_5)
FN:80,(anonymous_6)
FN:88,(anonymous_7)
FN:97,(anonymous_8)
FN:108,(anonymous_9)
FN:110,(anonymous_10)
FN:114,(anonymous_11)
FN:124,(anonymous_12)
FN:133,(anonymous_13)
FN:158,(anonymous_14)
FN:174,(anonymous_15)
FNF:16
FNH:5
FNDA:0,(anonymous_0)
FNDA:1,(anonymous_1)
FNDA:1,(anonymous_2)
FNDA:1,(anonymous_3)
FNDA:0,(anonymous_4)
FNDA:0,(anonymous_5)
FNDA:0,(anonymous_6)
FNDA:0,(anonymous_7)
FNDA:0,(anonymous_8)
FNDA:1,(anonymous_9)
FNDA:0,(anonymous_10)
FNDA:0,(anonymous_11)
FNDA:0,(anonymous_12)
FNDA:0,(anonymous_13)
FNDA:1,(anonymous_14)
FNDA:0,(anonymous_15)
DA:16,1
DA:23,0
DA:24,0
DA:28,0
DA:33,1
DA:34,1
DA:35,1
DA:36,0
DA:37,0
DA:38,0
DA:40,1
DA:44,1
DA:45,1
DA:46,1
DA:47,1
DA:48,0
DA:50,1
DA:55,1
DA:56,1
DA:58,0
DA:62,1
DA:63,0
DA:64,0
DA:66,0
DA:70,1
DA:71,0
DA:72,0
DA:73,0
DA:74,0
DA:76,0
DA:80,1
DA:81,0
DA:82,0
DA:84,0
DA:88,1
DA:89,0
DA:90,0
DA:92,0
DA:97,1
DA:98,0
DA:99,0
DA:100,0
DA:104,0
DA:108,1
DA:109,1
DA:110,1
DA:111,0
DA:114,0
DA:124,0
DA:133,0
DA:159,1
DA:174,1
DA:175,0
DA:182,1
LF:54
LH:23
BRDA:33,0,0,1
BRDA:33,1,0,1
BRDA:109,2,0,1
BRDA:109,2,1,0
BRF:4
BRH:3
end_of_record
TN:
SF:E:\FINAL PROJECT\front-end-tanker-squad\src\components\listClass\pagination.js
FN:4,(anonymous_0)
FN:13,(anonymous_1)
FN:14,(anonymous_2)
FN:18,(anonymous_3)
FN:25,(anonymous_4)
FN:32,(anonymous_5)
FN:42,(anonymous_6)
FN:63,totalPages
FNF:8
FNH:2
FNDA:0,(anonymous_0)
FNDA:1,(anonymous_1)
FNDA:0,(anonymous_2)
FNDA:0,(anonymous_3)
FNDA:0,(anonymous_4)
FNDA:0,(anonymous_5)
FNDA:1,(anonymous_6)
FNDA:0,totalPages
DA:4,2
DA:5,0
DA:6,0
DA:8,0
DA:9,0
DA:13,2
DA:14,1
DA:15,0
DA:16,0
DA:19,0
DA:24,0
DA:25,0
DA:29,1
DA:32,2
DA:33,0
DA:34,0
DA:36,0
DA:37,0
DA:42,2
DA:43,1
DA:64,0
DA:65,0
DA:66,0
DA:68,0
LF:24
LH:7
BRDA:6,0,0,0
BRDA:6,0,1,0
BRDA:15,1,0,0
BRDA:15,1,1,0
BRDA:34,2,0,0
BRDA:34,2,1,0
BRF:6
BRH:0
end_of_record
TN:
SF:E:\FINAL PROJECT\front-end-tanker-squad\src\components\login\SignInTrainee.js
FN:27,(anonymous_0)
FN:37,(anonymous_1)
FN:62,(anonymous_2)
FN:82,(anonymous_3)
FN:90,(anonymous_4)
FN:100,(anonymous_5)
FNF:6
FNH:1
FNDA:0,(anonymous_0)
FNDA:0,(anonymous_1)
FNDA:0,(anonymous_2)
FNDA:0,(anonymous_3)
FNDA:0,(anonymous_4)
FNDA:1,(anonymous_5)
DA:21,1
DA:28,0
DA:29,0
DA:36,1
DA:37,1
DA:38,0
DA:39,0
DA:40,0
DA:41,0
DA:42,0
DA:43,0
DA:44,0
DA:45,0
DA:46,0
DA:47,0
DA:48,0
DA:51,0
DA:56,0
DA:57,0
DA:58,0
DA:62,1
DA:82,1
DA:83,0
DA:84,0
DA:86,0
DA:90,1
DA:91,0
DA:92,0
DA:94,0
DA:101,1
DA:150,1
LF:31
LH:8
BRDA:117,0,0,0
BRDA:117,0,1,1
BRF:2
BRH:1
end_of_record
TN:
SF:E:\FINAL PROJECT\front-end-tanker-squad\src\components\login\SignInTrainer.js
FN:27,(anonymous_0)
FN:36,(anonymous_1)
FN:60,(anonymous_2)
FN:80,(anonymous_3)
FN:88,(anonymous_4)
FN:97,(anonymous_5)
FNF:6
FNH:1
FNDA:0,(anonymous_0)
FNDA:0,(anonymous_1)
FNDA:0,(anonymous_2)
FNDA:0,(anonymous_3)
FNDA:0,(anonymous_4)
FNDA:1,(anonymous_5)
DA:21,1
DA:28,0
DA:29,0
DA:34,1
DA:36,1
DA:37,0
DA:38,0
DA:39,0
DA:40,0
DA:41,0
DA:42,0
DA:43,0
DA:44,0
DA:45,0
DA:46,0
DA:49,0
DA:54,0
DA:55,0
DA:57,0
DA:60,1
DA:80,1
DA:81,0
DA:82,0
DA:84,0
DA:88,1
DA:89,0
DA:90,0
DA:92,0
DA:98,1
DA:148,1
LF:30
LH:8
BRDA:114,0,0,0
BRDA:114,0,1,1
BRF:2
BRH:1
end_of_record
TN:
SF:E:\FINAL PROJECT\front-end-tanker-squad\src\components\modal\Modal.js
FN:5,(anonymous_0)
FNF:1
FNH:1
FNDA:2,(anonymous_0)
DA:6,2
LF:1
LH:1
BRDA:8,0,0,0
BRDA:8,0,1,2
BRF:2
BRH:1
end_of_record
TN:
SF:E:\FINAL PROJECT\front-end-tanker-squad\src\components\payment\Payment.js
FN:23,(anonymous_0)
FN:30,(anonymous_1)
FN:39,(anonymous_2)
FN:52,(anonymous_3)
FN:60,(anonymous_4)
FN:82,(anonymous_5)
FN:98,(anonymous_6)
FN:157,(anonymous_7)
FNF:8
FNH:0
FNDA:0,(anonymous_0)
FNDA:0,(anonymous_1)
FNDA:0,(anonymous_2)
FNDA:0,(anonymous_3)
FNDA:0,(anonymous_4)
FNDA:0,(anonymous_5)
FNDA:0,(anonymous_6)
FNDA:0,(anonymous_7)
DA:17,0
DA:21,0
DA:23,0
DA:24,0
DA:25,0
DA:27,0
DA:30,0
DA:31,0
DA:32,0
DA:34,0
DA:39,0
DA:40,0
DA:41,0
DA:42,0
DA:43,0
DA:44,0
DA:45,0
DA:46,0
DA:48,0
DA:52,0
DA:53,0
DA:54,0
DA:61,0
DA:62,0
DA:63,0
DA:64,0
DA:65,0
DA:66,0
DA:67,0
DA:68,0
DA:70,0
DA:73,0
DA:77,0
DA:82,0
DA:99,0
DA:157,0
DA:158,0
LF:37
LH:0
BRDA:61,0,0,0
BRDA:61,0,1,0
BRDA:64,1,0,0
BRDA:64,1,1,0
BRDA:67,2,0,0
BRDA:67,2,1,0
BRF:6
BRH:0
end_of_record
TN:
SF:E:\FINAL PROJECT\front-end-tanker-squad\src\components\profile\profileTrainee.js
FN:16,(anonymous_0)
FN:32,(anonymous_1)
FN:44,(anonymous_2)
FN:64,(anonymous_3)
FN:194,(anonymous_4)
FNF:5
FNH:1
FNDA:0,(anonymous_0)
FNDA:0,(anonymous_1)
FNDA:0,(anonymous_2)
FNDA:1,(anonymous_3)
FNDA:0,(anonymous_4)
DA:14,1
DA:16,1
DA:17,0
DA:18,0
DA:19,0
DA:20,0
DA:21,0
DA:22,0
DA:23,0
DA:26,0
DA:27,0
DA:28,0
DA:32,1
DA:33,0
DA:34,0
DA:38,0
DA:45,0
DA:46,0
DA:47,0
DA:48,0
DA:49,0
DA:50,0
DA:51,0
DA:52,0
DA:53,0
DA:54,0
DA:56,0
DA:60,0
DA:65,1
DA:194,1
DA:195,0
DA:202,1
LF:32
LH:6
BRDA:19,0,0,0
BRDA:19,0,1,0
BRDA:22,1,0,0
BRDA:22,1,1,0
BRDA:45,2,0,0
BRDA:45,2,1,0
BRDA:69,3,0,0
BRDA:69,3,1,1
BRF:8
BRH:1
end_of_record
TN:
SF:E:\FINAL PROJECT\front-end-tanker-squad\src\components\profile\profileTrainer.js
FN:12,(anonymous_0)
FN:28,(anonymous_1)
FN:154,(anonymous_2)
FNF:3
FNH:1
FNDA:0,(anonymous_0)
FNDA:1,(anonymous_1)
FNDA:0,(anonymous_2)
DA:10,1
DA:12,1
DA:13,0
DA:14,0
DA:18,0
DA:19,0
DA:20,0
DA:21,0
DA:22,0
DA:24,0
DA:29,1
DA:154,1
DA:155,0
LF:13
LH:4
BRF:0
BRH:0
end_of_record
TN:
SF:E:\FINAL PROJECT\front-end-tanker-squad\src\components\signup\SignUp.js
FN:25,(anonymous_0)
FN:33,(anonymous_1)
FN:41,(anonymous_2)
FN:49,(anonymous_3)
FN:57,(anonymous_4)
FN:65,(anonymous_5)
FN:73,(anonymous_6)
FN:81,(anonymous_7)
FN:94,(anonymous_8)
FN:106,(anonymous_9)
FN:140,(anonymous_10)
FN:157,(anonymous_11)
FN:219,(anonymous_12)
FNF:13
FNH:1
FNDA:0,(anonymous_0)
FNDA:0,(anonymous_1)
FNDA:0,(anonymous_2)
FNDA:0,(anonymous_3)
FNDA:0,(anonymous_4)
FNDA:0,(anonymous_5)
FNDA:0,(anonymous_6)
FNDA:0,(anonymous_7)
FNDA:0,(anonymous_8)
FNDA:0,(anonymous_9)
FNDA:0,(anonymous_10)
FNDA:1,(anonymous_11)
FNDA:0,(anonymous_12)
DA:18,1
DA:23,1
DA:25,1
DA:26,0
DA:27,0
DA:29,0
DA:33,1
DA:34,0
DA:35,0
DA:37,0
DA:41,1
DA:42,0
DA:43,0
DA:45,0
DA:49,1
DA:50,0
DA:51,0
DA:53,0
DA:57,1
DA:58,0
DA:59,0
DA:61,0
DA:65,1
DA:66,0
DA:67,0
DA:69,0
DA:73,1
DA:74,0
DA:75,0
DA:77,0
DA:81,1
DA:82,0
DA:83,0
DA:87,0
DA:88,0
DA:90,0
DA:94,1
DA:95,0
DA:96,0
DA:97,0
DA:98,0
DA:99,0
DA:100,0
DA:107,0
DA:108,0
DA:109,0
DA:110,0
DA:111,0
DA:112,0
DA:113,0
DA:115,0
DA:118,0
DA:120,0
DA:124,0
DA:127,0
DA:130,0
DA:133,0
DA:136,0
DA:140,1
DA:158,1
DA:219,1
DA:220,0
DA:226,1
LF:63
LH:15
BRDA:96,0,0,0
BRDA:96,0,1,0
BRDA:97,1,0,0
BRDA:97,1,1,0
BRDA:98,2,0,0
BRDA:98,2,1,0
BRDA:99,3,0,0
BRDA:99,3,1,0
BRDA:99,4,0,0
BRDA:99,4,1,0
BRDA:99,4,2,0
BRDA:99,4,3,0
BRDA:99,4,4,0
BRDA:108,5,0,0
BRDA:108,5,1,0
BRDA:174,6,0,0
BRDA:174,6,1,1
BRF:17
BRH:1
end_of_record
TN:
SF:E:\FINAL PROJECT\front-end-tanker-squad\src\components\signup\WebcamCapture.js
FN:11,(anonymous_0)
FN:21,(anonymous_1)
FN:35,(anonymous_2)
FN:48,(anonymous_3)
FN:52,(anonymous_4)
FN:62,(anonymous_5)
FNF:6
FNH:2
FNDA:1,(anonymous_0)
FNDA:0,(anonymous_1)
FNDA:0,(anonymous_2)
FNDA:0,(anonymous_3)
FNDA:1,(anonymous_4)
FNDA:0,(anonymous_5)
DA:8,1
DA:12,1
DA:13,1
DA:21,1
DA:22,0
DA:23,0
DA:24,0
DA:25,0
DA:26,0
DA:27,0
DA:28,0
DA:29,0
DA:31,0
DA:35,1
DA:36,0
DA:37,0
DA:38,0
DA:39,0
DA:40,0
DA:41,0
DA:42,0
DA:44,0
DA:48,1
DA:49,0
DA:53,1
DA:62,0
DA:81,1
LF:27
LH:8
BRDA:70,0,0,0
BRDA:70,0,1,1
BRDA:71,1,0,0
BRDA:71,1,1,1
BRF:4
BRH:2
end_of_record
TN:
SF:E:\FINAL PROJECT\front-end-tanker-squad\src\components\transaction\modal.js
FN:6,(anonymous_0)
FNF:1
FNH:0
FNDA:0,(anonymous_0)
DA:7,0
LF:1
LH:0
BRDA:9,0,0,0
BRDA:9,0,1,0
BRF:2
BRH:0
end_of_record
TN:
SF:E:\FINAL PROJECT\front-end-tanker-squad\src\components\transaction\topUp.js
FN:23,(anonymous_0)
FN:31,(anonymous_1)
FN:34,(anonymous_2)
FN:81,(anonymous_3)
FN:93,(anonymous_4)
FN:130,(anonymous_5)
FN:181,(anonymous_6)
FNF:7
FNH:2
FNDA:0,(anonymous_0)
FNDA:0,(anonymous_1)
FNDA:0,(anonymous_2)
FNDA:1,(anonymous_3)
FNDA:0,(anonymous_4)
FNDA:1,(anonymous_5)
FNDA:0,(anonymous_6)
DA:21,1
DA:23,1
DA:24,0
DA:25,0
DA:27,0
DA:31,1
DA:32,0
DA:34,1
DA:35,0
DA:36,0
DA:37,0
DA:42,0
DA:52,0
DA:53,0
DA:54,0
DA:55,0
DA:56,0
DA:57,0
DA:58,0
DA:59,0
DA:60,0
DA:64,0
DA:67,0
DA:70,0
DA:73,0
DA:76,0
DA:81,1
DA:82,1
DA:83,1
DA:84,0
DA:85,0
DA:87,1
DA:93,1
DA:131,1
DA:181,1
DA:182,0
DA:187,1
LF:37
LH:12
BRDA:35,0,0,0
BRDA:35,0,1,0
BRDA:56,1,0,0
BRDA:56,1,1,0
BRDA:148,2,0,0
BRDA:148,2,1,1
BRF:6
BRH:1
end_of_record
TN:
SF:E:\FINAL PROJECT\front-end-tanker-squad\src\components\transaction\viewSaldo.js
FN:21,(anonymous_0)
FN:32,(anonymous_1)
FN:69,(anonymous_2)
FN:119,(anonymous_3)
FNF:4
FNH:2
FNDA:1,(anonymous_0)
FNDA:0,(anonymous_1)
FNDA:1,(anonymous_2)
FNDA:0,(anonymous_3)
DA:16,1
DA:19,1
DA:21,1
DA:22,1
DA:23,1
DA:24,0
DA:25,0
DA:26,0
DA:28,1
DA:32,1
DA:70,1
DA:119,1
DA:120,0
DA:126,1
LF:14
LH:10
BRDA:87,0,0,0
BRDA:87,0,1,1
BRF:2
BRH:1
end_of_record
TN:
SF:E:\FINAL PROJECT\front-end-tanker-squad\src\reducers\image\index.js
FN:1,(anonymous_0)
FN:8,(anonymous_1)
FNF:2
FNH:2
FNDA:2,(anonymous_0)
FNDA:2,(anonymous_1)
DA:1,1
DA:2,2
DA:3,1
DA:5,1
DA:8,1
DA:9,2
DA:10,1
DA:12,1
LF:8
LH:8
BRDA:1,0,0,0
BRDA:2,1,0,1
BRDA:2,1,1,1
BRDA:8,2,0,0
BRDA:9,3,0,1
BRDA:9,3,1,1
BRF:6
BRH:4
end_of_record
TN:
SF:E:\FINAL PROJECT\front-end-tanker-squad\src\reducers\navbar\index.js
FN:1,(anonymous_0)
FNF:1
FNH:1
FNDA:2,(anonymous_0)
DA:1,1
DA:2,2
DA:3,1
DA:5,1
LF:4
LH:4
BRDA:1,0,0,0
BRDA:2,1,0,1
BRDA:2,1,1,1
BRF:3
BRH:2
end_of_record
TN:
SF:E:\FINAL PROJECT\front-end-tanker-squad\src\reducers\payment\index.js
FN:1,(anonymous_0)
FNF:1
FNH:1
FNDA:2,(anonymous_0)
DA:1,1
DA:2,2
DA:3,1
DA:5,1
LF:4
LH:4
BRDA:1,0,0,0
BRDA:2,1,0,1
BRDA:2,1,1,1
BRF:3
BRH:2
end_of_record
TN:
SF:E:\FINAL PROJECT\front-end-tanker-squad\src\reducers\saldo\index.js
FN:1,(anonymous_0)
FNF:1
FNH:1
FNDA:2,(anonymous_0)
DA:1,1
DA:2,2
DA:3,1
DA:5,1
LF:4
LH:4
BRDA:1,0,0,0
BRDA:2,1,0,1
BRDA:2,1,1,1
BRF:3
BRH:2
end_of_record
TN:
SF:E:\FINAL PROJECT\front-end-tanker-squad\src\reducers\subject\index.js
FN:1,(anonymous_0)
FNF:1
FNH:1
FNDA:2,(anonymous_0)
DA:1,1
DA:2,2
DA:3,1
DA:5,1
LF:4
LH:4
BRDA:1,0,0,0
BRDA:2,1,0,1
BRDA:2,1,1,1
BRF:3
BRH:2
end_of_record
TN:
SF:E:\FINAL PROJECT\front-end-tanker-squad\src\reducers\token\index.js
FN:2,(anonymous_0)
FNF:1
FNH:1
FNDA:2,(anonymous_0)
DA:2,1
DA:3,2
DA:4,1
DA:6,1
LF:4
LH:4
BRDA:2,0,0,0
BRDA:3,1,0,1
BRDA:3,1,1,1
BRF:3
BRH:2
end_of_record
TN:
SF:E:\FINAL PROJECT\front-end-tanker-squad\src\reducers\trainee\index.js
FN:1,(anonymous_0)
FN:9,(anonymous_1)
FN:16,(anonymous_2)
FN:23,(anonymous_3)
FN:30,(anonymous_4)
FN:37,(anonymous_5)
FN:44,(anonymous_6)
FN:51,(anonymous_7)
FNF:8
FNH:8
FNDA:2,(anonymous_0)
FNDA:2,(anonymous_1)
FNDA:2,(anonymous_2)
FNDA:2,(anonymous_3)
FNDA:2,(anonymous_4)
FNDA:2,(anonymous_5)
FNDA:2,(anonymous_6)
FNDA:2,(anonymous_7)
DA:1,1
DA:2,2
DA:3,1
DA:5,1
DA:9,1
DA:10,2
DA:11,1
DA:13,1
DA:16,1
DA:17,2
DA:18,1
DA:20,1
DA:23,1
DA:24,2
DA:25,1
DA:27,1
DA:30,1
DA:31,2
DA:32,1
DA:34,1
DA:37,1
DA:38,2
DA:39,1
DA:41,1
DA:44,1
DA:45,2
DA:46,1
DA:48,1
DA:51,1
DA:52,2
DA:53,1
DA:55,1
LF:32
LH:32
BRDA:1,0,0,0
BRDA:2,1,0,1
BRDA:2,1,1,1
BRDA:9,2,0,0
BRDA:10,3,0,1
BRDA:10,3,1,1
BRDA:16,4,0,0
BRDA:17,5,0,1
BRDA:17,5,1,1
BRDA:23,6,0,0
BRDA:24,7,0,1
BRDA:24,7,1,1
BRDA:30,8,0,0
BRDA:31,9,0,1
BRDA:31,9,1,1
BRDA:37,10,0,0
BRDA:38,11,0,1
BRDA:38,11,1,1
BRDA:44,12,0,0
BRDA:45,13,0,1
BRDA:45,13,1,1
BRDA:51,14,0,0
BRDA:52,15,0,1
BRDA:52,15,1,1
BRF:24
BRH:16
end_of_record
TN:
SF:E:\FINAL PROJECT\front-end-tanker-squad\src\reducers\trainer\index.js
FN:1,(anonymous_0)
FN:8,(anonymous_1)
FN:16,(anonymous_2)
FN:23,(anonymous_3)
FN:30,(anonymous_4)
FN:37,(anonymous_5)
FN:44,(anonymous_6)
FN:51,(anonymous_7)
FNF:8
FNH:8
FNDA:2,(anonymous_0)
FNDA:2,(anonymous_1)
FNDA:2,(anonymous_2)
FNDA:2,(anonymous_3)
FNDA:2,(anonymous_4)
FNDA:2,(anonymous_5)
FNDA:2,(anonymous_6)
FNDA:2,(anonymous_7)
DA:1,1
DA:2,2
DA:3,1
DA:5,1
DA:8,1
DA:9,2
DA:10,1
DA:12,1
DA:16,1
DA:17,2
DA:18,1
DA:20,1
DA:23,1
DA:24,2
DA:25,1
DA:27,1
DA:30,1
DA:31,2
DA:32,1
DA:34,1
DA:37,1
DA:38,2
DA:39,1
DA:41,1
DA:44,1
DA:45,2
DA:46,1
DA:48,1
DA:51,1
DA:52,2
DA:53,1
DA:55,1
LF:32
LH:32
BRDA:1,0,0,0
BRDA:2,1,0,1
BRDA:2,1,1,1
BRDA:8,2,0,0
BRDA:9,3,0,1
BRDA:9,3,1,1
BRDA:16,4,0,0
BRDA:17,5,0,1
BRDA:17,5,1,1
BRDA:23,6,0,0
BRDA:24,7,0,1
BRDA:24,7,1,1
BRDA:30,8,0,0
BRDA:31,9,0,1
BRDA:31,9,1,1
BRDA:37,10,0,0
BRDA:38,11,0,1
BRDA:38,11,1,1
BRDA:44,12,0,0
BRDA:45,13,0,1
BRDA:45,13,1,1
BRDA:51,14,0,0
BRDA:52,15,0,1
BRDA:52,15,1,1
BRF:24
BRH:16
end_of_record
TN:
SF:E:\FINAL PROJECT\front-end-tanker-squad\src\reducers\user\index.js
FN:1,(anonymous_0)
FN:8,(anonymous_1)
FNF:2
FNH:2
FNDA:2,(anonymous_0)
FNDA:2,(anonymous_1)
DA:1,1
DA:2,2
DA:3,1
DA:5,1
DA:8,1
DA:9,2
DA:10,1
DA:12,1
LF:8
LH:8
BRDA:1,0,0,0
BRDA:2,1,0,1
BRDA:2,1,1,1
BRDA:8,2,0,0
BRDA:9,3,0,1
BRDA:9,3,1,1
BRF:6
BRH:4
end_of_record
TN:
SF:E:\FINAL PROJECT\front-end-tanker-squad\src\reducers\user\class\index.js
FN:1,(anonymous_0)
FN:8,(anonymous_1)
FN:16,(anonymous_2)
FNF:3
FNH:3
FNDA:2,(anonymous_0)
FNDA:2,(anonymous_1)
FNDA:2,(anonymous_2)
DA:1,1
DA:2,2
DA:3,1
DA:5,1
DA:8,1
DA:9,2
DA:10,1
DA:12,1
DA:16,1
DA:17,2
DA:18,1
LF:11
LH:11
BRDA:1,0,0,0
BRDA:2,1,0,1
BRDA:2,1,1,1
BRDA:8,2,0,0
BRDA:9,3,0,1
BRDA:9,3,1,1
BRDA:16,4,0,0
BRDA:17,5,0,1
BRDA:17,5,1,1
BRF:9
BRH:6
end_of_record
TN:
SF:E:\FINAL PROJECT\front-end-tanker-squad\src\store\configureStore.js
FN:76,(anonymous_0)
FN:85,(anonymous_1)
FNF:2
FNH:0
FNDA:0,(anonymous_0)
FNDA:0,(anonymous_1)
DA:33,0
DA:37,0
DA:45,0
DA:76,0
DA:77,0
DA:78,0
DA:80,0
DA:83,0
DA:86,0
DA:87,0
DA:88,0
LF:11
LH:0
BRDA:77,0,0,0
BRDA:77,0,1,0
BRF:2
BRH:0
end_of_record
